{"/home/runner/work/portfolio/portfolio/src-code/src/app/app.ts": {"path":"/home/runner/work/portfolio/portfolio/src-code/src/app/app.ts","statementMap":{"0":{"start":{"line":37,"column":7},"end":{"line":87,"column":null}},"1":{"start":{"line":49,"column":25},"end":{"line":49,"column":45}},"2":{"start":{"line":38,"column":18},"end":{"line":38,"column":null}},"3":{"start":{"line":39,"column":18},"end":{"line":39,"column":null}},"4":{"start":{"line":40,"column":18},"end":{"line":40,"column":null}},"5":{"start":{"line":41,"column":18},"end":{"line":41,"column":null}},"6":{"start":{"line":42,"column":18},"end":{"line":42,"column":null}},"7":{"start":{"line":43,"column":18},"end":{"line":43,"column":null}},"8":{"start":{"line":52,"column":2},"end":{"line":86,"column":null}},"9":{"start":{"line":56,"column":3},"end":{"line":79,"column":null}},"10":{"start":{"line":57,"column":44},"end":{"line":57,"column":70}},"11":{"start":{"line":59,"column":22},"end":{"line":59,"column":null}},"12":{"start":{"line":61,"column":5},"end":{"line":78,"column":null}},"13":{"start":{"line":63,"column":6},"end":{"line":72,"column":null}},"14":{"start":{"line":64,"column":18},"end":{"line":64,"column":null}},"15":{"start":{"line":65,"column":7},"end":{"line":65,"column":null}},"16":{"start":{"line":65,"column":16},"end":{"line":65,"column":null}},"17":{"start":{"line":67,"column":23},"end":{"line":67,"column":null}},"18":{"start":{"line":69,"column":7},"end":{"line":71,"column":null}},"19":{"start":{"line":70,"column":8},"end":{"line":70,"column":null}},"20":{"start":{"line":75,"column":6},"end":{"line":77,"column":null}},"21":{"start":{"line":76,"column":7},"end":{"line":76,"column":null}},"22":{"start":{"line":81,"column":3},"end":{"line":85,"column":null}},"23":{"start":{"line":82,"column":4},"end":{"line":82,"column":null}},"24":{"start":{"line":83,"column":4},"end":{"line":83,"column":null}},"25":{"start":{"line":84,"column":4},"end":{"line":84,"column":null}},"26":{"start":{"line":37,"column":13},"end":{"line":37,"column":null}}},"fnMap":{"0":{"name":"constructor","decl":{"start":{"line":51,"column":1},"end":{"line":51,"column":null}},"loc":{"start":{"line":51,"column":1},"end":{"line":87,"column":null}},"line":51},"1":{"name":"(anonymous_1)","decl":{"start":{"line":57,"column":17},"end":{"line":57,"column":18}},"loc":{"start":{"line":57,"column":44},"end":{"line":57,"column":70}},"line":57},"2":{"name":"(anonymous_2)","decl":{"start":{"line":58,"column":15},"end":{"line":58,"column":16}},"loc":{"start":{"line":58,"column":25},"end":{"line":79,"column":5}},"line":58},"3":{"name":"(anonymous_3)","decl":{"start":{"line":63,"column":17},"end":{"line":63,"column":22}},"loc":{"start":{"line":63,"column":22},"end":{"line":72,"column":9}},"line":63},"4":{"name":"(anonymous_4)","decl":{"start":{"line":81,"column":14},"end":{"line":81,"column":19}},"loc":{"start":{"line":81,"column":19},"end":{"line":85,"column":6}},"line":81}},"branchMap":{"0":{"loc":{"start":{"line":52,"column":2},"end":{"line":86,"column":null}},"type":"if","locations":[{"start":{"line":52,"column":2},"end":{"line":86,"column":null}},{"start":{},"end":{}}],"line":52},"1":{"loc":{"start":{"line":61,"column":5},"end":{"line":78,"column":null}},"type":"if","locations":[{"start":{"line":61,"column":5},"end":{"line":78,"column":null}},{"start":{"line":73,"column":12},"end":{"line":78,"column":null}}],"line":61},"2":{"loc":{"start":{"line":65,"column":7},"end":{"line":65,"column":null}},"type":"if","locations":[{"start":{"line":65,"column":7},"end":{"line":65,"column":null}},{"start":{},"end":{}}],"line":65},"3":{"loc":{"start":{"line":69,"column":7},"end":{"line":71,"column":null}},"type":"if","locations":[{"start":{"line":69,"column":7},"end":{"line":71,"column":null}},{"start":{},"end":{}}],"line":69},"4":{"loc":{"start":{"line":75,"column":6},"end":{"line":77,"column":null}},"type":"if","locations":[{"start":{"line":75,"column":6},"end":{"line":77,"column":null}},{"start":{},"end":{}}],"line":75}},"s":{"0":1,"1":1,"2":1,"3":1,"4":1,"5":1,"6":1,"7":1,"8":1,"9":1,"10":4,"11":1,"12":1,"13":0,"14":0,"15":0,"16":0,"17":0,"18":0,"19":0,"20":1,"21":1,"22":1,"23":0,"24":0,"25":0,"26":1},"f":{"0":1,"1":4,"2":1,"3":0,"4":0},"b":{"0":[1,0],"1":[0,1],"2":[0,0],"3":[0,0],"4":[1,0]},"meta":{"lastBranch":5,"lastFunction":5,"lastStatement":27,"seen":{"s:37:7:87:Infinity":0,"s:49:25:49:45":1,"f:51:1:51:Infinity":0,"s:38:18:38:Infinity":2,"s:39:18:39:Infinity":3,"s:40:18:40:Infinity":4,"s:41:18:41:Infinity":5,"s:42:18:42:Infinity":6,"s:43:18:43:Infinity":7,"b:52:2:86:Infinity:undefined:undefined:undefined:undefined":0,"s:52:2:86:Infinity":8,"s:56:3:79:Infinity":9,"f:57:17:57:18":1,"s:57:44:57:70":10,"f:58:15:58:16":2,"s:59:22:59:Infinity":11,"b:61:5:78:Infinity:73:12:78:Infinity":1,"s:61:5:78:Infinity":12,"s:63:6:72:Infinity":13,"f:63:17:63:22":3,"s:64:18:64:Infinity":14,"b:65:7:65:Infinity:undefined:undefined:undefined:undefined":2,"s:65:7:65:Infinity":15,"s:65:16:65:Infinity":16,"s:67:23:67:Infinity":17,"b:69:7:71:Infinity:undefined:undefined:undefined:undefined":3,"s:69:7:71:Infinity":18,"s:70:8:70:Infinity":19,"b:75:6:77:Infinity:undefined:undefined:undefined:undefined":4,"s:75:6:77:Infinity":20,"s:76:7:76:Infinity":21,"s:81:3:85:Infinity":22,"f:81:14:81:19":4,"s:82:4:82:Infinity":23,"s:83:4:83:Infinity":24,"s:84:4:84:Infinity":25,"s:37:13:37:Infinity":26},"fnNames":{}}}
,"/home/runner/work/portfolio/portfolio/src-code/src/app/entities/experience/model/experience.data.ts": {"path":"/home/runner/work/portfolio/portfolio/src-code/src/app/entities/experience/model/experience.data.ts","statementMap":{"0":{"start":{"line":5,"column":1},"end":{"line":26,"column":null}}},"fnMap":{"0":{"name":"getExperienceData","decl":{"start":{"line":4,"column":16},"end":{"line":4,"column":34}},"loc":{"start":{"line":4,"column":68},"end":{"line":29,"column":null}},"line":4}},"branchMap":{},"s":{"0":1},"f":{"0":1},"b":{},"meta":{"lastBranch":0,"lastFunction":1,"lastStatement":1,"seen":{"f:4:16:4:34":0,"s:5:1:26:Infinity":0},"fnNames":{}}}
,"/home/runner/work/portfolio/portfolio/src-code/src/app/entities/experience/model/star.data.ts": {"path":"/home/runner/work/portfolio/portfolio/src-code/src/app/entities/experience/model/star.data.ts","statementMap":{"0":{"start":{"line":3,"column":40},"end":{"line":130,"column":null}}},"fnMap":{},"branchMap":{},"s":{"0":1},"f":{},"b":{},"meta":{"lastBranch":0,"lastFunction":0,"lastStatement":1,"seen":{"s:3:40:130:Infinity":0},"fnNames":{}}}
,"/home/runner/work/portfolio/portfolio/src-code/src/app/entities/experience/ui/experience-item.component.css": {"path":"/home/runner/work/portfolio/portfolio/src-code/src/app/entities/experience/ui/experience-item.component.css","statementMap":{},"fnMap":{},"branchMap":{},"s":{},"f":{},"b":{},"meta":{"lastBranch":0,"lastFunction":0,"lastStatement":0,"seen":{},"fnNames":{}}}
,"/home/runner/work/portfolio/portfolio/src-code/src/app/entities/experience/ui/experience-item.component.html": {"path":"/home/runner/work/portfolio/portfolio/src-code/src/app/entities/experience/ui/experience-item.component.html","statementMap":{},"fnMap":{},"branchMap":{},"s":{},"f":{},"b":{},"meta":{"lastBranch":0,"lastFunction":0,"lastStatement":0,"seen":{},"fnNames":{}}}
,"/home/runner/work/portfolio/portfolio/src-code/src/app/entities/experience/ui/experience-item.component.ts": {"path":"/home/runner/work/portfolio/portfolio/src-code/src/app/entities/experience/ui/experience-item.component.ts","statementMap":{"0":{"start":{"line":13,"column":7},"end":{"line":14,"column":null}},"1":{"start":{"line":14,"column":17},"end":{"line":14,"column":null}},"2":{"start":{"line":13,"column":13},"end":{"line":13,"column":null}}},"fnMap":{"0":{"name":"constructor","decl":{"start":{"line":13,"column":7},"end":{"line":13,"column":13}},"loc":{"start":{"line":13,"column":7},"end":{"line":14,"column":null}},"line":13}},"branchMap":{},"s":{"0":2,"1":2,"2":2},"f":{"0":2},"b":{},"meta":{"lastBranch":0,"lastFunction":1,"lastStatement":3,"seen":{"s:13:7:14:Infinity":0,"f:13:7:13:13":0,"s:14:17:14:Infinity":1,"s:13:13:13:Infinity":2},"fnNames":{}}}
,"/home/runner/work/portfolio/portfolio/src-code/src/app/entities/project/model/project.data.ts": {"path":"/home/runner/work/portfolio/portfolio/src-code/src/app/entities/project/model/project.data.ts","statementMap":{"0":{"start":{"line":6,"column":1},"end":{"line":42,"column":null}}},"fnMap":{"0":{"name":"getProjectsData","decl":{"start":{"line":5,"column":16},"end":{"line":5,"column":32}},"loc":{"start":{"line":5,"column":66},"end":{"line":45,"column":null}},"line":5}},"branchMap":{},"s":{"0":1},"f":{"0":1},"b":{},"meta":{"lastBranch":0,"lastFunction":1,"lastStatement":1,"seen":{"f:5:16:5:32":0,"s:6:1:42:Infinity":0},"fnNames":{}}}
,"/home/runner/work/portfolio/portfolio/src-code/src/app/entities/project/ui/project-card.component.css": {"path":"/home/runner/work/portfolio/portfolio/src-code/src/app/entities/project/ui/project-card.component.css","statementMap":{},"fnMap":{},"branchMap":{},"s":{},"f":{},"b":{},"meta":{"lastBranch":0,"lastFunction":0,"lastStatement":0,"seen":{},"fnNames":{}}}
,"/home/runner/work/portfolio/portfolio/src-code/src/app/entities/project/ui/project-card.component.html": {"path":"/home/runner/work/portfolio/portfolio/src-code/src/app/entities/project/ui/project-card.component.html","statementMap":{},"fnMap":{},"branchMap":{},"s":{},"f":{},"b":{},"meta":{"lastBranch":0,"lastFunction":0,"lastStatement":0,"seen":{},"fnNames":{}}}
,"/home/runner/work/portfolio/portfolio/src-code/src/app/entities/project/ui/project-card.component.ts": {"path":"/home/runner/work/portfolio/portfolio/src-code/src/app/entities/project/ui/project-card.component.ts","statementMap":{"0":{"start":{"line":5,"column":17},"end":{"line":5,"column":null}},"1":{"start":{"line":15,"column":7},"end":{"line":23,"column":null}},"2":{"start":{"line":16,"column":20},"end":{"line":16,"column":null}},"3":{"start":{"line":17,"column":22},"end":{"line":17,"column":null}},"4":{"start":{"line":19,"column":10},"end":{"line":19,"column":null}},"5":{"start":{"line":19,"column":38},"end":{"line":19,"column":83}},"6":{"start":{"line":21,"column":10},"end":{"line":21,"column":null}},"7":{"start":{"line":21,"column":39},"end":{"line":21,"column":77}},"8":{"start":{"line":23,"column":10},"end":{"line":23,"column":null}},"9":{"start":{"line":23,"column":43},"end":{"line":23,"column":93}},"10":{"start":{"line":15,"column":13},"end":{"line":15,"column":null}}},"fnMap":{"0":{"name":"constructor","decl":{"start":{"line":15,"column":7},"end":{"line":15,"column":13}},"loc":{"start":{"line":15,"column":7},"end":{"line":23,"column":null}},"line":15},"1":{"name":"(anonymous_1)","decl":{"start":{"line":19,"column":32},"end":{"line":19,"column":38}},"loc":{"start":{"line":19,"column":38},"end":{"line":19,"column":83}},"line":19},"2":{"name":"(anonymous_2)","decl":{"start":{"line":21,"column":33},"end":{"line":21,"column":39}},"loc":{"start":{"line":21,"column":39},"end":{"line":21,"column":77}},"line":21},"3":{"name":"(anonymous_3)","decl":{"start":{"line":23,"column":37},"end":{"line":23,"column":43}},"loc":{"start":{"line":23,"column":43},"end":{"line":23,"column":93}},"line":23}},"branchMap":{},"s":{"0":2,"1":2,"2":5,"3":5,"4":5,"5":5,"6":5,"7":5,"8":5,"9":5,"10":2},"f":{"0":5,"1":5,"2":5,"3":5},"b":{},"meta":{"lastBranch":0,"lastFunction":4,"lastStatement":11,"seen":{"s:5:17:5:Infinity":0,"s:15:7:23:Infinity":1,"f:15:7:15:13":0,"s:16:20:16:Infinity":2,"s:17:22:17:Infinity":3,"s:19:10:19:Infinity":4,"f:19:32:19:38":1,"s:19:38:19:83":5,"s:21:10:21:Infinity":6,"f:21:33:21:39":2,"s:21:39:21:77":7,"s:23:10:23:Infinity":8,"f:23:37:23:43":3,"s:23:43:23:93":9,"s:15:13:15:Infinity":10},"fnNames":{}}}
,"/home/runner/work/portfolio/portfolio/src-code/src/app/entities/technology/model/technology.model.ts": {"path":"/home/runner/work/portfolio/portfolio/src-code/src/app/entities/technology/model/technology.model.ts","statementMap":{"0":{"start":{"line":6,"column":20},"end":{"line":34,"column":null}},"1":{"start":{"line":39,"column":44},"end":{"line":51,"column":null}}},"fnMap":{},"branchMap":{},"s":{"0":2,"1":2},"f":{},"b":{},"meta":{"lastBranch":0,"lastFunction":0,"lastStatement":2,"seen":{"s:6:20:34:Infinity":0,"s:39:44:51:Infinity":1},"fnNames":{}}}
,"/home/runner/work/portfolio/portfolio/src-code/src/app/features/language-picker/language-picker.component.css": {"path":"/home/runner/work/portfolio/portfolio/src-code/src/app/features/language-picker/language-picker.component.css","statementMap":{},"fnMap":{},"branchMap":{},"s":{},"f":{},"b":{},"meta":{"lastBranch":0,"lastFunction":0,"lastStatement":0,"seen":{},"fnNames":{}}}
,"/home/runner/work/portfolio/portfolio/src-code/src/app/features/language-picker/language-picker.component.html": {"path":"/home/runner/work/portfolio/portfolio/src-code/src/app/features/language-picker/language-picker.component.html","statementMap":{},"fnMap":{},"branchMap":{},"s":{},"f":{},"b":{},"meta":{"lastBranch":0,"lastFunction":0,"lastStatement":0,"seen":{},"fnNames":{}}}
,"/home/runner/work/portfolio/portfolio/src-code/src/app/features/language-picker/language-picker.component.ts": {"path":"/home/runner/work/portfolio/portfolio/src-code/src/app/features/language-picker/language-picker.component.ts","statementMap":{"0":{"start":{"line":12,"column":7},"end":{"line":14,"column":null}},"1":{"start":{"line":13,"column":10},"end":{"line":13,"column":null}},"2":{"start":{"line":12,"column":13},"end":{"line":12,"column":null}}},"fnMap":{"0":{"name":"constructor","decl":{"start":{"line":12,"column":7},"end":{"line":12,"column":13}},"loc":{"start":{"line":12,"column":7},"end":{"line":14,"column":null}},"line":12}},"branchMap":{},"s":{"0":1,"1":1,"2":1},"f":{"0":1},"b":{},"meta":{"lastBranch":0,"lastFunction":1,"lastStatement":3,"seen":{"s:12:7:14:Infinity":0,"f:12:7:12:13":0,"s:13:10:13:Infinity":1,"s:12:13:12:Infinity":2},"fnNames":{}}}
,"/home/runner/work/portfolio/portfolio/src-code/src/app/features/utility-panel/utility-panel.css": {"path":"/home/runner/work/portfolio/portfolio/src-code/src/app/features/utility-panel/utility-panel.css","statementMap":{},"fnMap":{},"branchMap":{},"s":{},"f":{},"b":{},"meta":{"lastBranch":0,"lastFunction":0,"lastStatement":0,"seen":{},"fnNames":{}}}
,"/home/runner/work/portfolio/portfolio/src-code/src/app/features/utility-panel/utility-panel.html": {"path":"/home/runner/work/portfolio/portfolio/src-code/src/app/features/utility-panel/utility-panel.html","statementMap":{},"fnMap":{},"branchMap":{},"s":{},"f":{},"b":{},"meta":{"lastBranch":0,"lastFunction":0,"lastStatement":0,"seen":{},"fnNames":{}}}
,"/home/runner/work/portfolio/portfolio/src-code/src/app/features/utility-panel/utility-panel.ts": {"path":"/home/runner/work/portfolio/portfolio/src-code/src/app/features/utility-panel/utility-panel.ts","statementMap":{"0":{"start":{"line":25,"column":7},"end":{"line":37,"column":null}},"1":{"start":{"line":26,"column":10},"end":{"line":26,"column":null}},"2":{"start":{"line":27,"column":10},"end":{"line":27,"column":null}},"3":{"start":{"line":28,"column":10},"end":{"line":28,"column":null}},"4":{"start":{"line":29,"column":18},"end":{"line":29,"column":null}},"5":{"start":{"line":30,"column":18},"end":{"line":30,"column":null}},"6":{"start":{"line":31,"column":18},"end":{"line":31,"column":null}},"7":{"start":{"line":33,"column":10},"end":{"line":33,"column":null}},"8":{"start":{"line":34,"column":10},"end":{"line":34,"column":null}},"9":{"start":{"line":35,"column":10},"end":{"line":35,"column":null}},"10":{"start":{"line":39,"column":2},"end":{"line":39,"column":null}},"11":{"start":{"line":39,"column":20},"end":{"line":39,"column":null}},"12":{"start":{"line":40,"column":2},"end":{"line":42,"column":null}},"13":{"start":{"line":41,"column":3},"end":{"line":41,"column":null}},"14":{"start":{"line":46,"column":2},"end":{"line":46,"column":null}},"15":{"start":{"line":46,"column":26},"end":{"line":46,"column":28}},"16":{"start":{"line":50,"column":2},"end":{"line":50,"column":null}},"17":{"start":{"line":50,"column":22},"end":{"line":50,"column":null}},"18":{"start":{"line":51,"column":2},"end":{"line":51,"column":null}},"19":{"start":{"line":55,"column":2},"end":{"line":55,"column":null}},"20":{"start":{"line":55,"column":42},"end":{"line":55,"column":null}},"21":{"start":{"line":56,"column":2},"end":{"line":64,"column":null}},"22":{"start":{"line":57,"column":3},"end":{"line":57,"column":null}},"23":{"start":{"line":58,"column":3},"end":{"line":61,"column":null}},"24":{"start":{"line":59,"column":4},"end":{"line":59,"column":null}},"25":{"start":{"line":60,"column":4},"end":{"line":60,"column":null}},"26":{"start":{"line":63,"column":3},"end":{"line":63,"column":null}},"27":{"start":{"line":68,"column":2},"end":{"line":68,"column":null}},"28":{"start":{"line":68,"column":23},"end":{"line":68,"column":null}},"29":{"start":{"line":69,"column":2},"end":{"line":78,"column":null}},"30":{"start":{"line":70,"column":3},"end":{"line":70,"column":null}},"31":{"start":{"line":72,"column":14},"end":{"line":72,"column":null}},"32":{"start":{"line":73,"column":3},"end":{"line":73,"column":null}},"33":{"start":{"line":74,"column":3},"end":{"line":74,"column":null}},"34":{"start":{"line":75,"column":3},"end":{"line":75,"column":null}},"35":{"start":{"line":76,"column":3},"end":{"line":76,"column":null}},"36":{"start":{"line":77,"column":3},"end":{"line":77,"column":null}},"37":{"start":{"line":79,"column":2},"end":{"line":79,"column":null}},"38":{"start":{"line":80,"column":2},"end":{"line":80,"column":null}},"39":{"start":{"line":80,"column":19},"end":{"line":80,"column":48}},"40":{"start":{"line":84,"column":2},"end":{"line":84,"column":null}},"41":{"start":{"line":85,"column":2},"end":{"line":85,"column":null}},"42":{"start":{"line":25,"column":13},"end":{"line":25,"column":null}}},"fnMap":{"0":{"name":"constructor","decl":{"start":{"line":25,"column":7},"end":{"line":25,"column":13}},"loc":{"start":{"line":25,"column":7},"end":{"line":87,"column":null}},"line":25},"1":{"name":"onDocumentClick","decl":{"start":{"line":38,"column":1},"end":{"line":38,"column":17}},"loc":{"start":{"line":38,"column":34},"end":{"line":43,"column":null}},"line":38},"2":{"name":"toggleOpen","decl":{"start":{"line":45,"column":1},"end":{"line":45,"column":11}},"loc":{"start":{"line":45,"column":11},"end":{"line":47,"column":null}},"line":45},"3":{"name":"(anonymous_3)","decl":{"start":{"line":46,"column":19},"end":{"line":46,"column":20}},"loc":{"start":{"line":46,"column":26},"end":{"line":46,"column":28}},"line":46},"4":{"name":"scrollToTop","decl":{"start":{"line":49,"column":1},"end":{"line":49,"column":12}},"loc":{"start":{"line":49,"column":12},"end":{"line":52,"column":null}},"line":49},"5":{"name":"switchMode","decl":{"start":{"line":54,"column":1},"end":{"line":54,"column":12}},"loc":{"start":{"line":54,"column":58},"end":{"line":65,"column":null}},"line":54},"6":{"name":"(anonymous_6)","decl":{"start":{"line":58,"column":14},"end":{"line":58,"column":19}},"loc":{"start":{"line":58,"column":19},"end":{"line":61,"column":6}},"line":58},"7":{"name":"copyEmail","decl":{"start":{"line":67,"column":7},"end":{"line":67,"column":16}},"loc":{"start":{"line":67,"column":16},"end":{"line":81,"column":null}},"line":67},"8":{"name":"(anonymous_8)","decl":{"start":{"line":80,"column":13},"end":{"line":80,"column":19}},"loc":{"start":{"line":80,"column":19},"end":{"line":80,"column":48}},"line":80},"9":{"name":"openShortcuts","decl":{"start":{"line":83,"column":1},"end":{"line":83,"column":14}},"loc":{"start":{"line":83,"column":14},"end":{"line":86,"column":null}},"line":83}},"branchMap":{"0":{"loc":{"start":{"line":39,"column":2},"end":{"line":39,"column":null}},"type":"if","locations":[{"start":{"line":39,"column":2},"end":{"line":39,"column":null}},{"start":{},"end":{}}],"line":39},"1":{"loc":{"start":{"line":40,"column":2},"end":{"line":42,"column":null}},"type":"if","locations":[{"start":{"line":40,"column":2},"end":{"line":42,"column":null}},{"start":{},"end":{}}],"line":40},"2":{"loc":{"start":{"line":50,"column":2},"end":{"line":50,"column":null}},"type":"if","locations":[{"start":{"line":50,"column":2},"end":{"line":50,"column":null}},{"start":{},"end":{}}],"line":50},"3":{"loc":{"start":{"line":55,"column":2},"end":{"line":55,"column":null}},"type":"if","locations":[{"start":{"line":55,"column":2},"end":{"line":55,"column":null}},{"start":{},"end":{}}],"line":55},"4":{"loc":{"start":{"line":56,"column":2},"end":{"line":64,"column":null}},"type":"if","locations":[{"start":{"line":56,"column":2},"end":{"line":64,"column":null}},{"start":{"line":62,"column":9},"end":{"line":64,"column":null}}],"line":56},"5":{"loc":{"start":{"line":68,"column":2},"end":{"line":68,"column":null}},"type":"if","locations":[{"start":{"line":68,"column":2},"end":{"line":68,"column":null}},{"start":{},"end":{}}],"line":68}},"s":{"0":1,"1":1,"2":1,"3":1,"4":1,"5":1,"6":1,"7":1,"8":1,"9":1,"10":0,"11":0,"12":0,"13":0,"14":0,"15":0,"16":0,"17":0,"18":0,"19":0,"20":0,"21":0,"22":0,"23":0,"24":0,"25":0,"26":0,"27":0,"28":0,"29":0,"30":0,"31":0,"32":0,"33":0,"34":0,"35":0,"36":0,"37":0,"38":0,"39":0,"40":0,"41":0,"42":1},"f":{"0":1,"1":0,"2":0,"3":0,"4":0,"5":0,"6":0,"7":0,"8":0,"9":0},"b":{"0":[0,0],"1":[0,0],"2":[0,0],"3":[0,0],"4":[0,0],"5":[0,0]},"meta":{"lastBranch":6,"lastFunction":10,"lastStatement":43,"seen":{"s:25:7:37:Infinity":0,"f:25:7:25:13":0,"s:26:10:26:Infinity":1,"s:27:10:27:Infinity":2,"s:28:10:28:Infinity":3,"s:29:18:29:Infinity":4,"s:30:18:30:Infinity":5,"s:31:18:31:Infinity":6,"s:33:10:33:Infinity":7,"s:34:10:34:Infinity":8,"s:35:10:35:Infinity":9,"f:38:1:38:17":1,"b:39:2:39:Infinity:undefined:undefined:undefined:undefined":0,"s:39:2:39:Infinity":10,"s:39:20:39:Infinity":11,"b:40:2:42:Infinity:undefined:undefined:undefined:undefined":1,"s:40:2:42:Infinity":12,"s:41:3:41:Infinity":13,"f:45:1:45:11":2,"s:46:2:46:Infinity":14,"f:46:19:46:20":3,"s:46:26:46:28":15,"f:49:1:49:12":4,"b:50:2:50:Infinity:undefined:undefined:undefined:undefined":2,"s:50:2:50:Infinity":16,"s:50:22:50:Infinity":17,"s:51:2:51:Infinity":18,"f:54:1:54:12":5,"b:55:2:55:Infinity:undefined:undefined:undefined:undefined":3,"s:55:2:55:Infinity":19,"s:55:42:55:Infinity":20,"b:56:2:64:Infinity:62:9:64:Infinity":4,"s:56:2:64:Infinity":21,"s:57:3:57:Infinity":22,"s:58:3:61:Infinity":23,"f:58:14:58:19":6,"s:59:4:59:Infinity":24,"s:60:4:60:Infinity":25,"s:63:3:63:Infinity":26,"f:67:7:67:16":7,"b:68:2:68:Infinity:undefined:undefined:undefined:undefined":5,"s:68:2:68:Infinity":27,"s:68:23:68:Infinity":28,"s:69:2:78:Infinity":29,"s:70:3:70:Infinity":30,"s:72:14:72:Infinity":31,"s:73:3:73:Infinity":32,"s:74:3:74:Infinity":33,"s:75:3:75:Infinity":34,"s:76:3:76:Infinity":35,"s:77:3:77:Infinity":36,"s:79:2:79:Infinity":37,"s:80:2:80:Infinity":38,"f:80:13:80:19":8,"s:80:19:80:48":39,"f:83:1:83:14":9,"s:84:2:84:Infinity":40,"s:85:2:85:Infinity":41,"s:25:13:25:Infinity":42},"fnNames":{}}}
,"/home/runner/work/portfolio/portfolio/src-code/src/app/features/utility-panel/shortcuts-modal/shortcuts-modal.css": {"path":"/home/runner/work/portfolio/portfolio/src-code/src/app/features/utility-panel/shortcuts-modal/shortcuts-modal.css","statementMap":{},"fnMap":{},"branchMap":{},"s":{},"f":{},"b":{},"meta":{"lastBranch":0,"lastFunction":0,"lastStatement":0,"seen":{},"fnNames":{}}}
,"/home/runner/work/portfolio/portfolio/src-code/src/app/features/utility-panel/shortcuts-modal/shortcuts-modal.html": {"path":"/home/runner/work/portfolio/portfolio/src-code/src/app/features/utility-panel/shortcuts-modal/shortcuts-modal.html","statementMap":{},"fnMap":{},"branchMap":{},"s":{},"f":{},"b":{},"meta":{"lastBranch":0,"lastFunction":0,"lastStatement":0,"seen":{},"fnNames":{}}}
,"/home/runner/work/portfolio/portfolio/src-code/src/app/features/utility-panel/shortcuts-modal/shortcuts-modal.ts": {"path":"/home/runner/work/portfolio/portfolio/src-code/src/app/features/utility-panel/shortcuts-modal/shortcuts-modal.ts","statementMap":{"0":{"start":{"line":10,"column":41},"end":{"line":48,"column":null}},"1":{"start":{"line":60,"column":7},"end":{"line":68,"column":null}},"2":{"start":{"line":61,"column":10},"end":{"line":61,"column":null}},"3":{"start":{"line":62,"column":10},"end":{"line":62,"column":null}},"4":{"start":{"line":65,"column":2},"end":{"line":67,"column":null}},"5":{"start":{"line":66,"column":3},"end":{"line":66,"column":null}},"6":{"start":{"line":60,"column":13},"end":{"line":60,"column":null}}},"fnMap":{"0":{"name":"constructor","decl":{"start":{"line":60,"column":7},"end":{"line":60,"column":13}},"loc":{"start":{"line":60,"column":7},"end":{"line":69,"column":null}},"line":60},"1":{"name":"closeOnBackdrop","decl":{"start":{"line":64,"column":1},"end":{"line":64,"column":17}},"loc":{"start":{"line":64,"column":25},"end":{"line":68,"column":null}},"line":64}},"branchMap":{"0":{"loc":{"start":{"line":65,"column":2},"end":{"line":67,"column":null}},"type":"if","locations":[{"start":{"line":65,"column":2},"end":{"line":67,"column":null}},{"start":{},"end":{}}],"line":65}},"s":{"0":1,"1":1,"2":1,"3":1,"4":0,"5":0,"6":1},"f":{"0":1,"1":0},"b":{"0":[0,0]},"meta":{"lastBranch":1,"lastFunction":2,"lastStatement":7,"seen":{"s:10:41:48:Infinity":0,"s:60:7:68:Infinity":1,"f:60:7:60:13":0,"s:61:10:61:Infinity":2,"s:62:10:62:Infinity":3,"f:64:1:64:17":1,"b:65:2:67:Infinity:undefined:undefined:undefined:undefined":0,"s:65:2:67:Infinity":4,"s:66:3:66:Infinity":5,"s:60:13:60:Infinity":6},"fnNames":{}}}
,"/home/runner/work/portfolio/portfolio/src-code/src/app/pages/notes/[slug].page.css": {"path":"/home/runner/work/portfolio/portfolio/src-code/src/app/pages/notes/[slug].page.css","statementMap":{},"fnMap":{},"branchMap":{},"s":{},"f":{},"b":{},"meta":{"lastBranch":0,"lastFunction":0,"lastStatement":0,"seen":{},"fnNames":{}}}
,"/home/runner/work/portfolio/portfolio/src-code/src/app/pages/notes/[slug].page.html": {"path":"/home/runner/work/portfolio/portfolio/src-code/src/app/pages/notes/[slug].page.html","statementMap":{},"fnMap":{},"branchMap":{},"s":{},"f":{},"b":{},"meta":{"lastBranch":0,"lastFunction":0,"lastStatement":0,"seen":{},"fnNames":{}}}
,"/home/runner/work/portfolio/portfolio/src-code/src/app/pages/notes/[slug].page.ts": {"path":"/home/runner/work/portfolio/portfolio/src-code/src/app/pages/notes/[slug].page.ts","statementMap":{"0":{"start":{"line":18,"column":15},"end":{"line":32,"column":null}},"1":{"start":{"line":19,"column":10},"end":{"line":19,"column":null}},"2":{"start":{"line":20,"column":18},"end":{"line":20,"column":null}},"3":{"start":{"line":22,"column":10},"end":{"line":30,"column":null}},"4":{"start":{"line":24,"column":3},"end":{"line":29,"column":null}},"5":{"start":{"line":25,"column":4},"end":{"line":28,"column":null}},"6":{"start":{"line":18,"column":21},"end":{"line":18,"column":null}}},"fnMap":{"0":{"name":"constructor","decl":{"start":{"line":18,"column":15},"end":{"line":18,"column":21}},"loc":{"start":{"line":18,"column":15},"end":{"line":32,"column":null}},"line":18},"1":{"name":"(anonymous_1)","decl":{"start":{"line":23,"column":6},"end":{"line":23,"column":7}},"loc":{"start":{"line":23,"column":15},"end":{"line":30,"column":3}},"line":23}},"branchMap":{"0":{"loc":{"start":{"line":24,"column":3},"end":{"line":29,"column":null}},"type":"if","locations":[{"start":{"line":24,"column":3},"end":{"line":29,"column":null}},{"start":{},"end":{}}],"line":24}},"s":{"0":1,"1":1,"2":1,"3":1,"4":1,"5":1,"6":1},"f":{"0":1,"1":1},"b":{"0":[1,0]},"meta":{"lastBranch":1,"lastFunction":2,"lastStatement":7,"seen":{"s:18:15:32:Infinity":0,"f:18:15:18:21":0,"s:19:10:19:Infinity":1,"s:20:18:20:Infinity":2,"s:22:10:30:Infinity":3,"f:23:6:23:7":1,"b:24:3:29:Infinity:undefined:undefined:undefined:undefined":0,"s:24:3:29:Infinity":4,"s:25:4:28:Infinity":5,"s:18:21:18:Infinity":6},"fnNames":{}}}
,"/home/runner/work/portfolio/portfolio/src-code/src/app/pages/notes/index.page.css": {"path":"/home/runner/work/portfolio/portfolio/src-code/src/app/pages/notes/index.page.css","statementMap":{},"fnMap":{},"branchMap":{},"s":{},"f":{},"b":{},"meta":{"lastBranch":0,"lastFunction":0,"lastStatement":0,"seen":{},"fnNames":{}}}
,"/home/runner/work/portfolio/portfolio/src-code/src/app/pages/notes/index.page.html": {"path":"/home/runner/work/portfolio/portfolio/src-code/src/app/pages/notes/index.page.html","statementMap":{},"fnMap":{},"branchMap":{},"s":{},"f":{},"b":{},"meta":{"lastBranch":0,"lastFunction":0,"lastStatement":0,"seen":{},"fnNames":{}}}
,"/home/runner/work/portfolio/portfolio/src-code/src/app/pages/notes/index.page.ts": {"path":"/home/runner/work/portfolio/portfolio/src-code/src/app/pages/notes/index.page.ts","statementMap":{"0":{"start":{"line":31,"column":15},"end":{"line":76,"column":null}},"1":{"start":{"line":32,"column":10},"end":{"line":32,"column":null}},"2":{"start":{"line":33,"column":18},"end":{"line":33,"column":null}},"3":{"start":{"line":36,"column":18},"end":{"line":36,"column":null}},"4":{"start":{"line":38,"column":10},"end":{"line":38,"column":null}},"5":{"start":{"line":39,"column":10},"end":{"line":39,"column":null}},"6":{"start":{"line":42,"column":10},"end":{"line":59,"column":null}},"7":{"start":{"line":43,"column":16},"end":{"line":43,"column":null}},"8":{"start":{"line":44,"column":14},"end":{"line":44,"column":null}},"9":{"start":{"line":46,"column":2},"end":{"line":57,"column":null}},"10":{"start":{"line":48,"column":28},"end":{"line":48,"column":null}},"11":{"start":{"line":50,"column":5},"end":{"line":53,"column":null}},"12":{"start":{"line":53,"column":39},"end":{"line":53,"column":70}},"13":{"start":{"line":54,"column":4},"end":{"line":54,"column":null}},"14":{"start":{"line":57,"column":14},"end":{"line":57,"column":91}},"15":{"start":{"line":62,"column":2},"end":{"line":67,"column":null}},"16":{"start":{"line":71,"column":2},"end":{"line":71,"column":null}},"17":{"start":{"line":75,"column":2},"end":{"line":75,"column":null}},"18":{"start":{"line":31,"column":21},"end":{"line":31,"column":null}}},"fnMap":{"0":{"name":"constructor","decl":{"start":{"line":31,"column":15},"end":{"line":31,"column":21}},"loc":{"start":{"line":31,"column":15},"end":{"line":77,"column":null}},"line":31},"1":{"name":"(anonymous_1)","decl":{"start":{"line":42,"column":27},"end":{"line":42,"column":32}},"loc":{"start":{"line":42,"column":32},"end":{"line":59,"column":2}},"line":42},"2":{"name":"(anonymous_2)","decl":{"start":{"line":47,"column":11},"end":{"line":47,"column":12}},"loc":{"start":{"line":47,"column":20},"end":{"line":55,"column":4}},"line":47},"3":{"name":"(anonymous_3)","decl":{"start":{"line":53,"column":32},"end":{"line":53,"column":33}},"loc":{"start":{"line":53,"column":39},"end":{"line":53,"column":70}},"line":53},"4":{"name":"(anonymous_4)","decl":{"start":{"line":57,"column":4},"end":{"line":57,"column":5}},"loc":{"start":{"line":57,"column":14},"end":{"line":57,"column":91}},"line":57},"5":{"name":"ngOnInit","decl":{"start":{"line":61,"column":1},"end":{"line":61,"column":9}},"loc":{"start":{"line":61,"column":9},"end":{"line":68,"column":null}},"line":61},"6":{"name":"updateSearch","decl":{"start":{"line":70,"column":1},"end":{"line":70,"column":14}},"loc":{"start":{"line":70,"column":25},"end":{"line":72,"column":null}},"line":70},"7":{"name":"setCategory","decl":{"start":{"line":74,"column":1},"end":{"line":74,"column":13}},"loc":{"start":{"line":74,"column":50},"end":{"line":76,"column":null}},"line":74}},"branchMap":{"0":{"loc":{"start":{"line":48,"column":28},"end":{"line":48,"column":null}},"type":"binary-expr","locations":[{"start":{"line":48,"column":28},"end":{"line":48,"column":45}},{"start":{"line":48,"column":45},"end":{"line":48,"column":null}}],"line":48},"1":{"loc":{"start":{"line":50,"column":5},"end":{"line":53,"column":null}},"type":"binary-expr","locations":[{"start":{"line":50,"column":5},"end":{"line":50,"column":null}},{"start":{"line":51,"column":5},"end":{"line":51,"column":null}},{"start":{"line":52,"column":5},"end":{"line":52,"column":null}},{"start":{"line":53,"column":5},"end":{"line":53,"column":null}}],"line":50},"2":{"loc":{"start":{"line":54,"column":11},"end":{"line":54,"column":null}},"type":"binary-expr","locations":[{"start":{"line":54,"column":11},"end":{"line":54,"column":30}},{"start":{"line":54,"column":30},"end":{"line":54,"column":null}}],"line":54}},"s":{"0":1,"1":1,"2":1,"3":1,"4":1,"5":1,"6":1,"7":1,"8":1,"9":1,"10":0,"11":0,"12":0,"13":0,"14":0,"15":1,"16":0,"17":0,"18":1},"f":{"0":1,"1":1,"2":0,"3":0,"4":0,"5":1,"6":0,"7":0},"b":{"0":[0,0],"1":[0,0,0,0],"2":[0,0]},"meta":{"lastBranch":3,"lastFunction":8,"lastStatement":19,"seen":{"s:31:15:76:Infinity":0,"f:31:15:31:21":0,"s:32:10:32:Infinity":1,"s:33:18:33:Infinity":2,"s:36:18:36:Infinity":3,"s:38:10:38:Infinity":4,"s:39:10:39:Infinity":5,"s:42:10:59:Infinity":6,"f:42:27:42:32":1,"s:43:16:43:Infinity":7,"s:44:14:44:Infinity":8,"s:46:2:57:Infinity":9,"f:47:11:47:12":2,"s:48:28:48:Infinity":10,"b:48:28:48:45:48:45:48:Infinity":0,"s:50:5:53:Infinity":11,"b:50:5:50:Infinity:51:5:51:Infinity:52:5:52:Infinity:53:5:53:Infinity":1,"f:53:32:53:33":3,"s:53:39:53:70":12,"s:54:4:54:Infinity":13,"b:54:11:54:30:54:30:54:Infinity":2,"f:57:4:57:5":4,"s:57:14:57:91":14,"f:61:1:61:9":5,"s:62:2:67:Infinity":15,"f:70:1:70:14":6,"s:71:2:71:Infinity":16,"f:74:1:74:13":7,"s:75:2:75:Infinity":17,"s:31:21:31:Infinity":18},"fnNames":{}}}
,"/home/runner/work/portfolio/portfolio/src-code/src/app/shared/config/contact.config.ts": {"path":"/home/runner/work/portfolio/portfolio/src-code/src/app/shared/config/contact.config.ts","statementMap":{"0":{"start":{"line":6,"column":21},"end":{"line":14,"column":null}},"1":{"start":{"line":25,"column":42},"end":{"line":45,"column":null}}},"fnMap":{},"branchMap":{},"s":{"0":4,"1":4},"f":{},"b":{},"meta":{"lastBranch":0,"lastFunction":0,"lastStatement":2,"seen":{"s:6:21:14:Infinity":0,"s:25:42:45:Infinity":1},"fnNames":{}}}
,"/home/runner/work/portfolio/portfolio/src-code/src/app/shared/config/i18n/en.ts": {"path":"/home/runner/work/portfolio/portfolio/src-code/src/app/shared/config/i18n/en.ts","statementMap":{"0":{"start":{"line":1,"column":18},"end":{"line":165,"column":null}}},"fnMap":{},"branchMap":{},"s":{"0":11},"f":{},"b":{},"meta":{"lastBranch":0,"lastFunction":0,"lastStatement":1,"seen":{"s:1:18:165:Infinity":0},"fnNames":{}}}
,"/home/runner/work/portfolio/portfolio/src-code/src/app/shared/config/i18n/es.ts": {"path":"/home/runner/work/portfolio/portfolio/src-code/src/app/shared/config/i18n/es.ts","statementMap":{"0":{"start":{"line":3,"column":50},"end":{"line":168,"column":null}}},"fnMap":{},"branchMap":{},"s":{"0":11},"f":{},"b":{},"meta":{"lastBranch":0,"lastFunction":0,"lastStatement":1,"seen":{"s:3:50:168:Infinity":0},"fnNames":{}}}
,"/home/runner/work/portfolio/portfolio/src-code/src/app/shared/lib/animation/scroll-observer.directive.ts": {"path":"/home/runner/work/portfolio/portfolio/src-code/src/app/shared/lib/animation/scroll-observer.directive.ts","statementMap":{"0":{"start":{"line":20,"column":7},"end":{"line":45,"column":null}},"1":{"start":{"line":21,"column":18},"end":{"line":21,"column":null}},"2":{"start":{"line":22,"column":18},"end":{"line":22,"column":null}},"3":{"start":{"line":23,"column":10},"end":{"line":23,"column":null}},"4":{"start":{"line":27,"column":2},"end":{"line":30,"column":null}},"5":{"start":{"line":28,"column":3},"end":{"line":28,"column":null}},"6":{"start":{"line":29,"column":3},"end":{"line":29,"column":null}},"7":{"start":{"line":31,"column":2},"end":{"line":38,"column":null}},"8":{"start":{"line":33,"column":4},"end":{"line":36,"column":null}},"9":{"start":{"line":34,"column":5},"end":{"line":34,"column":null}},"10":{"start":{"line":35,"column":5},"end":{"line":35,"column":null}},"11":{"start":{"line":40,"column":2},"end":{"line":40,"column":null}},"12":{"start":{"line":44,"column":2},"end":{"line":44,"column":null}},"13":{"start":{"line":20,"column":13},"end":{"line":20,"column":null}}},"fnMap":{"0":{"name":"constructor","decl":{"start":{"line":20,"column":7},"end":{"line":20,"column":13}},"loc":{"start":{"line":20,"column":7},"end":{"line":46,"column":null}},"line":20},"1":{"name":"ngOnInit","decl":{"start":{"line":26,"column":1},"end":{"line":26,"column":9}},"loc":{"start":{"line":26,"column":9},"end":{"line":41,"column":null}},"line":26},"2":{"name":"(anonymous_2)","decl":{"start":{"line":32,"column":3},"end":{"line":32,"column":4}},"loc":{"start":{"line":32,"column":15},"end":{"line":37,"column":null}},"line":32},"3":{"name":"ngOnDestroy","decl":{"start":{"line":43,"column":1},"end":{"line":43,"column":12}},"loc":{"start":{"line":43,"column":12},"end":{"line":45,"column":null}},"line":43}},"branchMap":{"0":{"loc":{"start":{"line":27,"column":2},"end":{"line":30,"column":null}},"type":"if","locations":[{"start":{"line":27,"column":2},"end":{"line":30,"column":null}},{"start":{},"end":{}}],"line":27},"1":{"loc":{"start":{"line":27,"column":6},"end":{"line":27,"column":70}},"type":"binary-expr","locations":[{"start":{"line":27,"column":6},"end":{"line":27,"column":25}},{"start":{"line":27,"column":25},"end":{"line":27,"column":70}}],"line":27},"2":{"loc":{"start":{"line":33,"column":4},"end":{"line":36,"column":null}},"type":"if","locations":[{"start":{"line":33,"column":4},"end":{"line":36,"column":null}},{"start":{},"end":{}}],"line":33}},"s":{"0":6,"1":17,"2":17,"3":17,"4":17,"5":16,"6":16,"7":1,"8":0,"9":0,"10":0,"11":1,"12":17,"13":6},"f":{"0":17,"1":17,"2":0,"3":17},"b":{"0":[16,1],"1":[17,17],"2":[0,0]},"meta":{"lastBranch":3,"lastFunction":4,"lastStatement":14,"seen":{"s:20:7:45:Infinity":0,"f:20:7:20:13":0,"s:21:18:21:Infinity":1,"s:22:18:22:Infinity":2,"s:23:10:23:Infinity":3,"f:26:1:26:9":1,"b:27:2:30:Infinity:undefined:undefined:undefined:undefined":0,"s:27:2:30:Infinity":4,"b:27:6:27:25:27:25:27:70":1,"s:28:3:28:Infinity":5,"s:29:3:29:Infinity":6,"s:31:2:38:Infinity":7,"f:32:3:32:4":2,"b:33:4:36:Infinity:undefined:undefined:undefined:undefined":2,"s:33:4:36:Infinity":8,"s:34:5:34:Infinity":9,"s:35:5:35:Infinity":10,"s:40:2:40:Infinity":11,"f:43:1:43:12":3,"s:44:2:44:Infinity":12,"s:20:13:20:Infinity":13},"fnNames":{}}}
,"/home/runner/work/portfolio/portfolio/src-code/src/app/shared/lib/font-scale/font-scale.ts": {"path":"/home/runner/work/portfolio/portfolio/src-code/src/app/shared/lib/font-scale/font-scale.ts","statementMap":{"0":{"start":{"line":4,"column":18},"end":{"line":4,"column":null}},"1":{"start":{"line":5,"column":15},"end":{"line":5,"column":null}},"2":{"start":{"line":9,"column":7},"end":{"line":50,"column":null}},"3":{"start":{"line":10,"column":18},"end":{"line":10,"column":null}},"4":{"start":{"line":12,"column":10},"end":{"line":12,"column":null}},"5":{"start":{"line":13,"column":10},"end":{"line":13,"column":null}},"6":{"start":{"line":13,"column":39},"end":{"line":13,"column":60}},"7":{"start":{"line":14,"column":10},"end":{"line":14,"column":null}},"8":{"start":{"line":14,"column":39},"end":{"line":14,"column":76}},"9":{"start":{"line":17,"column":2},"end":{"line":17,"column":null}},"10":{"start":{"line":21,"column":2},"end":{"line":21,"column":null}},"11":{"start":{"line":21,"column":26},"end":{"line":21,"column":null}},"12":{"start":{"line":25,"column":2},"end":{"line":25,"column":null}},"13":{"start":{"line":25,"column":26},"end":{"line":25,"column":null}},"14":{"start":{"line":29,"column":2},"end":{"line":29,"column":null}},"15":{"start":{"line":33,"column":2},"end":{"line":33,"column":null}},"16":{"start":{"line":34,"column":2},"end":{"line":34,"column":null}},"17":{"start":{"line":34,"column":22},"end":{"line":34,"column":null}},"18":{"start":{"line":35,"column":2},"end":{"line":35,"column":null}},"19":{"start":{"line":39,"column":2},"end":{"line":39,"column":null}},"20":{"start":{"line":39,"column":23},"end":{"line":39,"column":null}},"21":{"start":{"line":40,"column":2},"end":{"line":40,"column":null}},"22":{"start":{"line":44,"column":2},"end":{"line":48,"column":null}},"23":{"start":{"line":45,"column":18},"end":{"line":45,"column":null}},"24":{"start":{"line":46,"column":18},"end":{"line":46,"column":null}},"25":{"start":{"line":47,"column":3},"end":{"line":47,"column":null}},"26":{"start":{"line":47,"column":53},"end":{"line":47,"column":null}},"27":{"start":{"line":49,"column":2},"end":{"line":49,"column":null}},"28":{"start":{"line":9,"column":13},"end":{"line":9,"column":null}}},"fnMap":{"0":{"name":"constructor","decl":{"start":{"line":9,"column":7},"end":{"line":9,"column":13}},"loc":{"start":{"line":9,"column":7},"end":{"line":51,"column":null}},"line":9},"1":{"name":"(anonymous_1)","decl":{"start":{"line":13,"column":33},"end":{"line":13,"column":39}},"loc":{"start":{"line":13,"column":39},"end":{"line":13,"column":60}},"line":13},"2":{"name":"(anonymous_2)","decl":{"start":{"line":14,"column":33},"end":{"line":14,"column":39}},"loc":{"start":{"line":14,"column":39},"end":{"line":14,"column":76}},"line":14},"3":{"name":"apply","decl":{"start":{"line":16,"column":1},"end":{"line":16,"column":6}},"loc":{"start":{"line":16,"column":6},"end":{"line":18,"column":null}},"line":16},"4":{"name":"increase","decl":{"start":{"line":20,"column":1},"end":{"line":20,"column":9}},"loc":{"start":{"line":20,"column":9},"end":{"line":22,"column":null}},"line":20},"5":{"name":"decrease","decl":{"start":{"line":24,"column":1},"end":{"line":24,"column":9}},"loc":{"start":{"line":24,"column":9},"end":{"line":26,"column":null}},"line":24},"6":{"name":"reset","decl":{"start":{"line":28,"column":1},"end":{"line":28,"column":6}},"loc":{"start":{"line":28,"column":6},"end":{"line":30,"column":null}},"line":28},"7":{"name":"_set","decl":{"start":{"line":32,"column":9},"end":{"line":32,"column":14}},"loc":{"start":{"line":32,"column":31},"end":{"line":36,"column":null}},"line":32},"8":{"name":"_syncDom","decl":{"start":{"line":38,"column":9},"end":{"line":38,"column":18}},"loc":{"start":{"line":38,"column":35},"end":{"line":41,"column":null}},"line":38},"9":{"name":"_getInitialScale","decl":{"start":{"line":43,"column":9},"end":{"line":43,"column":25}},"loc":{"start":{"line":43,"column":25},"end":{"line":50,"column":null}},"line":43}},"branchMap":{"0":{"loc":{"start":{"line":21,"column":2},"end":{"line":21,"column":null}},"type":"if","locations":[{"start":{"line":21,"column":2},"end":{"line":21,"column":null}},{"start":{},"end":{}}],"line":21},"1":{"loc":{"start":{"line":25,"column":2},"end":{"line":25,"column":null}},"type":"if","locations":[{"start":{"line":25,"column":2},"end":{"line":25,"column":null}},{"start":{},"end":{}}],"line":25},"2":{"loc":{"start":{"line":34,"column":2},"end":{"line":34,"column":null}},"type":"if","locations":[{"start":{"line":34,"column":2},"end":{"line":34,"column":null}},{"start":{},"end":{}}],"line":34},"3":{"loc":{"start":{"line":39,"column":2},"end":{"line":39,"column":null}},"type":"if","locations":[{"start":{"line":39,"column":2},"end":{"line":39,"column":null}},{"start":{},"end":{}}],"line":39},"4":{"loc":{"start":{"line":44,"column":2},"end":{"line":48,"column":null}},"type":"if","locations":[{"start":{"line":44,"column":2},"end":{"line":48,"column":null}},{"start":{},"end":{}}],"line":44},"5":{"loc":{"start":{"line":46,"column":18},"end":{"line":46,"column":null}},"type":"cond-expr","locations":[{"start":{"line":46,"column":27},"end":{"line":46,"column":50}},{"start":{"line":46,"column":50},"end":{"line":46,"column":null}}],"line":46},"6":{"loc":{"start":{"line":47,"column":3},"end":{"line":47,"column":null}},"type":"if","locations":[{"start":{"line":47,"column":3},"end":{"line":47,"column":null}},{"start":{},"end":{}}],"line":47},"7":{"loc":{"start":{"line":47,"column":7},"end":{"line":47,"column":53}},"type":"binary-expr","locations":[{"start":{"line":47,"column":7},"end":{"line":47,"column":25}},{"start":{"line":47,"column":25},"end":{"line":47,"column":40}},{"start":{"line":47,"column":40},"end":{"line":47,"column":53}}],"line":47}},"s":{"0":1,"1":1,"2":1,"3":1,"4":1,"5":1,"6":0,"7":1,"8":0,"9":0,"10":0,"11":0,"12":0,"13":0,"14":0,"15":0,"16":0,"17":0,"18":0,"19":0,"20":0,"21":0,"22":1,"23":1,"24":1,"25":1,"26":0,"27":1,"28":1},"f":{"0":1,"1":0,"2":0,"3":0,"4":0,"5":0,"6":0,"7":0,"8":0,"9":1},"b":{"0":[0,0],"1":[0,0],"2":[0,0],"3":[0,0],"4":[1,0],"5":[0,1],"6":[0,1],"7":[1,0,0]},"meta":{"lastBranch":8,"lastFunction":10,"lastStatement":29,"seen":{"s:4:18:4:Infinity":0,"s:5:15:5:Infinity":1,"s:9:7:50:Infinity":2,"f:9:7:9:13":0,"s:10:18:10:Infinity":3,"s:12:10:12:Infinity":4,"s:13:10:13:Infinity":5,"f:13:33:13:39":1,"s:13:39:13:60":6,"s:14:10:14:Infinity":7,"f:14:33:14:39":2,"s:14:39:14:76":8,"f:16:1:16:6":3,"s:17:2:17:Infinity":9,"f:20:1:20:9":4,"b:21:2:21:Infinity:undefined:undefined:undefined:undefined":0,"s:21:2:21:Infinity":10,"s:21:26:21:Infinity":11,"f:24:1:24:9":5,"b:25:2:25:Infinity:undefined:undefined:undefined:undefined":1,"s:25:2:25:Infinity":12,"s:25:26:25:Infinity":13,"f:28:1:28:6":6,"s:29:2:29:Infinity":14,"f:32:9:32:14":7,"s:33:2:33:Infinity":15,"b:34:2:34:Infinity:undefined:undefined:undefined:undefined":2,"s:34:2:34:Infinity":16,"s:34:22:34:Infinity":17,"s:35:2:35:Infinity":18,"f:38:9:38:18":8,"b:39:2:39:Infinity:undefined:undefined:undefined:undefined":3,"s:39:2:39:Infinity":19,"s:39:23:39:Infinity":20,"s:40:2:40:Infinity":21,"f:43:9:43:25":9,"b:44:2:48:Infinity:undefined:undefined:undefined:undefined":4,"s:44:2:48:Infinity":22,"s:45:18:45:Infinity":23,"s:46:18:46:Infinity":24,"b:46:27:46:50:46:50:46:Infinity":5,"b:47:3:47:Infinity:undefined:undefined:undefined:undefined":6,"s:47:3:47:Infinity":25,"b:47:7:47:25:47:25:47:40:47:40:47:53":7,"s:47:53:47:Infinity":26,"s:49:2:49:Infinity":27,"s:9:13:9:Infinity":28},"fnNames":{}}}
,"/home/runner/work/portfolio/portfolio/src-code/src/app/shared/lib/i18n/i18n.service.ts": {"path":"/home/runner/work/portfolio/portfolio/src-code/src/app/shared/lib/i18n/i18n.service.ts","statementMap":{"0":{"start":{"line":8,"column":20},"end":{"line":8,"column":null}},"1":{"start":{"line":9,"column":31},"end":{"line":9,"column":null}},"2":{"start":{"line":12,"column":7},"end":{"line":40,"column":null}},"3":{"start":{"line":13,"column":18},"end":{"line":13,"column":null}},"4":{"start":{"line":15,"column":10},"end":{"line":15,"column":null}},"5":{"start":{"line":17,"column":10},"end":{"line":20,"column":null}},"6":{"start":{"line":18,"column":15},"end":{"line":18,"column":null}},"7":{"start":{"line":19,"column":2},"end":{"line":19,"column":null}},"8":{"start":{"line":19,"column":42},"end":{"line":19,"column":null}},"9":{"start":{"line":23,"column":2},"end":{"line":23,"column":null}},"10":{"start":{"line":24,"column":2},"end":{"line":27,"column":null}},"11":{"start":{"line":25,"column":3},"end":{"line":25,"column":null}},"12":{"start":{"line":26,"column":3},"end":{"line":26,"column":null}},"13":{"start":{"line":31,"column":2},"end":{"line":31,"column":null}},"14":{"start":{"line":35,"column":2},"end":{"line":38,"column":null}},"15":{"start":{"line":36,"column":18},"end":{"line":36,"column":null}},"16":{"start":{"line":37,"column":3},"end":{"line":37,"column":null}},"17":{"start":{"line":37,"column":43},"end":{"line":37,"column":null}},"18":{"start":{"line":39,"column":2},"end":{"line":39,"column":null}},"19":{"start":{"line":12,"column":13},"end":{"line":12,"column":null}}},"fnMap":{"0":{"name":"constructor","decl":{"start":{"line":12,"column":7},"end":{"line":12,"column":13}},"loc":{"start":{"line":12,"column":7},"end":{"line":41,"column":null}},"line":12},"1":{"name":"(anonymous_1)","decl":{"start":{"line":17,"column":23},"end":{"line":17,"column":28}},"loc":{"start":{"line":17,"column":28},"end":{"line":20,"column":2}},"line":17},"2":{"name":"(anonymous_2)","decl":{"start":{"line":19,"column":9},"end":{"line":19,"column":10}},"loc":{"start":{"line":19,"column":42},"end":{"line":19,"column":null}},"line":19},"3":{"name":"setLang","decl":{"start":{"line":22,"column":1},"end":{"line":22,"column":9}},"loc":{"start":{"line":22,"column":23},"end":{"line":28,"column":null}},"line":22},"4":{"name":"toggleLang","decl":{"start":{"line":30,"column":1},"end":{"line":30,"column":11}},"loc":{"start":{"line":30,"column":11},"end":{"line":32,"column":null}},"line":30},"5":{"name":"_getInitialLang","decl":{"start":{"line":34,"column":9},"end":{"line":34,"column":24}},"loc":{"start":{"line":34,"column":24},"end":{"line":40,"column":null}},"line":34}},"branchMap":{"0":{"loc":{"start":{"line":18,"column":15},"end":{"line":18,"column":null}},"type":"cond-expr","locations":[{"start":{"line":18,"column":38},"end":{"line":18,"column":43}},{"start":{"line":18,"column":43},"end":{"line":18,"column":null}}],"line":18},"1":{"loc":{"start":{"line":19,"column":42},"end":{"line":19,"column":null}},"type":"binary-expr","locations":[{"start":{"line":19,"column":42},"end":{"line":19,"column":55}},{"start":{"line":19,"column":55},"end":{"line":19,"column":null}}],"line":19},"2":{"loc":{"start":{"line":24,"column":2},"end":{"line":27,"column":null}},"type":"if","locations":[{"start":{"line":24,"column":2},"end":{"line":27,"column":null}},{"start":{},"end":{}}],"line":24},"3":{"loc":{"start":{"line":31,"column":15},"end":{"line":31,"column":49}},"type":"cond-expr","locations":[{"start":{"line":31,"column":38},"end":{"line":31,"column":45}},{"start":{"line":31,"column":45},"end":{"line":31,"column":49}}],"line":31},"4":{"loc":{"start":{"line":35,"column":2},"end":{"line":38,"column":null}},"type":"if","locations":[{"start":{"line":35,"column":2},"end":{"line":38,"column":null}},{"start":{},"end":{}}],"line":35},"5":{"loc":{"start":{"line":37,"column":3},"end":{"line":37,"column":null}},"type":"if","locations":[{"start":{"line":37,"column":3},"end":{"line":37,"column":null}},{"start":{},"end":{}}],"line":37},"6":{"loc":{"start":{"line":37,"column":7},"end":{"line":37,"column":43}},"type":"binary-expr","locations":[{"start":{"line":37,"column":7},"end":{"line":37,"column":26}},{"start":{"line":37,"column":26},"end":{"line":37,"column":43}}],"line":37}},"s":{"0":11,"1":11,"2":11,"3":1,"4":1,"5":1,"6":1,"7":1,"8":10,"9":0,"10":0,"11":0,"12":0,"13":0,"14":1,"15":1,"16":1,"17":0,"18":1,"19":11},"f":{"0":1,"1":1,"2":10,"3":0,"4":0,"5":1},"b":{"0":[0,1],"1":[10,0],"2":[0,0],"3":[0,0],"4":[1,0],"5":[0,1],"6":[1,1]},"meta":{"lastBranch":7,"lastFunction":6,"lastStatement":20,"seen":{"s:8:20:8:Infinity":0,"s:9:31:9:Infinity":1,"s:12:7:40:Infinity":2,"f:12:7:12:13":0,"s:13:18:13:Infinity":3,"s:15:10:15:Infinity":4,"s:17:10:20:Infinity":5,"f:17:23:17:28":1,"s:18:15:18:Infinity":6,"b:18:38:18:43:18:43:18:Infinity":0,"s:19:2:19:Infinity":7,"f:19:9:19:10":2,"s:19:42:19:Infinity":8,"b:19:42:19:55:19:55:19:Infinity":1,"f:22:1:22:9":3,"s:23:2:23:Infinity":9,"b:24:2:27:Infinity:undefined:undefined:undefined:undefined":2,"s:24:2:27:Infinity":10,"s:25:3:25:Infinity":11,"s:26:3:26:Infinity":12,"f:30:1:30:11":4,"s:31:2:31:Infinity":13,"b:31:38:31:45:31:45:31:49":3,"f:34:9:34:24":5,"b:35:2:38:Infinity:undefined:undefined:undefined:undefined":4,"s:35:2:38:Infinity":14,"s:36:18:36:Infinity":15,"b:37:3:37:Infinity:undefined:undefined:undefined:undefined":5,"s:37:3:37:Infinity":16,"b:37:7:37:26:37:26:37:43":6,"s:37:43:37:Infinity":17,"s:39:2:39:Infinity":18,"s:12:13:12:Infinity":19},"fnNames":{}}}
,"/home/runner/work/portfolio/portfolio/src-code/src/app/shared/lib/i18n/translate.pipe.ts": {"path":"/home/runner/work/portfolio/portfolio/src-code/src/app/shared/lib/i18n/translate.pipe.ts","statementMap":{"0":{"start":{"line":10,"column":7},"end":{"line":15,"column":null}},"1":{"start":{"line":11,"column":18},"end":{"line":11,"column":null}},"2":{"start":{"line":14,"column":2},"end":{"line":14,"column":null}},"3":{"start":{"line":10,"column":13},"end":{"line":10,"column":null}}},"fnMap":{"0":{"name":"constructor","decl":{"start":{"line":10,"column":7},"end":{"line":10,"column":13}},"loc":{"start":{"line":10,"column":7},"end":{"line":16,"column":null}},"line":10},"1":{"name":"transform","decl":{"start":{"line":13,"column":1},"end":{"line":13,"column":11}},"loc":{"start":{"line":13,"column":30},"end":{"line":15,"column":null}},"line":13}},"branchMap":{},"s":{"0":1,"1":21,"2":21,"3":1},"f":{"0":21,"1":21},"b":{},"meta":{"lastBranch":0,"lastFunction":2,"lastStatement":4,"seen":{"s:10:7:15:Infinity":0,"f:10:7:10:13":0,"s:11:18:11:Infinity":1,"f:13:1:13:11":1,"s:14:2:14:Infinity":2,"s:10:13:10:Infinity":3},"fnNames":{}}}
,"/home/runner/work/portfolio/portfolio/src-code/src/app/shared/lib/keyboard-shortcuts/keyboard-shortcuts.ts": {"path":"/home/runner/work/portfolio/portfolio/src-code/src/app/shared/lib/keyboard-shortcuts/keyboard-shortcuts.ts","statementMap":{"0":{"start":{"line":6,"column":44},"end":{"line":11,"column":null}},"1":{"start":{"line":15,"column":7},"end":{"line":206,"column":null}},"2":{"start":{"line":16,"column":18},"end":{"line":16,"column":null}},"3":{"start":{"line":17,"column":18},"end":{"line":17,"column":null}},"4":{"start":{"line":18,"column":18},"end":{"line":18,"column":null}},"5":{"start":{"line":20,"column":10},"end":{"line":20,"column":null}},"6":{"start":{"line":22,"column":9},"end":{"line":22,"column":null}},"7":{"start":{"line":23,"column":9},"end":{"line":23,"column":null}},"8":{"start":{"line":26,"column":2},"end":{"line":26,"column":null}},"9":{"start":{"line":26,"column":23},"end":{"line":26,"column":null}},"10":{"start":{"line":27,"column":2},"end":{"line":27,"column":null}},"11":{"start":{"line":27,"column":46},"end":{"line":27,"column":61}},"12":{"start":{"line":28,"column":2},"end":{"line":28,"column":null}},"13":{"start":{"line":32,"column":2},"end":{"line":32,"column":null}},"14":{"start":{"line":32,"column":23},"end":{"line":32,"column":null}},"15":{"start":{"line":33,"column":3},"end":{"line":67,"column":null}},"16":{"start":{"line":34,"column":16},"end":{"line":34,"column":null}},"17":{"start":{"line":35,"column":18},"end":{"line":35,"column":null}},"18":{"start":{"line":36,"column":20},"end":{"line":36,"column":null}},"19":{"start":{"line":38,"column":18},"end":{"line":56,"column":null}},"20":{"start":{"line":60,"column":3},"end":{"line":62,"column":null}},"21":{"start":{"line":64,"column":3},"end":{"line":64,"column":null}},"22":{"start":{"line":65,"column":3},"end":{"line":65,"column":null}},"23":{"start":{"line":66,"column":3},"end":{"line":66,"column":null}},"24":{"start":{"line":69,"column":2},"end":{"line":69,"column":null}},"25":{"start":{"line":70,"column":2},"end":{"line":70,"column":null}},"26":{"start":{"line":74,"column":2},"end":{"line":74,"column":null}},"27":{"start":{"line":74,"column":38},"end":{"line":74,"column":40}},"28":{"start":{"line":78,"column":2},"end":{"line":78,"column":null}},"29":{"start":{"line":82,"column":17},"end":{"line":82,"column":null}},"30":{"start":{"line":83,"column":2},"end":{"line":84,"column":null}},"31":{"start":{"line":84,"column":3},"end":{"line":84,"column":null}},"32":{"start":{"line":86,"column":14},"end":{"line":86,"column":null}},"33":{"start":{"line":87,"column":14},"end":{"line":87,"column":null}},"34":{"start":{"line":89,"column":2},"end":{"line":92,"column":null}},"35":{"start":{"line":90,"column":3},"end":{"line":90,"column":null}},"36":{"start":{"line":91,"column":3},"end":{"line":91,"column":null}},"37":{"start":{"line":94,"column":2},"end":{"line":98,"column":null}},"38":{"start":{"line":95,"column":3},"end":{"line":95,"column":null}},"39":{"start":{"line":96,"column":3},"end":{"line":96,"column":null}},"40":{"start":{"line":96,"column":39},"end":{"line":96,"column":41}},"41":{"start":{"line":97,"column":3},"end":{"line":97,"column":null}},"42":{"start":{"line":100,"column":2},"end":{"line":100,"column":null}},"43":{"start":{"line":100,"column":31},"end":{"line":100,"column":null}},"44":{"start":{"line":102,"column":2},"end":{"line":110,"column":null}},"45":{"start":{"line":103,"column":21},"end":{"line":103,"column":null}},"46":{"start":{"line":104,"column":3},"end":{"line":108,"column":null}},"47":{"start":{"line":105,"column":4},"end":{"line":105,"column":null}},"48":{"start":{"line":106,"column":4},"end":{"line":106,"column":null}},"49":{"start":{"line":107,"column":4},"end":{"line":107,"column":null}},"50":{"start":{"line":109,"column":3},"end":{"line":109,"column":null}},"51":{"start":{"line":112,"column":2},"end":{"line":116,"column":null}},"52":{"start":{"line":113,"column":3},"end":{"line":113,"column":null}},"53":{"start":{"line":114,"column":3},"end":{"line":114,"column":null}},"54":{"start":{"line":115,"column":3},"end":{"line":115,"column":null}},"55":{"start":{"line":117,"column":2},"end":{"line":121,"column":null}},"56":{"start":{"line":118,"column":3},"end":{"line":118,"column":null}},"57":{"start":{"line":119,"column":3},"end":{"line":119,"column":null}},"58":{"start":{"line":120,"column":3},"end":{"line":120,"column":null}},"59":{"start":{"line":122,"column":2},"end":{"line":126,"column":null}},"60":{"start":{"line":123,"column":3},"end":{"line":123,"column":null}},"61":{"start":{"line":124,"column":3},"end":{"line":124,"column":null}},"62":{"start":{"line":125,"column":3},"end":{"line":125,"column":null}},"63":{"start":{"line":128,"column":2},"end":{"line":134,"column":null}},"64":{"start":{"line":129,"column":3},"end":{"line":129,"column":null}},"65":{"start":{"line":130,"column":3},"end":{"line":132,"column":null}},"66":{"start":{"line":131,"column":4},"end":{"line":131,"column":null}},"67":{"start":{"line":133,"column":3},"end":{"line":133,"column":null}},"68":{"start":{"line":135,"column":2},"end":{"line":141,"column":null}},"69":{"start":{"line":136,"column":3},"end":{"line":136,"column":null}},"70":{"start":{"line":137,"column":3},"end":{"line":139,"column":null}},"71":{"start":{"line":138,"column":4},"end":{"line":138,"column":null}},"72":{"start":{"line":140,"column":3},"end":{"line":140,"column":null}},"73":{"start":{"line":143,"column":2},"end":{"line":149,"column":null}},"74":{"start":{"line":144,"column":3},"end":{"line":144,"column":null}},"75":{"start":{"line":145,"column":3},"end":{"line":147,"column":null}},"76":{"start":{"line":146,"column":4},"end":{"line":146,"column":null}},"77":{"start":{"line":148,"column":3},"end":{"line":148,"column":null}},"78":{"start":{"line":150,"column":2},"end":{"line":156,"column":null}},"79":{"start":{"line":151,"column":3},"end":{"line":151,"column":null}},"80":{"start":{"line":152,"column":3},"end":{"line":154,"column":null}},"81":{"start":{"line":153,"column":4},"end":{"line":153,"column":null}},"82":{"start":{"line":155,"column":3},"end":{"line":155,"column":null}},"83":{"start":{"line":157,"column":2},"end":{"line":163,"column":null}},"84":{"start":{"line":158,"column":3},"end":{"line":158,"column":null}},"85":{"start":{"line":159,"column":3},"end":{"line":161,"column":null}},"86":{"start":{"line":160,"column":4},"end":{"line":160,"column":null}},"87":{"start":{"line":162,"column":3},"end":{"line":162,"column":null}},"88":{"start":{"line":165,"column":2},"end":{"line":177,"column":null}},"89":{"start":{"line":166,"column":3},"end":{"line":173,"column":null}},"90":{"start":{"line":167,"column":4},"end":{"line":167,"column":null}},"91":{"start":{"line":168,"column":4},"end":{"line":170,"column":null}},"92":{"start":{"line":169,"column":5},"end":{"line":169,"column":null}},"93":{"start":{"line":171,"column":4},"end":{"line":171,"column":null}},"94":{"start":{"line":172,"column":4},"end":{"line":172,"column":null}},"95":{"start":{"line":174,"column":3},"end":{"line":174,"column":null}},"96":{"start":{"line":175,"column":3},"end":{"line":175,"column":null}},"97":{"start":{"line":176,"column":3},"end":{"line":176,"column":null}},"98":{"start":{"line":179,"column":17},"end":{"line":179,"column":null}},"99":{"start":{"line":180,"column":18},"end":{"line":180,"column":null}},"100":{"start":{"line":181,"column":23},"end":{"line":181,"column":null}},"101":{"start":{"line":183,"column":2},"end":{"line":189,"column":null}},"102":{"start":{"line":184,"column":3},"end":{"line":187,"column":null}},"103":{"start":{"line":185,"column":4},"end":{"line":185,"column":null}},"104":{"start":{"line":186,"column":4},"end":{"line":186,"column":null}},"105":{"start":{"line":188,"column":3},"end":{"line":188,"column":null}},"106":{"start":{"line":190,"column":2},"end":{"line":196,"column":null}},"107":{"start":{"line":191,"column":3},"end":{"line":194,"column":null}},"108":{"start":{"line":192,"column":4},"end":{"line":192,"column":null}},"109":{"start":{"line":193,"column":4},"end":{"line":193,"column":null}},"110":{"start":{"line":195,"column":3},"end":{"line":195,"column":null}},"111":{"start":{"line":198,"column":2},"end":{"line":202,"column":null}},"112":{"start":{"line":199,"column":3},"end":{"line":199,"column":null}},"113":{"start":{"line":200,"column":3},"end":{"line":200,"column":null}},"114":{"start":{"line":201,"column":3},"end":{"line":201,"column":null}},"115":{"start":{"line":204,"column":2},"end":{"line":204,"column":null}},"116":{"start":{"line":205,"column":2},"end":{"line":205,"column":null}},"117":{"start":{"line":15,"column":13},"end":{"line":15,"column":null}}},"fnMap":{"0":{"name":"constructor","decl":{"start":{"line":15,"column":7},"end":{"line":15,"column":13}},"loc":{"start":{"line":15,"column":7},"end":{"line":207,"column":null}},"line":15},"1":{"name":"register","decl":{"start":{"line":25,"column":1},"end":{"line":25,"column":9}},"loc":{"start":{"line":25,"column":9},"end":{"line":29,"column":null}},"line":25},"2":{"name":"(anonymous_2)","decl":{"start":{"line":27,"column":39},"end":{"line":27,"column":40}},"loc":{"start":{"line":27,"column":46},"end":{"line":27,"column":61}},"line":27},"3":{"name":"_registerDiagnostics","decl":{"start":{"line":31,"column":9},"end":{"line":31,"column":29}},"loc":{"start":{"line":31,"column":29},"end":{"line":71,"column":null}},"line":31},"4":{"name":"(anonymous_4)","decl":{"start":{"line":33,"column":82},"end":{"line":33,"column":87}},"loc":{"start":{"line":33,"column":87},"end":{"line":67,"column":null}},"line":33},"5":{"name":"toggle","decl":{"start":{"line":73,"column":1},"end":{"line":73,"column":7}},"loc":{"start":{"line":73,"column":7},"end":{"line":75,"column":null}},"line":73},"6":{"name":"(anonymous_6)","decl":{"start":{"line":74,"column":31},"end":{"line":74,"column":32}},"loc":{"start":{"line":74,"column":38},"end":{"line":74,"column":40}},"line":74},"7":{"name":"close","decl":{"start":{"line":77,"column":1},"end":{"line":77,"column":6}},"loc":{"start":{"line":77,"column":6},"end":{"line":79,"column":null}},"line":77},"8":{"name":"_handle","decl":{"start":{"line":81,"column":9},"end":{"line":81,"column":17}},"loc":{"start":{"line":81,"column":33},"end":{"line":206,"column":null}},"line":81},"9":{"name":"(anonymous_9)","decl":{"start":{"line":96,"column":32},"end":{"line":96,"column":33}},"loc":{"start":{"line":96,"column":39},"end":{"line":96,"column":41}},"line":96}},"branchMap":{"0":{"loc":{"start":{"line":26,"column":2},"end":{"line":26,"column":null}},"type":"if","locations":[{"start":{"line":26,"column":2},"end":{"line":26,"column":null}},{"start":{},"end":{}}],"line":26},"1":{"loc":{"start":{"line":32,"column":2},"end":{"line":32,"column":null}},"type":"if","locations":[{"start":{"line":32,"column":2},"end":{"line":32,"column":null}},{"start":{},"end":{}}],"line":32},"2":{"loc":{"start":{"line":35,"column":18},"end":{"line":35,"column":null}},"type":"cond-expr","locations":[{"start":{"line":35,"column":25},"end":{"line":35,"column":39}},{"start":{"line":35,"column":39},"end":{"line":35,"column":null}}],"line":35},"3":{"loc":{"start":{"line":36,"column":20},"end":{"line":36,"column":null}},"type":"cond-expr","locations":[{"start":{"line":36,"column":29},"end":{"line":36,"column":83}},{"start":{"line":36,"column":83},"end":{"line":36,"column":null}}],"line":36},"4":{"loc":{"start":{"line":47,"column":17},"end":{"line":49,"column":null}},"type":"cond-expr","locations":[{"start":{"line":48,"column":8},"end":{"line":48,"column":null}},{"start":{"line":49,"column":8},"end":{"line":49,"column":null}}],"line":47},"5":{"loc":{"start":{"line":50,"column":21},"end":{"line":50,"column":null}},"type":"binary-expr","locations":[{"start":{"line":50,"column":21},"end":{"line":50,"column":54}},{"start":{"line":50,"column":54},"end":{"line":50,"column":null}}],"line":50},"6":{"loc":{"start":{"line":83,"column":2},"end":{"line":84,"column":null}},"type":"if","locations":[{"start":{"line":83,"column":2},"end":{"line":84,"column":null}},{"start":{},"end":{}}],"line":83},"7":{"loc":{"start":{"line":83,"column":6},"end":{"line":83,"column":null}},"type":"binary-expr","locations":[{"start":{"line":83,"column":6},"end":{"line":83,"column":36}},{"start":{"line":83,"column":36},"end":{"line":83,"column":69}},{"start":{"line":83,"column":69},"end":{"line":83,"column":null}}],"line":83},"8":{"loc":{"start":{"line":89,"column":2},"end":{"line":92,"column":null}},"type":"if","locations":[{"start":{"line":89,"column":2},"end":{"line":92,"column":null}},{"start":{},"end":{}}],"line":89},"9":{"loc":{"start":{"line":94,"column":2},"end":{"line":98,"column":null}},"type":"if","locations":[{"start":{"line":94,"column":2},"end":{"line":98,"column":null}},{"start":{},"end":{}}],"line":94},"10":{"loc":{"start":{"line":100,"column":2},"end":{"line":100,"column":null}},"type":"if","locations":[{"start":{"line":100,"column":2},"end":{"line":100,"column":null}},{"start":{},"end":{}}],"line":100},"11":{"loc":{"start":{"line":102,"column":2},"end":{"line":110,"column":null}},"type":"if","locations":[{"start":{"line":102,"column":2},"end":{"line":110,"column":null}},{"start":{},"end":{}}],"line":102},"12":{"loc":{"start":{"line":104,"column":3},"end":{"line":108,"column":null}},"type":"if","locations":[{"start":{"line":104,"column":3},"end":{"line":108,"column":null}},{"start":{},"end":{}}],"line":104},"13":{"loc":{"start":{"line":112,"column":2},"end":{"line":116,"column":null}},"type":"if","locations":[{"start":{"line":112,"column":2},"end":{"line":116,"column":null}},{"start":{},"end":{}}],"line":112},"14":{"loc":{"start":{"line":112,"column":2},"end":{"line":112,"column":64}},"type":"binary-expr","locations":[{"start":{"line":112,"column":7},"end":{"line":112,"column":22}},{"start":{"line":112,"column":22},"end":{"line":112,"column":38}},{"start":{"line":112,"column":38},"end":{"line":112,"column":52}},{"start":{"line":112,"column":52},"end":{"line":112,"column":64}}],"line":112},"15":{"loc":{"start":{"line":117,"column":2},"end":{"line":121,"column":null}},"type":"if","locations":[{"start":{"line":117,"column":2},"end":{"line":121,"column":null}},{"start":{},"end":{}}],"line":117},"16":{"loc":{"start":{"line":117,"column":6},"end":{"line":117,"column":47}},"type":"binary-expr","locations":[{"start":{"line":117,"column":6},"end":{"line":117,"column":21}},{"start":{"line":117,"column":21},"end":{"line":117,"column":35}},{"start":{"line":117,"column":35},"end":{"line":117,"column":47}}],"line":117},"17":{"loc":{"start":{"line":122,"column":2},"end":{"line":126,"column":null}},"type":"if","locations":[{"start":{"line":122,"column":2},"end":{"line":126,"column":null}},{"start":{},"end":{}}],"line":122},"18":{"loc":{"start":{"line":122,"column":6},"end":{"line":122,"column":60}},"type":"binary-expr","locations":[{"start":{"line":122,"column":6},"end":{"line":122,"column":21}},{"start":{"line":122,"column":21},"end":{"line":122,"column":35}},{"start":{"line":122,"column":35},"end":{"line":122,"column":49}},{"start":{"line":122,"column":49},"end":{"line":122,"column":60}}],"line":122},"19":{"loc":{"start":{"line":128,"column":2},"end":{"line":134,"column":null}},"type":"if","locations":[{"start":{"line":128,"column":2},"end":{"line":134,"column":null}},{"start":{},"end":{}}],"line":128},"20":{"loc":{"start":{"line":128,"column":6},"end":{"line":128,"column":32}},"type":"binary-expr","locations":[{"start":{"line":128,"column":6},"end":{"line":128,"column":19}},{"start":{"line":128,"column":19},"end":{"line":128,"column":32}}],"line":128},"21":{"loc":{"start":{"line":130,"column":3},"end":{"line":132,"column":null}},"type":"if","locations":[{"start":{"line":130,"column":3},"end":{"line":132,"column":null}},{"start":{},"end":{}}],"line":130},"22":{"loc":{"start":{"line":135,"column":2},"end":{"line":141,"column":null}},"type":"if","locations":[{"start":{"line":135,"column":2},"end":{"line":141,"column":null}},{"start":{},"end":{}}],"line":135},"23":{"loc":{"start":{"line":135,"column":6},"end":{"line":135,"column":32}},"type":"binary-expr","locations":[{"start":{"line":135,"column":6},"end":{"line":135,"column":19}},{"start":{"line":135,"column":19},"end":{"line":135,"column":32}}],"line":135},"24":{"loc":{"start":{"line":137,"column":3},"end":{"line":139,"column":null}},"type":"if","locations":[{"start":{"line":137,"column":3},"end":{"line":139,"column":null}},{"start":{},"end":{}}],"line":137},"25":{"loc":{"start":{"line":143,"column":2},"end":{"line":149,"column":null}},"type":"if","locations":[{"start":{"line":143,"column":2},"end":{"line":149,"column":null}},{"start":{},"end":{}}],"line":143},"26":{"loc":{"start":{"line":145,"column":3},"end":{"line":147,"column":null}},"type":"if","locations":[{"start":{"line":145,"column":3},"end":{"line":147,"column":null}},{"start":{},"end":{}}],"line":145},"27":{"loc":{"start":{"line":150,"column":2},"end":{"line":156,"column":null}},"type":"if","locations":[{"start":{"line":150,"column":2},"end":{"line":156,"column":null}},{"start":{},"end":{}}],"line":150},"28":{"loc":{"start":{"line":150,"column":6},"end":{"line":150,"column":34}},"type":"binary-expr","locations":[{"start":{"line":150,"column":6},"end":{"line":150,"column":21}},{"start":{"line":150,"column":21},"end":{"line":150,"column":34}}],"line":150},"29":{"loc":{"start":{"line":152,"column":3},"end":{"line":154,"column":null}},"type":"if","locations":[{"start":{"line":152,"column":3},"end":{"line":154,"column":null}},{"start":{},"end":{}}],"line":152},"30":{"loc":{"start":{"line":157,"column":2},"end":{"line":163,"column":null}},"type":"if","locations":[{"start":{"line":157,"column":2},"end":{"line":163,"column":null}},{"start":{},"end":{}}],"line":157},"31":{"loc":{"start":{"line":157,"column":6},"end":{"line":157,"column":34}},"type":"binary-expr","locations":[{"start":{"line":157,"column":6},"end":{"line":157,"column":21}},{"start":{"line":157,"column":21},"end":{"line":157,"column":34}}],"line":157},"32":{"loc":{"start":{"line":159,"column":3},"end":{"line":161,"column":null}},"type":"if","locations":[{"start":{"line":159,"column":3},"end":{"line":161,"column":null}},{"start":{},"end":{}}],"line":159},"33":{"loc":{"start":{"line":165,"column":2},"end":{"line":177,"column":null}},"type":"if","locations":[{"start":{"line":165,"column":2},"end":{"line":177,"column":null}},{"start":{},"end":{}}],"line":165},"34":{"loc":{"start":{"line":166,"column":3},"end":{"line":173,"column":null}},"type":"if","locations":[{"start":{"line":166,"column":3},"end":{"line":173,"column":null}},{"start":{},"end":{}}],"line":166},"35":{"loc":{"start":{"line":166,"column":7},"end":{"line":166,"column":63}},"type":"binary-expr","locations":[{"start":{"line":166,"column":7},"end":{"line":166,"column":32}},{"start":{"line":166,"column":32},"end":{"line":166,"column":63}}],"line":166},"36":{"loc":{"start":{"line":168,"column":4},"end":{"line":170,"column":null}},"type":"if","locations":[{"start":{"line":168,"column":4},"end":{"line":170,"column":null}},{"start":{},"end":{}}],"line":168},"37":{"loc":{"start":{"line":183,"column":2},"end":{"line":189,"column":null}},"type":"if","locations":[{"start":{"line":183,"column":2},"end":{"line":189,"column":null}},{"start":{},"end":{}}],"line":183},"38":{"loc":{"start":{"line":183,"column":6},"end":{"line":183,"column":34}},"type":"binary-expr","locations":[{"start":{"line":183,"column":6},"end":{"line":183,"column":21}},{"start":{"line":183,"column":21},"end":{"line":183,"column":34}}],"line":183},"39":{"loc":{"start":{"line":184,"column":3},"end":{"line":187,"column":null}},"type":"if","locations":[{"start":{"line":184,"column":3},"end":{"line":187,"column":null}},{"start":{},"end":{}}],"line":184},"40":{"loc":{"start":{"line":190,"column":2},"end":{"line":196,"column":null}},"type":"if","locations":[{"start":{"line":190,"column":2},"end":{"line":196,"column":null}},{"start":{},"end":{}}],"line":190},"41":{"loc":{"start":{"line":190,"column":6},"end":{"line":190,"column":34}},"type":"binary-expr","locations":[{"start":{"line":190,"column":6},"end":{"line":190,"column":21}},{"start":{"line":190,"column":21},"end":{"line":190,"column":34}}],"line":190},"42":{"loc":{"start":{"line":191,"column":3},"end":{"line":194,"column":null}},"type":"if","locations":[{"start":{"line":191,"column":3},"end":{"line":194,"column":null}},{"start":{},"end":{}}],"line":191},"43":{"loc":{"start":{"line":191,"column":7},"end":{"line":191,"column":62}},"type":"binary-expr","locations":[{"start":{"line":191,"column":7},"end":{"line":191,"column":28}},{"start":{"line":191,"column":28},"end":{"line":191,"column":62}}],"line":191},"44":{"loc":{"start":{"line":198,"column":2},"end":{"line":202,"column":null}},"type":"if","locations":[{"start":{"line":198,"column":2},"end":{"line":202,"column":null}},{"start":{},"end":{}}],"line":198},"45":{"loc":{"start":{"line":198,"column":6},"end":{"line":198,"column":65}},"type":"binary-expr","locations":[{"start":{"line":198,"column":6},"end":{"line":198,"column":26}},{"start":{"line":198,"column":26},"end":{"line":198,"column":40}},{"start":{"line":198,"column":40},"end":{"line":198,"column":54}},{"start":{"line":198,"column":54},"end":{"line":198,"column":65}}],"line":198}},"s":{"0":1,"1":1,"2":1,"3":1,"4":1,"5":1,"6":1,"7":1,"8":0,"9":0,"10":0,"11":0,"12":0,"13":0,"14":0,"15":0,"16":0,"17":0,"18":0,"19":0,"20":0,"21":0,"22":0,"23":0,"24":0,"25":0,"26":0,"27":0,"28":0,"29":0,"30":0,"31":0,"32":0,"33":0,"34":0,"35":0,"36":0,"37":0,"38":0,"39":0,"40":0,"41":0,"42":0,"43":0,"44":0,"45":0,"46":0,"47":0,"48":0,"49":0,"50":0,"51":0,"52":0,"53":0,"54":0,"55":0,"56":0,"57":0,"58":0,"59":0,"60":0,"61":0,"62":0,"63":0,"64":0,"65":0,"66":0,"67":0,"68":0,"69":0,"70":0,"71":0,"72":0,"73":0,"74":0,"75":0,"76":0,"77":0,"78":0,"79":0,"80":0,"81":0,"82":0,"83":0,"84":0,"85":0,"86":0,"87":0,"88":0,"89":0,"90":0,"91":0,"92":0,"93":0,"94":0,"95":0,"96":0,"97":0,"98":0,"99":0,"100":0,"101":0,"102":0,"103":0,"104":0,"105":0,"106":0,"107":0,"108":0,"109":0,"110":0,"111":0,"112":0,"113":0,"114":0,"115":0,"116":0,"117":1},"f":{"0":1,"1":0,"2":0,"3":0,"4":0,"5":0,"6":0,"7":0,"8":0,"9":0},"b":{"0":[0,0],"1":[0,0],"2":[0,0],"3":[0,0],"4":[0,0],"5":[0,0],"6":[0,0],"7":[0,0,0],"8":[0,0],"9":[0,0],"10":[0,0],"11":[0,0],"12":[0,0],"13":[0,0],"14":[0,0,0,0],"15":[0,0],"16":[0,0,0],"17":[0,0],"18":[0,0,0,0],"19":[0,0],"20":[0,0],"21":[0,0],"22":[0,0],"23":[0,0],"24":[0,0],"25":[0,0],"26":[0,0],"27":[0,0],"28":[0,0],"29":[0,0],"30":[0,0],"31":[0,0],"32":[0,0],"33":[0,0],"34":[0,0],"35":[0,0],"36":[0,0],"37":[0,0],"38":[0,0],"39":[0,0],"40":[0,0],"41":[0,0],"42":[0,0],"43":[0,0],"44":[0,0],"45":[0,0,0,0]},"meta":{"lastBranch":46,"lastFunction":10,"lastStatement":118,"seen":{"s:6:44:11:Infinity":0,"s:15:7:206:Infinity":1,"f:15:7:15:13":0,"s:16:18:16:Infinity":2,"s:17:18:17:Infinity":3,"s:18:18:18:Infinity":4,"s:20:10:20:Infinity":5,"s:22:9:22:Infinity":6,"s:23:9:23:Infinity":7,"f:25:1:25:9":1,"b:26:2:26:Infinity:undefined:undefined:undefined:undefined":0,"s:26:2:26:Infinity":8,"s:26:23:26:Infinity":9,"s:27:2:27:Infinity":10,"f:27:39:27:40":2,"s:27:46:27:61":11,"s:28:2:28:Infinity":12,"f:31:9:31:29":3,"b:32:2:32:Infinity:undefined:undefined:undefined:undefined":1,"s:32:2:32:Infinity":13,"s:32:23:32:Infinity":14,"s:33:3:67:Infinity":15,"f:33:82:33:87":4,"s:34:16:34:Infinity":16,"s:35:18:35:Infinity":17,"b:35:25:35:39:35:39:35:Infinity":2,"s:36:20:36:Infinity":18,"b:36:29:36:83:36:83:36:Infinity":3,"s:38:18:56:Infinity":19,"b:48:8:48:Infinity:49:8:49:Infinity":4,"b:50:21:50:54:50:54:50:Infinity":5,"s:60:3:62:Infinity":20,"s:64:3:64:Infinity":21,"s:65:3:65:Infinity":22,"s:66:3:66:Infinity":23,"s:69:2:69:Infinity":24,"s:70:2:70:Infinity":25,"f:73:1:73:7":5,"s:74:2:74:Infinity":26,"f:74:31:74:32":6,"s:74:38:74:40":27,"f:77:1:77:6":7,"s:78:2:78:Infinity":28,"f:81:9:81:17":8,"s:82:17:82:Infinity":29,"b:83:2:84:Infinity:undefined:undefined:undefined:undefined":6,"s:83:2:84:Infinity":30,"b:83:6:83:36:83:36:83:69:83:69:83:Infinity":7,"s:84:3:84:Infinity":31,"s:86:14:86:Infinity":32,"s:87:14:87:Infinity":33,"b:89:2:92:Infinity:undefined:undefined:undefined:undefined":8,"s:89:2:92:Infinity":34,"s:90:3:90:Infinity":35,"s:91:3:91:Infinity":36,"b:94:2:98:Infinity:undefined:undefined:undefined:undefined":9,"s:94:2:98:Infinity":37,"s:95:3:95:Infinity":38,"s:96:3:96:Infinity":39,"f:96:32:96:33":9,"s:96:39:96:41":40,"s:97:3:97:Infinity":41,"b:100:2:100:Infinity:undefined:undefined:undefined:undefined":10,"s:100:2:100:Infinity":42,"s:100:31:100:Infinity":43,"b:102:2:110:Infinity:undefined:undefined:undefined:undefined":11,"s:102:2:110:Infinity":44,"s:103:21:103:Infinity":45,"b:104:3:108:Infinity:undefined:undefined:undefined:undefined":12,"s:104:3:108:Infinity":46,"s:105:4:105:Infinity":47,"s:106:4:106:Infinity":48,"s:107:4:107:Infinity":49,"s:109:3:109:Infinity":50,"b:112:2:116:Infinity:undefined:undefined:undefined:undefined":13,"s:112:2:116:Infinity":51,"b:112:7:112:22:112:22:112:38:112:38:112:52:112:52:112:64":14,"s:113:3:113:Infinity":52,"s:114:3:114:Infinity":53,"s:115:3:115:Infinity":54,"b:117:2:121:Infinity:undefined:undefined:undefined:undefined":15,"s:117:2:121:Infinity":55,"b:117:6:117:21:117:21:117:35:117:35:117:47":16,"s:118:3:118:Infinity":56,"s:119:3:119:Infinity":57,"s:120:3:120:Infinity":58,"b:122:2:126:Infinity:undefined:undefined:undefined:undefined":17,"s:122:2:126:Infinity":59,"b:122:6:122:21:122:21:122:35:122:35:122:49:122:49:122:60":18,"s:123:3:123:Infinity":60,"s:124:3:124:Infinity":61,"s:125:3:125:Infinity":62,"b:128:2:134:Infinity:undefined:undefined:undefined:undefined":19,"s:128:2:134:Infinity":63,"b:128:6:128:19:128:19:128:32":20,"s:129:3:129:Infinity":64,"b:130:3:132:Infinity:undefined:undefined:undefined:undefined":21,"s:130:3:132:Infinity":65,"s:131:4:131:Infinity":66,"s:133:3:133:Infinity":67,"b:135:2:141:Infinity:undefined:undefined:undefined:undefined":22,"s:135:2:141:Infinity":68,"b:135:6:135:19:135:19:135:32":23,"s:136:3:136:Infinity":69,"b:137:3:139:Infinity:undefined:undefined:undefined:undefined":24,"s:137:3:139:Infinity":70,"s:138:4:138:Infinity":71,"s:140:3:140:Infinity":72,"b:143:2:149:Infinity:undefined:undefined:undefined:undefined":25,"s:143:2:149:Infinity":73,"s:144:3:144:Infinity":74,"b:145:3:147:Infinity:undefined:undefined:undefined:undefined":26,"s:145:3:147:Infinity":75,"s:146:4:146:Infinity":76,"s:148:3:148:Infinity":77,"b:150:2:156:Infinity:undefined:undefined:undefined:undefined":27,"s:150:2:156:Infinity":78,"b:150:6:150:21:150:21:150:34":28,"s:151:3:151:Infinity":79,"b:152:3:154:Infinity:undefined:undefined:undefined:undefined":29,"s:152:3:154:Infinity":80,"s:153:4:153:Infinity":81,"s:155:3:155:Infinity":82,"b:157:2:163:Infinity:undefined:undefined:undefined:undefined":30,"s:157:2:163:Infinity":83,"b:157:6:157:21:157:21:157:34":31,"s:158:3:158:Infinity":84,"b:159:3:161:Infinity:undefined:undefined:undefined:undefined":32,"s:159:3:161:Infinity":85,"s:160:4:160:Infinity":86,"s:162:3:162:Infinity":87,"b:165:2:177:Infinity:undefined:undefined:undefined:undefined":33,"s:165:2:177:Infinity":88,"b:166:3:173:Infinity:undefined:undefined:undefined:undefined":34,"s:166:3:173:Infinity":89,"b:166:7:166:32:166:32:166:63":35,"s:167:4:167:Infinity":90,"b:168:4:170:Infinity:undefined:undefined:undefined:undefined":36,"s:168:4:170:Infinity":91,"s:169:5:169:Infinity":92,"s:171:4:171:Infinity":93,"s:172:4:172:Infinity":94,"s:174:3:174:Infinity":95,"s:175:3:175:Infinity":96,"s:176:3:176:Infinity":97,"s:179:17:179:Infinity":98,"s:180:18:180:Infinity":99,"s:181:23:181:I
[...]
mn":2},"end":{"line":97,"column":null}},"35":{"start":{"line":100,"column":2},"end":{"line":100,"column":null}},"36":{"start":{"line":103,"column":2},"end":{"line":103,"column":null}},"37":{"start":{"line":106,"column":2},"end":{"line":106,"column":null}},"38":{"start":{"line":109,"column":2},"end":{"line":109,"column":null}},"39":{"start":{"line":112,"column":2},"end":{"line":112,"column":null}},"40":{"start":{"line":115,"column":2},"end":{"line":115,"column":null}},"41":{"start":{"line":13,"column":13},"end":{"line":13,"column":null}}},"fnMap":{"0":{"name":"constructor","decl":{"start":{"line":13,"column":7},"end":{"line":13,"column":13}},"loc":{"start":{"line":13,"column":7},"end":{"line":117,"column":null}},"line":13},"1":{"name":"(anonymous_1)","decl":{"start":{"line":32,"column":32},"end":{"line":32,"column":37}},"loc":{"start":{"line":32,"column":37},"end":{"line":36,"column":2}},"line":32},"2":{"name":"(anonymous_2)","decl":{"start":{"line":38,"column":31},"end":{"line":38,"column":36}},"loc":{"start":{"line":38,"column":36},"end":{"line":42,"column":2}},"line":38},"3":{"name":"(anonymous_3)","decl":{"start":{"line":44,"column":32},"end":{"line":44,"column":37}},"loc":{"start":{"line":44,"column":37},"end":{"line":48,"column":2}},"line":44},"4":{"name":"(anonymous_4)","decl":{"start":{"line":50,"column":35},"end":{"line":50,"column":40}},"loc":{"start":{"line":50,"column":40},"end":{"line":54,"column":2}},"line":50},"5":{"name":"(anonymous_5)","decl":{"start":{"line":56,"column":31},"end":{"line":56,"column":36}},"loc":{"start":{"line":56,"column":36},"end":{"line":59,"column":2}},"line":56},"6":{"name":"(anonymous_6)","decl":{"start":{"line":61,"column":33},"end":{"line":61,"column":38}},"loc":{"start":{"line":61,"column":38},"end":{"line":64,"column":2}},"line":61},"7":{"name":"(anonymous_7)","decl":{"start":{"line":67,"column":36},"end":{"line":67,"column":41}},"loc":{"start":{"line":67,"column":41},"end":{"line":91,"column":2}},"line":67},"8":{"name":"sigmoid","decl":{"start":{"line":27,"column":9},"end":{"line":27,"column":17}},"loc":{"start":{"line":27,"column":26},"end":{"line":29,"column":null}},"line":27},"9":{"name":"updateForget","decl":{"start":{"line":93,"column":1},"end":{"line":93,"column":14}},"loc":{"start":{"line":93,"column":25},"end":{"line":95,"column":null}},"line":93},"10":{"name":"updateInput","decl":{"start":{"line":96,"column":1},"end":{"line":96,"column":13}},"loc":{"start":{"line":96,"column":24},"end":{"line":98,"column":null}},"line":96},"11":{"name":"updateOutput","decl":{"start":{"line":99,"column":1},"end":{"line":99,"column":14}},"loc":{"start":{"line":99,"column":25},"end":{"line":101,"column":null}},"line":99},"12":{"name":"updateXt1","decl":{"start":{"line":102,"column":1},"end":{"line":102,"column":11}},"loc":{"start":{"line":102,"column":22},"end":{"line":104,"column":null}},"line":102},"13":{"name":"updateXt2","decl":{"start":{"line":105,"column":1},"end":{"line":105,"column":11}},"loc":{"start":{"line":105,"column":22},"end":{"line":107,"column":null}},"line":105},"14":{"name":"updateXt3","decl":{"start":{"line":108,"column":1},"end":{"line":108,"column":11}},"loc":{"start":{"line":108,"column":22},"end":{"line":110,"column":null}},"line":108},"15":{"name":"updatePrevHidden","decl":{"start":{"line":111,"column":1},"end":{"line":111,"column":18}},"loc":{"start":{"line":111,"column":29},"end":{"line":113,"column":null}},"line":111},"16":{"name":"updatePrevCell","decl":{"start":{"line":114,"column":1},"end":{"line":114,"column":16}},"loc":{"start":{"line":114,"column":27},"end":{"line":116,"column":null}},"line":114}},"branchMap":{"0":{"loc":{"start":{"line":69,"column":2},"end":{"line":90,"column":null}},"type":"if","locations":[{"start":{"line":69,"column":2},"end":{"line":90,"column":null}},{"start":{"line":76,"column":2},"end":{"line":90,"column":null}}],"line":69},"1":{"loc":{"start":{"line":76,"column":2},"end":{"line":90,"column":null}},"type":"if","locations":[{"start":{"line":76,"column":2},"end":{"line":90,"column":null}},{"start":{"line":83,"column":9},"end":{"line":90,"column":null}}],"line":76}},"s":{"0":1,"1":1,"2":1,"3":1,"4":1,"5":1,"6":1,"7":1,"8":1,"9":1,"10":1,"11":1,"12":1,"13":1,"14":1,"15":1,"16":1,"17":1,"18":1,"19":1,"20":1,"21":1,"22":1,"23":1,"24":1,"25":1,"26":1,"27":1,"28":0,"29":1,"30":0,"31":1,"32":3,"33":0,"34":0,"35":0,"36":0,"37":0,"38":0,"39":0,"40":0,"41":1},"f":{"0":1,"1":1,"2":1,"3":1,"4":1,"5":1,"6":1,"7":1,"8":3,"9":0,"10":0,"11":0,"12":0,"13":0,"14":0,"15":0,"16":0},"b":{"0":[0,1],"1":[0,1]},"meta":{"lastBranch":2,"lastFunction":17,"lastStatement":42,"seen":{"s:13:7:116:Infinity":0,"f:13:7:13:13":0,"s:15:10:15:Infinity":1,"s:16:10:16:Infinity":2,"s:17:10:17:Infinity":3,"s:18:10:18:Infinity":4,"s:19:10:19:Infinity":5,"s:22:10:22:Infinity":6,"s:23:10:23:Infinity":7,"s:24:10:24:Infinity":8,"s:32:10:36:Infinity":9,"f:32:32:32:37":1,"s:34:14:34:Infinity":10,"s:35:2:35:Infinity":11,"s:38:10:42:Infinity":12,"f:38:31:38:36":2,"s:40:14:40:Infinity":13,"s:41:2:41:Infinity":14,"s:44:10:48:Infinity":15,"f:44:32:44:37":3,"s:46:14:46:Infinity":16,"s:47:2:47:Infinity":17,"s:50:10:54:Infinity":18,"f:50:35:50:40":4,"s:52:14:52:Infinity":19,"s:53:2:53:Infinity":20,"s:56:10:59:Infinity":21,"f:56:31:56:36":5,"s:58:2:58:Infinity":22,"s:61:10:64:Infinity":23,"f:61:33:61:38":6,"s:63:2:63:Infinity":24,"s:67:10:91:Infinity":25,"f:67:36:67:41":7,"s:68:12:68:Infinity":26,"b:69:2:90:Infinity:76:2:90:Infinity":0,"s:69:2:90:Infinity":27,"s:70:3:74:Infinity":28,"b:76:2:90:Infinity:83:9:90:Infinity":1,"s:76:2:90:Infinity":29,"s:77:3:81:Infinity":30,"s:84:3:88:Infinity":31,"f:27:9:27:17":8,"s:28:2:28:Infinity":32,"f:93:1:93:14":9,"s:94:2:94:Infinity":33,"f:96:1:96:13":10,"s:97:2:97:Infinity":34,"f:99:1:99:14":11,"s:100:2:100:Infinity":35,"f:102:1:102:11":12,"s:103:2:103:Infinity":36,"f:105:1:105:11":13,"s:106:2:106:Infinity":37,"f:108:1:108:11":14,"s:109:2:109:Infinity":38,"f:111:1:111:18":15,"s:112:2:112:Infinity":39,"f:114:1:114:16":16,"s:115:2:115:Infinity":40,"s:13:13:13:Infinity":41},"fnNames":{}}}
,"/home/runner/work/portfolio/portfolio/src-code/src/app/widgets/mext-thesis-pitch/mext-thesis-pitch.component.css": {"path":"/home/runner/work/portfolio/portfolio/src-code/src/app/widgets/mext-thesis-pitch/mext-thesis-pitch.component.css","statementMap":{},"fnMap":{},"branchMap":{},"s":{},"f":{},"b":{},"meta":{"lastBranch":0,"lastFunction":0,"lastStatement":0,"seen":{},"fnNames":{}}}
,"/home/runner/work/portfolio/portfolio/src-code/src/app/widgets/mext-thesis-pitch/mext-thesis-pitch.component.html": {"path":"/home/runner/work/portfolio/portfolio/src-code/src/app/widgets/mext-thesis-pitch/mext-thesis-pitch.component.html","statementMap":{},"fnMap":{},"branchMap":{},"s":{},"f":{},"b":{},"meta":{"lastBranch":0,"lastFunction":0,"lastStatement":0,"seen":{},"fnNames":{}}}
,"/home/runner/work/portfolio/portfolio/src-code/src/app/widgets/mext-thesis-pitch/mext-thesis-pitch.component.ts": {"path":"/home/runner/work/portfolio/portfolio/src-code/src/app/widgets/mext-thesis-pitch/mext-thesis-pitch.component.ts","statementMap":{"0":{"start":{"line":11,"column":7},"end":{"line":13,"column":null}},"1":{"start":{"line":12,"column":10},"end":{"line":12,"column":null}},"2":{"start":{"line":11,"column":13},"end":{"line":11,"column":null}}},"fnMap":{"0":{"name":"constructor","decl":{"start":{"line":11,"column":7},"end":{"line":11,"column":13}},"loc":{"start":{"line":11,"column":7},"end":{"line":13,"column":null}},"line":11}},"branchMap":{},"s":{"0":1,"1":1,"2":1},"f":{"0":1},"b":{},"meta":{"lastBranch":0,"lastFunction":1,"lastStatement":3,"seen":{"s:11:7:13:Infinity":0,"f:11:7:11:13":0,"s:12:10:12:Infinity":1,"s:11:13:11:Infinity":2},"fnNames":{}}}
,"/home/runner/work/portfolio/portfolio/src-code/src/app/widgets/navbar/navbar.component.css": {"path":"/home/runner/work/portfolio/portfolio/src-code/src/app/widgets/navbar/navbar.component.css","statementMap":{},"fnMap":{},"branchMap":{},"s":{},"f":{},"b":{},"meta":{"lastBranch":0,"lastFunction":0,"lastStatement":0,"seen":{},"fnNames":{}}}
,"/home/runner/work/portfolio/portfolio/src-code/src/app/widgets/navbar/navbar.component.html": {"path":"/home/runner/work/portfolio/portfolio/src-code/src/app/widgets/navbar/navbar.component.html","statementMap":{},"fnMap":{},"branchMap":{},"s":{},"f":{},"b":{},"meta":{"lastBranch":0,"lastFunction":0,"lastStatement":0,"seen":{},"fnNames":{}}}
,"/home/runner/work/portfolio/portfolio/src-code/src/app/widgets/navbar/navbar.component.ts": {"path":"/home/runner/work/portfolio/portfolio/src-code/src/app/widgets/navbar/navbar.component.ts","statementMap":{"0":{"start":{"line":19,"column":29},"end":{"line":23,"column":null}},"1":{"start":{"line":34,"column":7},"end":{"line":43,"column":null}},"2":{"start":{"line":35,"column":10},"end":{"line":35,"column":null}},"3":{"start":{"line":36,"column":10},"end":{"line":36,"column":null}},"4":{"start":{"line":37,"column":10},"end":{"line":37,"column":null}},"5":{"start":{"line":38,"column":10},"end":{"line":38,"column":null}},"6":{"start":{"line":39,"column":10},"end":{"line":39,"column":null}},"7":{"start":{"line":41,"column":10},"end":{"line":41,"column":null}},"8":{"start":{"line":41,"column":40},"end":{"line":41,"column":83}},"9":{"start":{"line":45,"column":2},"end":{"line":45,"column":null}},"10":{"start":{"line":34,"column":13},"end":{"line":34,"column":null}}},"fnMap":{"0":{"name":"constructor","decl":{"start":{"line":34,"column":7},"end":{"line":34,"column":13}},"loc":{"start":{"line":34,"column":7},"end":{"line":47,"column":null}},"line":34},"1":{"name":"(anonymous_1)","decl":{"start":{"line":41,"column":33},"end":{"line":41,"column":40}},"loc":{"start":{"line":41,"column":40},"end":{"line":41,"column":83}},"line":41},"2":{"name":"onScroll","decl":{"start":{"line":44,"column":1},"end":{"line":44,"column":9}},"loc":{"start":{"line":44,"column":9},"end":{"line":46,"column":null}},"line":44}},"branchMap":{"0":{"loc":{"start":{"line":41,"column":40},"end":{"line":41,"column":83}},"type":"cond-expr","locations":[{"start":{"line":41,"column":60},"end":{"line":41,"column":80}},{"start":{"line":41,"column":80},"end":{"line":41,"column":83}}],"line":41}},"s":{"0":2,"1":2,"2":2,"3":2,"4":2,"5":2,"6":2,"7":2,"8":2,"9":0,"10":2},"f":{"0":2,"1":2,"2":0},"b":{"0":[0,2]},"meta":{"lastBranch":1,"lastFunction":3,"lastStatement":11,"seen":{"s:19:29:23:Infinity":0,"s:34:7:43:Infinity":1,"f:34:7:34:13":0,"s:35:10:35:Infinity":2,"s:36:10:36:Infinity":3,"s:37:10:37:Infinity":4,"s:38:10:38:Infinity":5,"s:39:10:39:Infinity":6,"s:41:10:41:Infinity":7,"f:41:33:41:40":1,"s:41:40:41:83":8,"b:41:60:41:80:41:80:41:83":0,"f:44:1:44:9":2,"s:45:2:45:Infinity":9,"s:34:13:34:Infinity":10},"fnNames":{}}}
,"/home/runner/work/portfolio/portfolio/src-code/src/app/widgets/projects-grid/projects-grid.component.css": {"path":"/home/runner/work/portfolio/portfolio/src-code/src/app/widgets/projects-grid/projects-grid.component.css","statementMap":{},"fnMap":{},"branchMap":{},"s":{},"f":{},"b":{},"meta":{"lastBranch":0,"lastFunction":0,"lastStatement":0,"seen":{},"fnNames":{}}}
,"/home/runner/work/portfolio/portfolio/src-code/src/app/widgets/projects-grid/projects-grid.component.html": {"path":"/home/runner/work/portfolio/portfolio/src-code/src/app/widgets/projects-grid/projects-grid.component.html","statementMap":{},"fnMap":{},"branchMap":{},"s":{},"f":{},"b":{},"meta":{"lastBranch":0,"lastFunction":0,"lastStatement":0,"seen":{},"fnNames":{}}}
,"/home/runner/work/portfolio/portfolio/src-code/src/app/widgets/projects-grid/projects-grid.component.ts": {"path":"/home/runner/work/portfolio/portfolio/src-code/src/app/widgets/projects-grid/projects-grid.component.ts","statementMap":{"0":{"start":{"line":16,"column":7},"end":{"line":25,"column":null}},"1":{"start":{"line":17,"column":10},"end":{"line":17,"column":null}},"2":{"start":{"line":18,"column":21},"end":{"line":18,"column":null}},"3":{"start":{"line":19,"column":24},"end":{"line":19,"column":null}},"4":{"start":{"line":21,"column":10},"end":{"line":25,"column":null}},"5":{"start":{"line":22,"column":8},"end":{"line":22,"column":null}},"6":{"start":{"line":23,"column":16},"end":{"line":23,"column":null}},"7":{"start":{"line":24,"column":2},"end":{"line":24,"column":null}},"8":{"start":{"line":16,"column":13},"end":{"line":16,"column":null}}},"fnMap":{"0":{"name":"constructor","decl":{"start":{"line":16,"column":7},"end":{"line":16,"column":13}},"loc":{"start":{"line":16,"column":7},"end":{"line":25,"column":null}},"line":16},"1":{"name":"(anonymous_1)","decl":{"start":{"line":21,"column":30},"end":{"line":21,"column":35}},"loc":{"start":{"line":21,"column":35},"end":{"line":25,"column":2}},"line":21}},"branchMap":{"0":{"loc":{"start":{"line":24,"column":9},"end":{"line":24,"column":null}},"type":"cond-expr","locations":[{"start":{"line":24,"column":25},"end":{"line":24,"column":47}},{"start":{"line":24,"column":47},"end":{"line":24,"column":null}}],"line":24}},"s":{"0":1,"1":1,"2":1,"3":1,"4":1,"5":1,"6":1,"7":1,"8":1},"f":{"0":1,"1":1},"b":{"0":[0,1]},"meta":{"lastBranch":1,"lastFunction":2,"lastStatement":9,"seen":{"s:16:7:25:Infinity":0,"f:16:7:16:13":0,"s:17:10:17:Infinity":1,"s:18:21:18:Infinity":2,"s:19:24:19:Infinity":3,"s:21:10:25:Infinity":4,"f:21:30:21:35":1,"s:22:8:22:Infinity":5,"s:23:16:23:Infinity":6,"s:24:2:24:Infinity":7,"b:24:25:24:47:24:47:24:Infinity":0,"s:16:13:16:Infinity":8},"fnNames":{}}}
,"/home/runner/work/portfolio/portfolio/src-code/src/app/widgets/skills-section/skills-section.component.css": {"path":"/home/runner/work/portfolio/portfolio/src-code/src/app/widgets/skills-section/skills-section.component.css","statementMap":{},"fnMap":{},"branchMap":{},"s":{},"f":{},"b":{},"meta":{"lastBranch":0,"lastFunction":0,"lastStatement":0,"seen":{},"fnNames":{}}}
,"/home/runner/work/portfolio/portfolio/src-code/src/app/widgets/skills-section/skills-section.component.html": {"path":"/home/runner/work/portfolio/portfolio/src-code/src/app/widgets/skills-section/skills-section.component.html","statementMap":{},"fnMap":{},"branchMap":{},"s":{},"f":{},"b":{},"meta":{"lastBranch":0,"lastFunction":0,"lastStatement":0,"seen":{},"fnNames":{}}}
,"/home/runner/work/portfolio/portfolio/src-code/src/app/widgets/skills-section/skills-section.component.ts": {"path":"/home/runner/work/portfolio/portfolio/src-code/src/app/widgets/skills-section/skills-section.component.ts","statementMap":{"0":{"start":{"line":7,"column":66},"end":{"line":38,"column":null}},"1":{"start":{"line":51,"column":7},"end":{"line":55,"column":null}},"2":{"start":{"line":52,"column":20},"end":{"line":52,"column":null}},"3":{"start":{"line":53,"column":10},"end":{"line":53,"column":null}},"4":{"start":{"line":55,"column":10},"end":{"line":55,"column":null}},"5":{"start":{"line":55,"column":41},"end":{"line":55,"column":79}},"6":{"start":{"line":51,"column":13},"end":{"line":51,"column":null}}},"fnMap":{"0":{"name":"constructor","decl":{"start":{"line":51,"column":7},"end":{"line":51,"column":13}},"loc":{"start":{"line":51,"column":7},"end":{"line":55,"column":null}},"line":51},"1":{"name":"(anonymous_1)","decl":{"start":{"line":55,"column":35},"end":{"line":55,"column":41}},"loc":{"start":{"line":55,"column":41},"end":{"line":55,"column":79}},"line":55}},"branchMap":{},"s":{"0":1,"1":1,"2":2,"3":2,"4":2,"5":1,"6":1},"f":{"0":2,"1":1},"b":{},"meta":{"lastBranch":0,"lastFunction":2,"lastStatement":7,"seen":{"s:7:66:38:Infinity":0,"s:51:7:55:Infinity":1,"f:51:7:51:13":0,"s:52:20:52:Infinity":2,"s:53:10:53:Infinity":3,"s:55:10:55:Infinity":4,"f:55:35:55:41":1,"s:55:41:55:79":5,"s:51:13:51:Infinity":6},"fnNames":{}}}
,"/home/runner/work/portfolio/portfolio/src-code/src/app/widgets/star-ledger/star-ledger/star-ledger.component.css": {"path":"/home/runner/work/portfolio/portfolio/src-code/src/app/widgets/star-ledger/star-ledger/star-ledger.component.css","statementMap":{},"fnMap":{},"branchMap":{},"s":{},"f":{},"b":{},"meta":{"lastBranch":0,"lastFunction":0,"lastStatement":0,"seen":{},"fnNames":{}}}
,"/home/runner/work/portfolio/portfolio/src-code/src/app/widgets/star-ledger/star-ledger/star-ledger.component.html": {"path":"/home/runner/work/portfolio/portfolio/src-code/src/app/widgets/star-ledger/star-ledger/star-ledger.component.html","statementMap":{},"fnMap":{},"branchMap":{},"s":{},"f":{},"b":{},"meta":{"lastBranch":0,"lastFunction":0,"lastStatement":0,"seen":{},"fnNames":{}}}
,"/home/runner/work/portfolio/portfolio/src-code/src/app/widgets/star-ledger/star-ledger/star-ledger.component.ts": {"path":"/home/runner/work/portfolio/portfolio/src-code/src/app/widgets/star-ledger/star-ledger/star-ledger.component.ts","statementMap":{"0":{"start":{"line":7,"column":53},"end":{"line":13,"column":null}},"1":{"start":{"line":23,"column":7},"end":{"line":46,"column":null}},"2":{"start":{"line":24,"column":10},"end":{"line":24,"column":null}},"3":{"start":{"line":25,"column":10},"end":{"line":25,"column":null}},"4":{"start":{"line":26,"column":10},"end":{"line":26,"column":null}},"5":{"start":{"line":28,"column":10},"end":{"line":31,"column":null}},"6":{"start":{"line":29,"column":12},"end":{"line":29,"column":null}},"7":{"start":{"line":30,"column":2},"end":{"line":30,"column":null}},"8":{"start":{"line":30,"column":63},"end":{"line":30,"column":79}},"9":{"start":{"line":34,"column":2},"end":{"line":34,"column":null}},"10":{"start":{"line":34,"column":35},"end":{"line":34,"column":58}},"11":{"start":{"line":38,"column":50},"end":{"line":43,"column":null}},"12":{"start":{"line":45,"column":2},"end":{"line":45,"column":null}},"13":{"start":{"line":23,"column":13},"end":{"line":23,"column":null}}},"fnMap":{"0":{"name":"constructor","decl":{"start":{"line":23,"column":7},"end":{"line":23,"column":13}},"loc":{"start":{"line":23,"column":7},"end":{"line":47,"column":null}},"line":23},"1":{"name":"(anonymous_1)","decl":{"start":{"line":28,"column":42},"end":{"line":28,"column":47}},"loc":{"start":{"line":28,"column":47},"end":{"line":31,"column":2}},"line":28},"2":{"name":"(anonymous_2)","decl":{"start":{"line":30,"column":56},"end":{"line":30,"column":57}},"loc":{"start":{"line":30,"column":63},"end":{"line":30,"column":79}},"line":30},"3":{"name":"toggleExpand","decl":{"start":{"line":33,"column":1},"end":{"line":33,"column":14}},"loc":{"start":{"line":33,"column":24},"end":{"line":35,"column":null}},"line":33},"4":{"name":"(anonymous_4)","decl":{"start":{"line":34,"column":25},"end":{"line":34,"column":26}},"loc":{"start":{"line":34,"column":35},"end":{"line":34,"column":58}},"line":34},"5":{"name":"categoryColor","decl":{"start":{"line":37,"column":1},"end":{"line":37,"column":15}},"loc":{"start":{"line":37,"column":38},"end":{"line":46,"column":null}},"line":37}},"branchMap":{"0":{"loc":{"start":{"line":30,"column":9},"end":{"line":30,"column":null}},"type":"cond-expr","locations":[{"start":{"line":30,"column":23},"end":{"line":30,"column":37}},{"start":{"line":30,"column":37},"end":{"line":30,"column":null}}],"line":30},"1":{"loc":{"start":{"line":34,"column":35},"end":{"line":34,"column":58}},"type":"cond-expr","locations":[{"start":{"line":34,"column":48},"end":{"line":34,"column":55}},{"start":{"line":34,"column":55},"end":{"line":34,"column":58}}],"line":34}},"s":{"0":1,"1":1,"2":1,"3":1,"4":1,"5":1,"6":1,"7":1,"8":0,"9":0,"10":0,"11":6,"12":6,"13":1},"f":{"0":1,"1":1,"2":0,"3":0,"4":0,"5":6},"b":{"0":[1,0],"1":[0,0]},"meta":{"lastBranch":2,"lastFunction":6,"lastStatement":14,"seen":{"s:7:53:13:Infinity":0,"s:23:7:46:Infinity":1,"f:23:7:23:13":0,"s:24:10:24:Infinity":2,"s:25:10:25:Infinity":3,"s:26:10:26:Infinity":4,"s:28:10:31:Infinity":5,"f:28:42:28:47":1,"s:29:12:29:Infinity":6,"s:30:2:30:Infinity":7,"b:30:23:30:37:30:37:30:Infinity":0,"f:30:56:30:57":2,"s:30:63:30:79":8,"f:33:1:33:14":3,"s:34:2:34:Infinity":9,"f:34:25:34:26":4,"s:34:35:34:58":10,"b:34:48:34:55:34:55:34:58":1,"f:37:1:37:15":5,"s:38:50:43:Infinity":11,"s:45:2:45:Infinity":12,"s:23:13:23:Infinity":13},"fnNames":{}}}
}
