{"/home/runner/work/portfolio/portfolio/src-code/src/app/app.ts": {"path":"/home/runner/work/portfolio/portfolio/src-code/src/app/app.ts","statementMap":{"0":{"start":{"line":53,"column":7},"end":{"line":103,"column":null}},"1":{"start":{"line":65,"column":25},"end":{"line":65,"column":45}},"2":{"start":{"line":54,"column":18},"end":{"line":54,"column":null}},"3":{"start":{"line":55,"column":18},"end":{"line":55,"column":null}},"4":{"start":{"line":56,"column":18},"end":{"line":56,"column":null}},"5":{"start":{"line":57,"column":18},"end":{"line":57,"column":null}},"6":{"start":{"line":58,"column":18},"end":{"line":58,"column":null}},"7":{"start":{"line":59,"column":18},"end":{"line":59,"column":null}},"8":{"start":{"line":68,"column":2},"end":{"line":102,"column":null}},"9":{"start":{"line":72,"column":3},"end":{"line":95,"column":null}},"10":{"start":{"line":73,"column":44},"end":{"line":73,"column":70}},"11":{"start":{"line":75,"column":22},"end":{"line":75,"column":76}},"12":{"start":{"line":77,"column":5},"end":{"line":94,"column":null}},"13":{"start":{"line":79,"column":6},"end":{"line":88,"column":null}},"14":{"start":{"line":80,"column":18},"end":{"line":80,"column":56}},"15":{"start":{"line":81,"column":7},"end":{"line":81,"column":null}},"16":{"start":{"line":81,"column":16},"end":{"line":81,"column":null}},"17":{"start":{"line":83,"column":23},"end":{"line":83,"column":90}},"18":{"start":{"line":85,"column":7},"end":{"line":87,"column":null}},"19":{"start":{"line":86,"column":8},"end":{"line":86,"column":null}},"20":{"start":{"line":91,"column":6},"end":{"line":93,"column":null}},"21":{"start":{"line":92,"column":7},"end":{"line":92,"column":null}},"22":{"start":{"line":97,"column":3},"end":{"line":101,"column":null}},"23":{"start":{"line":98,"column":4},"end":{"line":98,"column":null}},"24":{"start":{"line":99,"column":4},"end":{"line":99,"column":null}},"25":{"start":{"line":100,"column":4},"end":{"line":100,"column":null}},"26":{"start":{"line":53,"column":13},"end":{"line":104,"column":null}}},"fnMap":{"0":{"name":"constructor","decl":{"start":{"line":67,"column":1},"end":{"line":67,"column":null}},"loc":{"start":{"line":67,"column":1},"end":{"line":103,"column":null}},"line":67},"1":{"name":"(anonymous_1)","decl":{"start":{"line":73,"column":17},"end":{"line":73,"column":18}},"loc":{"start":{"line":73,"column":44},"end":{"line":73,"column":70}},"line":73},"2":{"name":"(anonymous_2)","decl":{"start":{"line":74,"column":15},"end":{"line":74,"column":16}},"loc":{"start":{"line":74,"column":25},"end":{"line":95,"column":5}},"line":74},"3":{"name":"(anonymous_3)","decl":{"start":{"line":79,"column":17},"end":{"line":79,"column":20}},"loc":{"start":{"line":79,"column":22},"end":{"line":88,"column":7}},"line":79},"4":{"name":"(anonymous_4)","decl":{"start":{"line":97,"column":14},"end":{"line":97,"column":17}},"loc":{"start":{"line":97,"column":19},"end":{"line":101,"column":4}},"line":97}},"branchMap":{"0":{"loc":{"start":{"line":68,"column":2},"end":{"line":102,"column":null}},"type":"if","locations":[{"start":{"line":68,"column":2},"end":{"line":102,"column":null}},{"start":{},"end":{}}],"line":68},"1":{"loc":{"start":{"line":77,"column":5},"end":{"line":94,"column":null}},"type":"if","locations":[{"start":{"line":77,"column":5},"end":{"line":94,"column":null}},{"start":{"line":89,"column":12},"end":{"line":94,"column":null}}],"line":77},"2":{"loc":{"start":{"line":81,"column":7},"end":{"line":81,"column":null}},"type":"if","locations":[{"start":{"line":81,"column":7},"end":{"line":81,"column":null}},{"start":{},"end":{}}],"line":81},"3":{"loc":{"start":{"line":85,"column":7},"end":{"line":87,"column":null}},"type":"if","locations":[{"start":{"line":85,"column":7},"end":{"line":87,"column":null}},{"start":{},"end":{}}],"line":85},"4":{"loc":{"start":{"line":91,"column":6},"end":{"line":93,"column":null}},"type":"if","locations":[{"start":{"line":91,"column":6},"end":{"line":93,"column":null}},{"start":{},"end":{}}],"line":91}},"s":{"0":1,"1":1,"2":1,"3":1,"4":1,"5":1,"6":1,"7":1,"8":1,"9":1,"10":4,"11":1,"12":1,"13":0,"14":0,"15":0,"16":0,"17":0,"18":0,"19":0,"20":1,"21":1,"22":1,"23":1,"24":1,"25":1,"26":1},"f":{"0":1,"1":4,"2":1,"3":0,"4":1},"b":{"0":[1,0],"1":[0,1],"2":[0,0],"3":[0,0],"4":[1,0]},"meta":{"lastBranch":5,"lastFunction":5,"lastStatement":27,"seen":{"s:53:7:103:Infinity":0,"s:65:25:65:45":1,"f:67:1:67:Infinity":0,"s:54:18:54:Infinity":2,"s:55:18:55:Infinity":3,"s:56:18:56:Infinity":4,"s:57:18:57:Infinity":5,"s:58:18:58:Infinity":6,"s:59:18:59:Infinity":7,"b:68:2:102:Infinity:undefined:undefined:undefined:undefined":0,"s:68:2:102:Infinity":8,"s:72:3:95:Infinity":9,"f:73:17:73:18":1,"s:73:44:73:70":10,"f:74:15:74:16":2,"s:75:22:75:76":11,"b:77:5:94:Infinity:89:12:94:Infinity":1,"s:77:5:94:Infinity":12,"s:79:6:88:Infinity":13,"f:79:17:79:20":3,"s:80:18:80:56":14,"b:81:7:81:Infinity:undefined:undefined:undefined:undefined":2,"s:81:7:81:Infinity":15,"s:81:16:81:Infinity":16,"s:83:23:83:90":17,"b:85:7:87:Infinity:undefined:undefined:undefined:undefined":3,"s:85:7:87:Infinity":18,"s:86:8:86:Infinity":19,"b:91:6:93:Infinity:undefined:undefined:undefined:undefined":4,"s:91:6:93:Infinity":20,"s:92:7:92:Infinity":21,"s:97:3:101:Infinity":22,"f:97:14:97:17":4,"s:98:4:98:Infinity":23,"s:99:4:99:Infinity":24,"s:100:4:100:Infinity":25,"s:53:13:104:Infinity":26},"fnNames":{}}}
,"/home/runner/work/portfolio/portfolio/src-code/src/app/entities/education/model/education.data.ts": {"path":"/home/runner/work/portfolio/portfolio/src-code/src/app/entities/education/model/education.data.ts","statementMap":{"0":{"start":{"line":5,"column":1},"end":{"line":13,"column":null}}},"fnMap":{"0":{"name":"getEducationData","decl":{"start":{"line":4,"column":16},"end":{"line":4,"column":32}},"loc":{"start":{"line":4,"column":67},"end":{"line":14,"column":null}},"line":4}},"branchMap":{},"s":{"0":18},"f":{"0":18},"b":{},"meta":{"lastBranch":0,"lastFunction":1,"lastStatement":1,"seen":{"f:4:16:4:32":0,"s:5:1:13:Infinity":0},"fnNames":{}}}
,"/home/runner/work/portfolio/portfolio/src-code/src/app/entities/experience/model/experience.data.ts": {"path":"/home/runner/work/portfolio/portfolio/src-code/src/app/entities/experience/model/experience.data.ts","statementMap":{"0":{"start":{"line":5,"column":1},"end":{"line":28,"column":null}}},"fnMap":{"0":{"name":"getExperienceData","decl":{"start":{"line":4,"column":16},"end":{"line":4,"column":33}},"loc":{"start":{"line":4,"column":68},"end":{"line":29,"column":null}},"line":4}},"branchMap":{},"s":{"0":26},"f":{"0":26},"b":{},"meta":{"lastBranch":0,"lastFunction":1,"lastStatement":1,"seen":{"f:4:16:4:33":0,"s:5:1:28:Infinity":0},"fnNames":{}}}
,"/home/runner/work/portfolio/portfolio/src-code/src/app/entities/experience/model/star.data.ts": {"path":"/home/runner/work/portfolio/portfolio/src-code/src/app/entities/experience/model/star.data.ts","statementMap":{"0":{"start":{"line":3,"column":40},"end":{"line":142,"column":null}}},"fnMap":{},"branchMap":{},"s":{"0":3},"f":{},"b":{},"meta":{"lastBranch":0,"lastFunction":0,"lastStatement":1,"seen":{"s:3:40:142:Infinity":0},"fnNames":{}}}
,"/home/runner/work/portfolio/portfolio/src-code/src/app/entities/experience/ui/experience-item/experience-item.component.css": {"path":"/home/runner/work/portfolio/portfolio/src-code/src/app/entities/experience/ui/experience-item/experience-item.component.css","statementMap":{},"fnMap":{},"branchMap":{},"s":{},"f":{},"b":{},"meta":{"lastBranch":0,"lastFunction":0,"lastStatement":0,"seen":{},"fnNames":{}}}
,"/home/runner/work/portfolio/portfolio/src-code/src/app/entities/experience/ui/experience-item/experience-item.component.ts": {"path":"/home/runner/work/portfolio/portfolio/src-code/src/app/entities/experience/ui/experience-item/experience-item.component.ts","statementMap":{"0":{"start":{"line":13,"column":7},"end":{"line":14,"column":null}},"1":{"start":{"line":14,"column":17},"end":{"line":14,"column":null}},"2":{"start":{"line":13,"column":13},"end":{"line":15,"column":null}}},"fnMap":{"0":{"name":"constructor","decl":{"start":{"line":13,"column":7},"end":{"line":13,"column":13}},"loc":{"start":{"line":13,"column":7},"end":{"line":14,"column":null}},"line":13}},"branchMap":{},"s":{"0":4,"1":4,"2":4},"f":{"0":4},"b":{},"meta":{"lastBranch":0,"lastFunction":1,"lastStatement":3,"seen":{"s:13:7:14:Infinity":0,"f:13:7:13:13":0,"s:14:17:14:Infinity":1,"s:13:13:15:Infinity":2},"fnNames":{}}}
,"/home/runner/work/portfolio/portfolio/src-code/src/app/entities/project/model/project.data.ts": {"path":"/home/runner/work/portfolio/portfolio/src-code/src/app/entities/project/model/project.data.ts","statementMap":{"0":{"start":{"line":6,"column":1},"end":{"line":44,"column":null}}},"fnMap":{"0":{"name":"getProjectsData","decl":{"start":{"line":5,"column":16},"end":{"line":5,"column":31}},"loc":{"start":{"line":5,"column":66},"end":{"line":45,"column":null}},"line":5}},"branchMap":{},"s":{"0":29},"f":{"0":29},"b":{},"meta":{"lastBranch":0,"lastFunction":1,"lastStatement":1,"seen":{"f:5:16:5:31":0,"s:6:1:44:Infinity":0},"fnNames":{}}}
,"/home/runner/work/portfolio/portfolio/src-code/src/app/entities/project/ui/project-card/project-card.component.css": {"path":"/home/runner/work/portfolio/portfolio/src-code/src/app/entities/project/ui/project-card/project-card.component.css","statementMap":{},"fnMap":{},"branchMap":{},"s":{},"f":{},"b":{},"meta":{"lastBranch":0,"lastFunction":0,"lastStatement":0,"seen":{},"fnNames":{}}}
,"/home/runner/work/portfolio/portfolio/src-code/src/app/entities/project/ui/project-card/project-card.component.ts": {"path":"/home/runner/work/portfolio/portfolio/src-code/src/app/entities/project/ui/project-card/project-card.component.ts","statementMap":{"0":{"start":{"line":5,"column":17},"end":{"line":5,"column":18}},"1":{"start":{"line":15,"column":7},"end":{"line":23,"column":null}},"2":{"start":{"line":16,"column":20},"end":{"line":16,"column":null}},"3":{"start":{"line":17,"column":22},"end":{"line":17,"column":null}},"4":{"start":{"line":19,"column":10},"end":{"line":19,"column":null}},"5":{"start":{"line":19,"column":38},"end":{"line":19,"column":83}},"6":{"start":{"line":21,"column":10},"end":{"line":21,"column":null}},"7":{"start":{"line":21,"column":39},"end":{"line":21,"column":77}},"8":{"start":{"line":23,"column":10},"end":{"line":23,"column":null}},"9":{"start":{"line":23,"column":43},"end":{"line":23,"column":93}},"10":{"start":{"line":15,"column":13},"end":{"line":24,"column":null}}},"fnMap":{"0":{"name":"constructor","decl":{"start":{"line":15,"column":7},"end":{"line":15,"column":13}},"loc":{"start":{"line":15,"column":7},"end":{"line":23,"column":null}},"line":15},"1":{"name":"(anonymous_1)","decl":{"start":{"line":19,"column":32},"end":{"line":19,"column":35}},"loc":{"start":{"line":19,"column":38},"end":{"line":19,"column":83}},"line":19},"2":{"name":"(anonymous_2)","decl":{"start":{"line":21,"column":33},"end":{"line":21,"column":36}},"loc":{"start":{"line":21,"column":39},"end":{"line":21,"column":77}},"line":21},"3":{"name":"(anonymous_3)","decl":{"start":{"line":23,"column":37},"end":{"line":23,"column":40}},"loc":{"start":{"line":23,"column":43},"end":{"line":23,"column":93}},"line":23}},"branchMap":{},"s":{"0":4,"1":4,"2":12,"3":12,"4":12,"5":12,"6":12,"7":12,"8":12,"9":12,"10":4},"f":{"0":12,"1":12,"2":12,"3":12},"b":{},"meta":{"lastBranch":0,"lastFunction":4,"lastStatement":11,"seen":{"s:5:17:5:18":0,"s:15:7:23:Infinity":1,"f:15:7:15:13":0,"s:16:20:16:Infinity":2,"s:17:22:17:Infinity":3,"s:19:10:19:Infinity":4,"f:19:32:19:35":1,"s:19:38:19:83":5,"s:21:10:21:Infinity":6,"f:21:33:21:36":2,"s:21:39:21:77":7,"s:23:10:23:Infinity":8,"f:23:37:23:40":3,"s:23:43:23:93":9,"s:15:13:24:Infinity":10},"fnNames":{}}}
,"/home/runner/work/portfolio/portfolio/src-code/src/app/entities/technology/model/technology.model.ts": {"path":"/home/runner/work/portfolio/portfolio/src-code/src/app/entities/technology/model/technology.model.ts","statementMap":{"0":{"start":{"line":6,"column":20},"end":{"line":35,"column":null}},"1":{"start":{"line":39,"column":44},"end":{"line":52,"column":null}}},"fnMap":{},"branchMap":{},"s":{"0":10,"1":10},"f":{},"b":{},"meta":{"lastBranch":0,"lastFunction":0,"lastStatement":2,"seen":{"s:6:20:35:Infinity":0,"s:39:44:52:Infinity":1},"fnNames":{}}}
,"/home/runner/work/portfolio/portfolio/src-code/src/app/features/language-picker/language-picker.component.css": {"path":"/home/runner/work/portfolio/portfolio/src-code/src/app/features/language-picker/language-picker.component.css","statementMap":{},"fnMap":{},"branchMap":{},"s":{},"f":{},"b":{},"meta":{"lastBranch":0,"lastFunction":0,"lastStatement":0,"seen":{},"fnNames":{}}}
,"/home/runner/work/portfolio/portfolio/src-code/src/app/features/language-picker/language-picker.component.ts": {"path":"/home/runner/work/portfolio/portfolio/src-code/src/app/features/language-picker/language-picker.component.ts","statementMap":{"0":{"start":{"line":12,"column":7},"end":{"line":14,"column":null}},"1":{"start":{"line":13,"column":10},"end":{"line":13,"column":null}},"2":{"start":{"line":12,"column":13},"end":{"line":14,"column":null}}},"fnMap":{"0":{"name":"constructor","decl":{"start":{"line":12,"column":7},"end":{"line":12,"column":13}},"loc":{"start":{"line":12,"column":7},"end":{"line":14,"column":1}},"line":12}},"branchMap":{},"s":{"0":1,"1":1,"2":1},"f":{"0":1},"b":{},"meta":{"lastBranch":0,"lastFunction":1,"lastStatement":3,"seen":{"s:12:7:14:Infinity":0,"f:12:7:12:13":0,"s:13:10:13:Infinity":1,"s:12:13:14:Infinity":2},"fnNames":{}}}
,"/home/runner/work/portfolio/portfolio/src-code/src/app/features/mode-switcher/terminal-switcher/terminal-switcher.component.css": {"path":"/home/runner/work/portfolio/portfolio/src-code/src/app/features/mode-switcher/terminal-switcher/terminal-switcher.component.css","statementMap":{},"fnMap":{},"branchMap":{},"s":{},"f":{},"b":{},"meta":{"lastBranch":0,"lastFunction":0,"lastStatement":0,"seen":{},"fnNames":{}}}
,"/home/runner/work/portfolio/portfolio/src-code/src/app/features/mode-switcher/terminal-switcher/terminal-switcher.component.ts": {"path":"/home/runner/work/portfolio/portfolio/src-code/src/app/features/mode-switcher/terminal-switcher/terminal-switcher.component.ts","statementMap":{"0":{"start":{"line":12,"column":7},"end":{"line":28,"column":null}},"1":{"start":{"line":13,"column":10},"end":{"line":13,"column":null}},"2":{"start":{"line":14,"column":18},"end":{"line":14,"column":null}},"3":{"start":{"line":17,"column":2},"end":{"line":17,"column":null}},"4":{"start":{"line":17,"column":42},"end":{"line":17,"column":null}},"5":{"start":{"line":18,"column":2},"end":{"line":26,"column":null}},"6":{"start":{"line":19,"column":3},"end":{"line":19,"column":null}},"7":{"start":{"line":20,"column":3},"end":{"line":23,"column":null}},"8":{"start":{"line":21,"column":4},"end":{"line":21,"column":null}},"9":{"start":{"line":22,"column":4},"end":{"line":22,"column":null}},"10":{"start":{"line":25,"column":3},"end":{"line":25,"column":null}},"11":{"start":{"line":12,"column":13},"end":{"line":28,"column":null}}},"fnMap":{"0":{"name":"constructor","decl":{"start":{"line":12,"column":7},"end":{"line":12,"column":13}},"loc":{"start":{"line":12,"column":7},"end":{"line":28,"column":1}},"line":12},"1":{"name":"switchMode","decl":{"start":{"line":16,"column":1},"end":{"line":16,"column":11}},"loc":{"start":{"line":16,"column":58},"end":{"line":27,"column":null}},"line":16},"2":{"name":"(anonymous_2)","decl":{"start":{"line":20,"column":14},"end":{"line":20,"column":17}},"loc":{"start":{"line":20,"column":19},"end":{"line":23,"column":4}},"line":20}},"branchMap":{"0":{"loc":{"start":{"line":17,"column":2},"end":{"line":17,"column":null}},"type":"if","locations":[{"start":{"line":17,"column":2},"end":{"line":17,"column":null}},{"start":{},"end":{}}],"line":17},"1":{"loc":{"start":{"line":18,"column":2},"end":{"line":26,"column":null}},"type":"if","locations":[{"start":{"line":18,"column":2},"end":{"line":26,"column":null}},{"start":{"line":24,"column":9},"end":{"line":26,"column":null}}],"line":18}},"s":{"0":1,"1":1,"2":1,"3":1,"4":0,"5":1,"6":1,"7":1,"8":1,"9":1,"10":0,"11":1},"f":{"0":1,"1":1,"2":1},"b":{"0":[0,1],"1":[1,0]},"meta":{"lastBranch":2,"lastFunction":3,"lastStatement":12,"seen":{"s:12:7:28:Infinity":0,"f:12:7:12:13":0,"s:13:10:13:Infinity":1,"s:14:18:14:Infinity":2,"f:16:1:16:11":1,"b:17:2:17:Infinity:undefined:undefined:undefined:undefined":0,"s:17:2:17:Infinity":3,"s:17:42:17:Infinity":4,"b:18:2:26:Infinity:24:9:26:Infinity":1,"s:18:2:26:Infinity":5,"s:19:3:19:Infinity":6,"s:20:3:23:Infinity":7,"f:20:14:20:17":2,"s:21:4:21:Infinity":8,"s:22:4:22:Infinity":9,"s:25:3:25:Infinity":10,"s:12:13:28:Infinity":11},"fnNames":{}}}
,"/home/runner/work/portfolio/portfolio/src-code/src/app/features/utility-panel/utility-panel.component.css": {"path":"/home/runner/work/portfolio/portfolio/src-code/src/app/features/utility-panel/utility-panel.component.css","statementMap":{},"fnMap":{},"branchMap":{},"s":{},"f":{},"b":{},"meta":{"lastBranch":0,"lastFunction":0,"lastStatement":0,"seen":{},"fnNames":{}}}
,"/home/runner/work/portfolio/portfolio/src-code/src/app/features/utility-panel/utility-panel.component.ts": {"path":"/home/runner/work/portfolio/portfolio/src-code/src/app/features/utility-panel/utility-panel.component.ts","statementMap":{"0":{"start":{"line":25,"column":7},"end":{"line":37,"column":null}},"1":{"start":{"line":26,"column":10},"end":{"line":26,"column":null}},"2":{"start":{"line":27,"column":10},"end":{"line":27,"column":null}},"3":{"start":{"line":28,"column":10},"end":{"line":28,"column":null}},"4":{"start":{"line":29,"column":18},"end":{"line":29,"column":null}},"5":{"start":{"line":30,"column":18},"end":{"line":30,"column":null}},"6":{"start":{"line":31,"column":18},"end":{"line":31,"column":null}},"7":{"start":{"line":33,"column":10},"end":{"line":33,"column":null}},"8":{"start":{"line":34,"column":10},"end":{"line":34,"column":null}},"9":{"start":{"line":35,"column":10},"end":{"line":35,"column":null}},"10":{"start":{"line":39,"column":2},"end":{"line":39,"column":null}},"11":{"start":{"line":39,"column":20},"end":{"line":39,"column":null}},"12":{"start":{"line":40,"column":2},"end":{"line":42,"column":null}},"13":{"start":{"line":41,"column":3},"end":{"line":41,"column":null}},"14":{"start":{"line":46,"column":2},"end":{"line":46,"column":null}},"15":{"start":{"line":46,"column":26},"end":{"line":46,"column":28}},"16":{"start":{"line":50,"column":2},"end":{"line":50,"column":null}},"17":{"start":{"line":50,"column":22},"end":{"line":50,"column":null}},"18":{"start":{"line":51,"column":2},"end":{"line":51,"column":null}},"19":{"start":{"line":55,"column":2},"end":{"line":55,"column":null}},"20":{"start":{"line":55,"column":42},"end":{"line":55,"column":null}},"21":{"start":{"line":56,"column":2},"end":{"line":64,"column":null}},"22":{"start":{"line":57,"column":3},"end":{"line":57,"column":null}},"23":{"start":{"line":58,"column":3},"end":{"line":61,"column":null}},"24":{"start":{"line":59,"column":4},"end":{"line":59,"column":null}},"25":{"start":{"line":60,"column":4},"end":{"line":60,"column":null}},"26":{"start":{"line":63,"column":3},"end":{"line":63,"column":null}},"27":{"start":{"line":68,"column":2},"end":{"line":68,"column":null}},"28":{"start":{"line":68,"column":23},"end":{"line":68,"column":null}},"29":{"start":{"line":69,"column":2},"end":{"line":78,"column":null}},"30":{"start":{"line":70,"column":3},"end":{"line":70,"column":null}},"31":{"start":{"line":72,"column":14},"end":{"line":72,"column":45}},"32":{"start":{"line":73,"column":3},"end":{"line":73,"column":null}},"33":{"start":{"line":74,"column":3},"end":{"line":74,"column":null}},"34":{"start":{"line":75,"column":3},"end":{"line":75,"column":null}},"35":{"start":{"line":76,"column":3},"end":{"line":76,"column":null}},"36":{"start":{"line":77,"column":3},"end":{"line":77,"column":null}},"37":{"start":{"line":79,"column":2},"end":{"line":79,"column":null}},"38":{"start":{"line":80,"column":2},"end":{"line":80,"column":null}},"39":{"start":{"line":80,"column":19},"end":{"line":80,"column":46}},"40":{"start":{"line":84,"column":2},"end":{"line":84,"column":null}},"41":{"start":{"line":85,"column":2},"end":{"line":85,"column":null}},"42":{"start":{"line":25,"column":13},"end":{"line":87,"column":null}}},"fnMap":{"0":{"name":"constructor","decl":{"start":{"line":25,"column":7},"end":{"line":25,"column":13}},"loc":{"start":{"line":25,"column":7},"end":{"line":87,"column":1}},"line":25},"1":{"name":"onDocumentClick","decl":{"start":{"line":38,"column":1},"end":{"line":38,"column":16}},"loc":{"start":{"line":38,"column":34},"end":{"line":43,"column":null}},"line":38},"2":{"name":"toggleOpen","decl":{"start":{"line":45,"column":1},"end":{"line":45,"column":11}},"loc":{"start":{"line":45,"column":11},"end":{"line":47,"column":null}},"line":45},"3":{"name":"(anonymous_3)","decl":{"start":{"line":46,"column":19},"end":{"line":46,"column":20}},"loc":{"start":{"line":46,"column":26},"end":{"line":46,"column":28}},"line":46},"4":{"name":"scrollToTop","decl":{"start":{"line":49,"column":1},"end":{"line":49,"column":12}},"loc":{"start":{"line":49,"column":12},"end":{"line":52,"column":null}},"line":49},"5":{"name":"switchMode","decl":{"start":{"line":54,"column":1},"end":{"line":54,"column":11}},"loc":{"start":{"line":54,"column":58},"end":{"line":65,"column":null}},"line":54},"6":{"name":"(anonymous_6)","decl":{"start":{"line":58,"column":14},"end":{"line":58,"column":17}},"loc":{"start":{"line":58,"column":19},"end":{"line":61,"column":4}},"line":58},"7":{"name":"copyEmail","decl":{"start":{"line":67,"column":7},"end":{"line":67,"column":16}},"loc":{"start":{"line":67,"column":16},"end":{"line":81,"column":null}},"line":67},"8":{"name":"(anonymous_8)","decl":{"start":{"line":80,"column":13},"end":{"line":80,"column":16}},"loc":{"start":{"line":80,"column":19},"end":{"line":80,"column":46}},"line":80},"9":{"name":"openShortcuts","decl":{"start":{"line":83,"column":1},"end":{"line":83,"column":14}},"loc":{"start":{"line":83,"column":14},"end":{"line":86,"column":null}},"line":83}},"branchMap":{"0":{"loc":{"start":{"line":39,"column":2},"end":{"line":39,"column":null}},"type":"if","locations":[{"start":{"line":39,"column":2},"end":{"line":39,"column":null}},{"start":{},"end":{}}],"line":39},"1":{"loc":{"start":{"line":40,"column":2},"end":{"line":42,"column":null}},"type":"if","locations":[{"start":{"line":40,"column":2},"end":{"line":42,"column":null}},{"start":{},"end":{}}],"line":40},"2":{"loc":{"start":{"line":50,"column":2},"end":{"line":50,"column":null}},"type":"if","locations":[{"start":{"line":50,"column":2},"end":{"line":50,"column":null}},{"start":{},"end":{}}],"line":50},"3":{"loc":{"start":{"line":55,"column":2},"end":{"line":55,"column":null}},"type":"if","locations":[{"start":{"line":55,"column":2},"end":{"line":55,"column":null}},{"start":{},"end":{}}],"line":55},"4":{"loc":{"start":{"line":56,"column":2},"end":{"line":64,"column":null}},"type":"if","locations":[{"start":{"line":56,"column":2},"end":{"line":64,"column":null}},{"start":{"line":62,"column":9},"end":{"line":64,"column":null}}],"line":56},"5":{"loc":{"start":{"line":68,"column":2},"end":{"line":68,"column":null}},"type":"if","locations":[{"start":{"line":68,"column":2},"end":{"line":68,"column":null}},{"start":{},"end":{}}],"line":68}},"s":{"0":2,"1":3,"2":3,"3":3,"4":3,"5":3,"6":3,"7":3,"8":3,"9":3,"10":4,"11":0,"12":4,"13":0,"14":2,"15":2,"16":0,"17":0,"18":0,"19":0,"20":0,"21":0,"22":0,"23":0,"24":0,"25":0,"26":0,"27":0,"28":0,"29":0,"30":0,"31":0,"32":0,"33":0,"34":0,"35":0,"36":0,"37":0,"38":0,"39":0,"40":0,"41":0,"42":2},"f":{"0":3,"1":4,"2":2,"3":2,"4":0,"5":0,"6":0,"7":0,"8":0,"9":0},"b":{"0":[0,4],"1":[0,4],"2":[0,0],"3":[0,0],"4":[0,0],"5":[0,0]},"meta":{"lastBranch":6,"lastFunction":10,"lastStatement":43,"seen":{"s:25:7:37:Infinity":0,"f:25:7:25:13":0,"s:26:10:26:Infinity":1,"s:27:10:27:Infinity":2,"s:28:10:28:Infinity":3,"s:29:18:29:Infinity":4,"s:30:18:30:Infinity":5,"s:31:18:31:Infinity":6,"s:33:10:33:Infinity":7,"s:34:10:34:Infinity":8,"s:35:10:35:Infinity":9,"f:38:1:38:16":1,"b:39:2:39:Infinity:undefined:undefined:undefined:undefined":0,"s:39:2:39:Infinity":10,"s:39:20:39:Infinity":11,"b:40:2:42:Infinity:undefined:undefined:undefined:undefined":1,"s:40:2:42:Infinity":12,"s:41:3:41:Infinity":13,"f:45:1:45:11":2,"s:46:2:46:Infinity":14,"f:46:19:46:20":3,"s:46:26:46:28":15,"f:49:1:49:12":4,"b:50:2:50:Infinity:undefined:undefined:undefined:undefined":2,"s:50:2:50:Infinity":16,"s:50:22:50:Infinity":17,"s:51:2:51:Infinity":18,"f:54:1:54:11":5,"b:55:2:55:Infinity:undefined:undefined:undefined:undefined":3,"s:55:2:55:Infinity":19,"s:55:42:55:Infinity":20,"b:56:2:64:Infinity:62:9:64:Infinity":4,"s:56:2:64:Infinity":21,"s:57:3:57:Infinity":22,"s:58:3:61:Infinity":23,"f:58:14:58:17":6,"s:59:4:59:Infinity":24,"s:60:4:60:Infinity":25,"s:63:3:63:Infinity":26,"f:67:7:67:16":7,"b:68:2:68:Infinity:undefined:undefined:undefined:undefined":5,"s:68:2:68:Infinity":27,"s:68:23:68:Infinity":28,"s:69:2:78:Infinity":29,"s:70:3:70:Infinity":30,"s:72:14:72:45":31,"s:73:3:73:Infinity":32,"s:74:3:74:Infinity":33,"s:75:3:75:Infinity":34,"s:76:3:76:Infinity":35,"s:77:3:77:Infinity":36,"s:79:2:79:Infinity":37,"s:80:2:80:Infinity":38,"f:80:13:80:16":8,"s:80:19:80:46":39,"f:83:1:83:14":9,"s:84:2:84:Infinity":40,"s:85:2:85:Infinity":41,"s:25:13:87:Infinity":42},"fnNames":{}}}
,"/home/runner/work/portfolio/portfolio/src-code/src/app/features/utility-panel/shortcuts-modal/shortcuts-modal.component.css": {"path":"/home/runner/work/portfolio/portfolio/src-code/src/app/features/utility-panel/shortcuts-modal/shortcuts-modal.component.css","statementMap":{},"fnMap":{},"branchMap":{},"s":{},"f":{},"b":{},"meta":{"lastBranch":0,"lastFunction":0,"lastStatement":0,"seen":{},"fnNames":{}}}
,"/home/runner/work/portfolio/portfolio/src-code/src/app/features/utility-panel/shortcuts-modal/shortcuts-modal.component.ts": {"path":"/home/runner/work/portfolio/portfolio/src-code/src/app/features/utility-panel/shortcuts-modal/shortcuts-modal.component.ts","statementMap":{"0":{"start":{"line":10,"column":41},"end":{"line":51,"column":null}},"1":{"start":{"line":60,"column":7},"end":{"line":69,"column":null}},"2":{"start":{"line":61,"column":10},"end":{"line":61,"column":null}},"3":{"start":{"line":62,"column":10},"end":{"line":62,"column":null}},"4":{"start":{"line":65,"column":2},"end":{"line":67,"column":null}},"5":{"start":{"line":66,"column":3},"end":{"line":66,"column":null}},"6":{"start":{"line":60,"column":13},"end":{"line":69,"column":null}}},"fnMap":{"0":{"name":"constructor","decl":{"start":{"line":60,"column":7},"end":{"line":60,"column":13}},"loc":{"start":{"line":60,"column":7},"end":{"line":69,"column":1}},"line":60},"1":{"name":"closeOnBackdrop","decl":{"start":{"line":64,"column":1},"end":{"line":64,"column":16}},"loc":{"start":{"line":64,"column":25},"end":{"line":68,"column":null}},"line":64}},"branchMap":{"0":{"loc":{"start":{"line":65,"column":2},"end":{"line":67,"column":null}},"type":"if","locations":[{"start":{"line":65,"column":2},"end":{"line":67,"column":null}},{"start":{},"end":{}}],"line":65}},"s":{"0":3,"1":3,"2":5,"3":5,"4":1,"5":0,"6":3},"f":{"0":5,"1":1},"b":{"0":[0,1]},"meta":{"lastBranch":1,"lastFunction":2,"lastStatement":7,"seen":{"s:10:41:51:Infinity":0,"s:60:7:69:Infinity":1,"f:60:7:60:13":0,"s:61:10:61:Infinity":2,"s:62:10:62:Infinity":3,"f:64:1:64:16":1,"b:65:2:67:Infinity:undefined:undefined:undefined:undefined":0,"s:65:2:67:Infinity":4,"s:66:3:66:Infinity":5,"s:60:13:69:Infinity":6},"fnNames":{}}}
,"/home/runner/work/portfolio/portfolio/src-code/src/app/pages/[...].page.css": {"path":"/home/runner/work/portfolio/portfolio/src-code/src/app/pages/[...].page.css","statementMap":{},"fnMap":{},"branchMap":{},"s":{},"f":{},"b":{},"meta":{"lastBranch":0,"lastFunction":0,"lastStatement":0,"seen":{},"fnNames":{}}}
,"/home/runner/work/portfolio/portfolio/src-code/src/app/pages/[...].page.ts": {"path":"/home/runner/work/portfolio/portfolio/src-code/src/app/pages/[...].page.ts","statementMap":{"0":{"start":{"line":14,"column":15},"end":{"line":24,"column":null}},"1":{"start":{"line":15,"column":10},"end":{"line":15,"column":null}},"2":{"start":{"line":16,"column":18},"end":{"line":16,"column":null}},"3":{"start":{"line":19,"column":2},"end":{"line":22,"column":null}},"4":{"start":{"line":14,"column":21},"end":{"line":24,"column":null}}},"fnMap":{"0":{"name":"constructor","decl":{"start":{"line":14,"column":15},"end":{"line":14,"column":21}},"loc":{"start":{"line":14,"column":15},"end":{"line":24,"column":1}},"line":14},"1":{"name":"ngOnInit","decl":{"start":{"line":18,"column":1},"end":{"line":18,"column":9}},"loc":{"start":{"line":18,"column":9},"end":{"line":23,"column":null}},"line":18}},"branchMap":{},"s":{"0":1,"1":4,"2":4,"3":4,"4":1},"f":{"0":4,"1":4},"b":{},"meta":{"lastBranch":0,"lastFunction":2,"lastStatement":5,"seen":{"s:14:15:24:Infinity":0,"f:14:15:14:21":0,"s:15:10:15:Infinity":1,"s:16:18:16:Infinity":2,"f:18:1:18:9":1,"s:19:2:22:Infinity":3,"s:14:21:24:Infinity":4},"fnNames":{}}}
,"/home/runner/work/portfolio/portfolio/src-code/src/app/pages/about.page.ts": {"path":"/home/runner/work/portfolio/portfolio/src-code/src/app/pages/about.page.ts","statementMap":{"0":{"start":{"line":19,"column":15},"end":{"line":30,"column":null}},"1":{"start":{"line":20,"column":10},"end":{"line":20,"column":null}},"2":{"start":{"line":21,"column":18},"end":{"line":21,"column":null}},"3":{"start":{"line":24,"column":2},"end":{"line":28,"column":null}},"4":{"start":{"line":19,"column":21},"end":{"line":30,"column":null}}},"fnMap":{"0":{"name":"constructor","decl":{"start":{"line":19,"column":15},"end":{"line":19,"column":21}},"loc":{"start":{"line":19,"column":15},"end":{"line":30,"column":1}},"line":19},"1":{"name":"ngOnInit","decl":{"start":{"line":23,"column":1},"end":{"line":23,"column":9}},"loc":{"start":{"line":23,"column":9},"end":{"line":29,"column":null}},"line":23}},"branchMap":{},"s":{"0":1,"1":1,"2":1,"3":1,"4":1},"f":{"0":1,"1":1},"b":{},"meta":{"lastBranch":0,"lastFunction":2,"lastStatement":5,"seen":{"s:19:15:30:Infinity":0,"f:19:15:19:21":0,"s:20:10:20:Infinity":1,"s:21:18:21:Infinity":2,"f:23:1:23:9":1,"s:24:2:28:Infinity":3,"s:19:21:30:Infinity":4},"fnNames":{}}}
,"/home/runner/work/portfolio/portfolio/src-code/src/app/pages/experience.page.ts": {"path":"/home/runner/work/portfolio/portfolio/src-code/src/app/pages/experience.page.ts","statementMap":{"0":{"start":{"line":47,"column":15},"end":{"line":58,"column":null}},"1":{"start":{"line":48,"column":10},"end":{"line":48,"column":null}},"2":{"start":{"line":49,"column":18},"end":{"line":49,"column":null}},"3":{"start":{"line":52,"column":2},"end":{"line":56,"column":null}},"4":{"start":{"line":47,"column":21},"end":{"line":58,"column":null}}},"fnMap":{"0":{"name":"constructor","decl":{"start":{"line":47,"column":15},"end":{"line":47,"column":21}},"loc":{"start":{"line":47,"column":15},"end":{"line":58,"column":1}},"line":47},"1":{"name":"ngOnInit","decl":{"start":{"line":51,"column":1},"end":{"line":51,"column":9}},"loc":{"start":{"line":51,"column":9},"end":{"line":57,"column":null}},"line":51}},"branchMap":{},"s":{"0":1,"1":1,"2":1,"3":1,"4":1},"f":{"0":1,"1":1},"b":{},"meta":{"lastBranch":0,"lastFunction":2,"lastStatement":5,"seen":{"s:47:15:58:Infinity":0,"f:47:15:47:21":0,"s:48:10:48:Infinity":1,"s:49:18:49:Infinity":2,"f:51:1:51:9":1,"s:52:2:56:Infinity":3,"s:47:21:58:Infinity":4},"fnNames":{}}}
,"/home/runner/work/portfolio/portfolio/src-code/src/app/pages/index.page.ts": {"path":"/home/runner/work/portfolio/portfolio/src-code/src/app/pages/index.page.ts","statementMap":{"0":{"start":{"line":228,"column":15},"end":{"line":255,"column":null}},"1":{"start":{"line":229,"column":10},"end":{"line":229,"column":null}},"2":{"start":{"line":230,"column":10},"end":{"line":230,"column":null}},"3":{"start":{"line":231,"column":10},"end":{"line":231,"column":null}},"4":{"start":{"line":232,"column":18},"end":{"line":232,"column":null}},"5":{"start":{"line":235,"column":2},"end":{"line":253,"column":null}},"6":{"start":{"line":228,"column":21},"end":{"line":255,"column":null}}},"fnMap":{"0":{"name":"constructor","decl":{"start":{"line":228,"column":15},"end":{"line":228,"column":21}},"loc":{"start":{"line":228,"column":15},"end":{"line":255,"column":1}},"line":228},"1":{"name":"ngOnInit","decl":{"start":{"line":234,"column":1},"end":{"line":234,"column":9}},"loc":{"start":{"line":234,"column":9},"end":{"line":254,"column":null}},"line":234}},"branchMap":{},"s":{"0":1,"1":1,"2":1,"3":1,"4":1,"5":1,"6":1},"f":{"0":1,"1":1},"b":{},"meta":{"lastBranch":0,"lastFunction":2,"lastStatement":7,"seen":{"s:228:15:255:Infinity":0,"f:228:15:228:21":0,"s:229:10:229:Infinity":1,"s:230:10:230:Infinity":2,"s:231:10:231:Infinity":3,"s:232:18:232:Infinity":4,"f:234:1:234:9":1,"s:235:2:253:Infinity":5,"s:228:21:255:Infinity":6},"fnNames":{}}}
,"/home/runner/work/portfolio/portfolio/src-code/src/app/pages/projects.page.ts": {"path":"/home/runner/work/portfolio/portfolio/src-code/src/app/pages/projects.page.ts","statementMap":{"0":{"start":{"line":73,"column":15},"end":{"line":103,"column":null}},"1":{"start":{"line":74,"column":10},"end":{"line":74,"column":null}},"2":{"start":{"line":75,"column":18},"end":{"line":75,"column":null}},"3":{"start":{"line":77,"column":10},"end":{"line":77,"column":null}},"4":{"start":{"line":79,"column":10},"end":{"line":79,"column":null}},"5":{"start":{"line":79,"column":38},"end":{"line":79,"column":69}},"6":{"start":{"line":81,"column":10},"end":{"line":87,"column":null}},"7":{"start":{"line":81,"column":38},"end":{"line":87,"column":3}},"8":{"start":{"line":84,"column":16},"end":{"line":84,"column":26}},"9":{"start":{"line":85,"column":32},"end":{"line":85,"column":35}},"10":{"start":{"line":89,"column":10},"end":{"line":94,"column":null}},"11":{"start":{"line":90,"column":17},"end":{"line":90,"column":36}},"12":{"start":{"line":91,"column":2},"end":{"line":93,"column":null}},"13":{"start":{"line":93,"column":38},"end":{"line":93,"column":59}},"14":{"start":{"line":97,"column":2},"end":{"line":101,"column":null}},"15":{"start":{"line":73,"column":21},"end":{"line":103,"column":null}}},"fnMap":{"0":{"name":"constructor","decl":{"start":{"line":73,"column":15},"end":{"line":73,"column":21}},"loc":{"start":{"line":73,"column":15},"end":{"line":103,"column":1}},"line":73},"1":{"name":"(anonymous_1)","decl":{"start":{"line":79,"column":33},"end":{"line":79,"column":36}},"loc":{"start":{"line":79,"column":38},"end":{"line":79,"column":69}},"line":79},"2":{"name":"(anonymous_2)","decl":{"start":{"line":81,"column":32},"end":{"line":81,"column":35}},"loc":{"start":{"line":81,"column":38},"end":{"line":87,"column":3}},"line":81},"3":{"name":"(anonymous_3)","decl":{"start":{"line":84,"column":9},"end":{"line":84,"column":10}},"loc":{"start":{"line":84,"column":16},"end":{"line":84,"column":26}},"line":84},"4":{"name":"(anonymous_4)","decl":{"start":{"line":85,"column":12},"end":{"line":85,"column":13}},"loc":{"start":{"line":85,"column":32},"end":{"line":85,"column":35}},"line":85},"5":{"name":"(anonymous_5)","decl":{"start":{"line":89,"column":38},"end":{"line":89,"column":41}},"loc":{"start":{"line":89,"column":43},"end":{"line":94,"column":2}},"line":89},"6":{"name":"(anonymous_6)","decl":{"start":{"line":93,"column":31},"end":{"line":93,"column":32}},"loc":{"start":{"line":93,"column":38},"end":{"line":93,"column":59}},"line":93},"7":{"name":"ngOnInit","decl":{"start":{"line":96,"column":1},"end":{"line":96,"column":9}},"loc":{"start":{"line":96,"column":9},"end":{"line":102,"column":null}},"line":96}},"branchMap":{"0":{"loc":{"start":{"line":91,"column":9},"end":{"line":93,"column":60}},"type":"cond-expr","locations":[{"start":{"line":92,"column":5},"end":{"line":92,"column":null}},{"start":{"line":93,"column":5},"end":{"line":93,"column":60}}],"line":91}},"s":{"0":1,"1":1,"2":1,"3":1,"4":1,"5":1,"6":1,"7":1,"8":4,"9":4,"10":1,"11":1,"12":1,"13":0,"14":1,"15":1},"f":{"0":1,"1":1,"2":1,"3":4,"4":4,"5":1,"6":0,"7":1},"b":{"0":[1,0]},"meta":{"lastBranch":1,"lastFunction":8,"lastStatement":16,"seen":{"s:73:15:103:Infinity":0,"f:73:15:73:21":0,"s:74:10:74:Infinity":1,"s:75:18:75:Infinity":2,"s:77:10:77:Infinity":3,"s:79:10:79:Infinity":4,"f:79:33:79:36":1,"s:79:38:79:69":5,"s:81:10:87:Infinity":6,"f:81:32:81:35":2,"s:81:38:87:3":7,"f:84:9:84:10":3,"s:84:16:84:26":8,"f:85:12:85:13":4,"s:85:32:85:35":9,"s:89:10:94:Infinity":10,"f:89:38:89:41":5,"s:90:17:90:36":11,"s:91:2:93:Infinity":12,"b:92:5:92:Infinity:93:5:93:60":0,"f:93:31:93:32":6,"s:93:38:93:59":13,"f:96:1:96:9":7,"s:97:2:101:Infinity":14,"s:73:21:103:Infinity":15},"fnNames":{}}}
,"/home/runner/work/portfolio/portfolio/src-code/src/app/pages/resume.page.ts": {"path":"/home/runner/work/portfolio/portfolio/src-code/src/app/pages/resume.page.ts","statementMap":{"0":{"start":{"line":13,"column":15},"end":{"line":24,"column":null}},"1":{"start":{"line":14,"column":10},"end":{"line":14,"column":null}},"2":{"start":{"line":15,"column":18},"end":{"line":15,"column":null}},"3":{"start":{"line":18,"column":2},"end":{"line":22,"column":null}},"4":{"start":{"line":13,"column":21},"end":{"line":24,"column":null}}},"fnMap":{"0":{"name":"constructor","decl":{"start":{"line":13,"column":15},"end":{"line":13,"column":21}},"loc":{"start":{"line":13,"column":15},"end":{"line":24,"column":1}},"line":13},"1":{"name":"ngOnInit","decl":{"start":{"line":17,"column":1},"end":{"line":17,"column":9}},"loc":{"start":{"line":17,"column":9},"end":{"line":23,"column":null}},"line":17}},"branchMap":{},"s":{"0":1,"1":2,"2":2,"3":3,"4":1},"f":{"0":2,"1":3},"b":{},"meta":{"lastBranch":0,"lastFunction":2,"lastStatement":5,"seen":{"s:13:15:24:Infinity":0,"f:13:15:13:21":0,"s:14:10:14:Infinity":1,"s:15:18:15:Infinity":2,"f:17:1:17:9":1,"s:18:2:22:Infinity":3,"s:13:21:24:Infinity":4},"fnNames":{}}}
,"/home/runner/work/portfolio/portfolio/src-code/src/app/pages/skills.page.ts": {"path":"/home/runner/work/portfolio/portfolio/src-code/src/app/pages/skills.page.ts","statementMap":{"0":{"start":{"line":28,"column":15},"end":{"line":39,"column":null}},"1":{"start":{"line":29,"column":10},"end":{"line":29,"column":null}},"2":{"start":{"line":30,"column":18},"end":{"line":30,"column":null}},"3":{"start":{"line":33,"column":2},"end":{"line":37,"column":null}},"4":{"start":{"line":28,"column":21},"end":{"line":39,"column":null}}},"fnMap":{"0":{"name":"constructor","decl":{"start":{"line":28,"column":15},"end":{"line":28,"column":21}},"loc":{"start":{"line":28,"column":15},"end":{"line":39,"column":1}},"line":28},"1":{"name":"ngOnInit","decl":{"start":{"line":32,"column":1},"end":{"line":32,"column":9}},"loc":{"start":{"line":32,"column":9},"end":{"line":38,"column":null}},"line":32}},"branchMap":{},"s":{"0":1,"1":1,"2":1,"3":1,"4":1},"f":{"0":1,"1":1},"b":{},"meta":{"lastBranch":0,"lastFunction":2,"lastStatement":5,"seen":{"s:28:15:39:Infinity":0,"f:28:15:28:21":0,"s:29:10:29:Infinity":1,"s:30:18:30:Infinity":2,"f:32:1:32:9":1,"s:33:2:37:Infinity":3,"s:28:21:39:Infinity":4},"fnNames":{}}}
,"/home/runner/work/portfolio/portfolio/src-code/src/app/pages/notes/[slug].page.css": {"path":"/home/runner/work/portfolio/portfolio/src-code/src/app/pages/notes/[slug].page.css","statementMap":{},"fnMap":{},"branchMap":{},"s":{},"f":{},"b":{},"meta":{"lastBranch":0,"lastFunction":0,"lastStatement":0,"seen":{},"fnNames":{}}}
,"/home/runner/work/portfolio/portfolio/src-code/src/app/pages/notes/[slug].page.ts": {"path":"/home/runner/work/portfolio/portfolio/src-code/src/app/pages/notes/[slug].page.ts","statementMap":{"0":{"start":{"line":18,"column":15},"end":{"line":40,"column":null}},"1":{"start":{"line":19,"column":10},"end":{"line":19,"column":null}},"2":{"start":{"line":20,"column":18},"end":{"line":20,"column":null}},"3":{"start":{"line":22,"column":10},"end":{"line":22,"column":null}},"4":{"start":{"line":23,"column":10},"end":{"line":23,"column":null}},"5":{"start":{"line":26,"column":15},"end":{"line":26,"column":26}},"6":{"start":{"line":27,"column":2},"end":{"line":38,"column":null}},"7":{"start":{"line":28,"column":3},"end":{"line":28,"column":null}},"8":{"start":{"line":29,"column":3},"end":{"line":32,"column":null}},"9":{"start":{"line":34,"column":3},"end":{"line":37,"column":null}},"10":{"start":{"line":18,"column":21},"end":{"line":40,"column":null}}},"fnMap":{"0":{"name":"constructor","decl":{"start":{"line":18,"column":15},"end":{"line":18,"column":21}},"loc":{"start":{"line":18,"column":15},"end":{"line":40,"column":1}},"line":18},"1":{"name":"ngOnInit","decl":{"start":{"line":25,"column":1},"end":{"line":25,"column":9}},"loc":{"start":{"line":25,"column":9},"end":{"line":39,"column":null}},"line":25}},"branchMap":{"0":{"loc":{"start":{"line":27,"column":2},"end":{"line":38,"column":null}},"type":"if","locations":[{"start":{"line":27,"column":2},"end":{"line":38,"column":null}},{"start":{"line":33,"column":9},"end":{"line":38,"column":null}}],"line":27},"1":{"loc":{"start":{"line":27,"column":6},"end":{"line":27,"column":38}},"type":"binary-expr","locations":[{"start":{"line":27,"column":6},"end":{"line":27,"column":11}},{"start":{"line":27,"column":15},"end":{"line":27,"column":38}}],"line":27}},"s":{"0":1,"1":2,"2":2,"3":2,"4":2,"5":2,"6":2,"7":1,"8":1,"9":1,"10":1},"f":{"0":2,"1":2},"b":{"0":[1,1],"1":[2,2]},"meta":{"lastBranch":2,"lastFunction":2,"lastStatement":11,"seen":{"s:18:15:40:Infinity":0,"f:18:15:18:21":0,"s:19:10:19:Infinity":1,"s:20:18:20:Infinity":2,"s:22:10:22:Infinity":3,"s:23:10:23:Infinity":4,"f:25:1:25:9":1,"s:26:15:26:26":5,"b:27:2:38:Infinity:33:9:38:Infinity":0,"s:27:2:38:Infinity":6,"b:27:6:27:11:27:15:27:38":1,"s:28:3:28:Infinity":7,"s:29:3:32:Infinity":8,"s:34:3:37:Infinity":9,"s:18:21:40:Infinity":10},"fnNames":{}}}
,"/home/runner/work/portfolio/portfolio/src-code/src/app/pages/notes/index.page.css": {"path":"/home/runner/work/portfolio/portfolio/src-code/src/app/pages/notes/index.page.css","statementMap":{},"fnMap":{},"branchMap":{},"s":{},"f":{},"b":{},"meta":{"lastBranch":0,"lastFunction":0,"lastStatement":0,"seen":{},"fnNames":{}}}
,"/home/runner/work/portfolio/portfolio/src-code/src/app/pages/notes/index.page.ts": {"path":"/home/runner/work/portfolio/portfolio/src-code/src/app/pages/notes/index.page.ts","statementMap":{"0":{"start":{"line":31,"column":15},"end":{"line":77,"column":null}},"1":{"start":{"line":32,"column":10},"end":{"line":32,"column":null}},"2":{"start":{"line":33,"column":18},"end":{"line":33,"column":null}},"3":{"start":{"line":36,"column":18},"end":{"line":36,"column":null}},"4":{"start":{"line":38,"column":10},"end":{"line":38,"column":null}},"5":{"start":{"line":39,"column":10},"end":{"line":39,"column":null}},"6":{"start":{"line":42,"column":10},"end":{"line":59,"column":null}},"7":{"start":{"line":43,"column":16},"end":{"line":43,"column":55}},"8":{"start":{"line":44,"column":14},"end":{"line":44,"column":35}},"9":{"start":{"line":46,"column":2},"end":{"line":58,"column":null}},"10":{"start":{"line":48,"column":28},"end":{"line":48,"column":77}},"11":{"start":{"line":50,"column":5},"end":{"line":53,"column":71}},"12":{"start":{"line":53,"column":39},"end":{"line":53,"column":70}},"13":{"start":{"line":54,"column":4},"end":{"line":54,"column":null}},"14":{"start":{"line":57,"column":14},"end":{"line":57,"column":91}},"15":{"start":{"line":62,"column":2},"end":{"line":67,"column":null}},"16":{"start":{"line":71,"column":2},"end":{"line":71,"column":null}},"17":{"start":{"line":75,"column":2},"end":{"line":75,"column":null}},"18":{"start":{"line":31,"column":21},"end":{"line":77,"column":null}}},"fnMap":{"0":{"name":"constructor","decl":{"start":{"line":31,"column":15},"end":{"line":31,"column":21}},"loc":{"start":{"line":31,"column":15},"end":{"line":77,"column":1}},"line":31},"1":{"name":"(anonymous_1)","decl":{"start":{"line":42,"column":27},"end":{"line":42,"column":30}},"loc":{"start":{"line":42,"column":32},"end":{"line":59,"column":2}},"line":42},"2":{"name":"(anonymous_2)","decl":{"start":{"line":47,"column":11},"end":{"line":47,"column":12}},"loc":{"start":{"line":47,"column":20},"end":{"line":55,"column":4}},"line":47},"3":{"name":"(anonymous_3)","decl":{"start":{"line":53,"column":32},"end":{"line":53,"column":33}},"loc":{"start":{"line":53,"column":39},"end":{"line":53,"column":70}},"line":53},"4":{"name":"(anonymous_4)","decl":{"start":{"line":57,"column":4},"end":{"line":57,"column":5}},"loc":{"start":{"line":57,"column":14},"end":{"line":57,"column":91}},"line":57},"5":{"name":"ngOnInit","decl":{"start":{"line":61,"column":1},"end":{"line":61,"column":9}},"loc":{"start":{"line":61,"column":9},"end":{"line":68,"column":null}},"line":61},"6":{"name":"updateSearch","decl":{"start":{"line":70,"column":1},"end":{"line":70,"column":13}},"loc":{"start":{"line":70,"column":25},"end":{"line":72,"column":null}},"line":70},"7":{"name":"setCategory","decl":{"start":{"line":74,"column":1},"end":{"line":74,"column":12}},"loc":{"start":{"line":74,"column":50},"end":{"line":76,"column":null}},"line":74}},"branchMap":{"0":{"loc":{"start":{"line":48,"column":28},"end":{"line":48,"column":77}},"type":"binary-expr","locations":[{"start":{"line":48,"column":28},"end":{"line":48,"column":41}},{"start":{"line":48,"column":45},"end":{"line":48,"column":77}}],"line":48},"1":{"loc":{"start":{"line":50,"column":5},"end":{"line":53,"column":71}},"type":"binary-expr","locations":[{"start":{"line":50,"column":5},"end":{"line":50,"column":11}},{"start":{"line":51,"column":5},"end":{"line":51,"column":56}},{"start":{"line":52,"column":5},"end":{"line":52,"column":62}},{"start":{"line":53,"column":5},"end":{"line":53,"column":71}}],"line":50},"2":{"loc":{"start":{"line":54,"column":11},"end":{"line":54,"column":43}},"type":"binary-expr","locations":[{"start":{"line":54,"column":11},"end":{"line":54,"column":26}},{"start":{"line":54,"column":30},"end":{"line":54,"column":43}}],"line":54}},"s":{"0":1,"1":1,"2":1,"3":1,"4":1,"5":1,"6":1,"7":1,"8":1,"9":1,"10":0,"11":0,"12":0,"13":0,"14":0,"15":1,"16":0,"17":0,"18":1},"f":{"0":1,"1":1,"2":0,"3":0,"4":0,"5":1,"6":0,"7":0},"b":{"0":[0,0],"1":[0,0,0,0],"2":[0,0]},"meta":{"lastBranch":3,"lastFunction":8,"lastStatement":19,"seen":{"s:31:15:77:Infinity":0,"f:31:15:31:21":0,"s:32:10:32:Infinity":1,"s:33:18:33:Infinity":2,"s:36:18:36:Infinity":3,"s:38:10:38:Infinity":4,"s:39:10:39:Infinity":5,"s:42:10:59:Infinity":6,"f:42:27:42:30":1,"s:43:16:43:55":7,"s:44:14:44:35":8,"s:46:2:58:Infinity":9,"f:47:11:47:12":2,"s:48:28:48:77":10,"b:48:28:48:41:48:45:48:77":0,"s:50:5:53:71":11,"b:50:5:50:11:51:5:51:56:52:5:52:62:53:5:53:71":1,"f:53:32:53:33":3,"s:53:39:53:70":12,"s:54:4:54:Infinity":13,"b:54:11:54:26:54:30:54:43":2,"f:57:4:57:5":4,"s:57:14:57:91":14,"f:61:1:61:9":5,"s:62:2:67:Infinity":15,"f:70:1:70:13":6,"s:71:2:71:Infinity":16,"f:74:1:74:12":7,"s:75:2:75:Infinity":17,"s:31:21:77:Infinity":18},"fnNames":{}}}
,"/home/runner/work/portfolio/portfolio/src-code/src/app/shared/config/contact.config.ts": {"path":"/home/runner/work/portfolio/portfolio/src-code/src/app/shared/config/contact.config.ts","statementMap":{"0":{"start":{"line":6,"column":21},"end":{"line":18,"column":null}},"1":{"start":{"line":28,"column":42},"end":{"line":50,"column":null}}},"fnMap":{},"branchMap":{},"s":{"0":9,"1":9},"f":{},"b":{},"meta":{"lastBranch":0,"lastFunction":0,"lastStatement":2,"seen":{"s:6:21:18:Infinity":0,"s:28:42:50:Infinity":1},"fnNames":{}}}
,"/home/runner/work/portfolio/portfolio/src-code/src/app/shared/config/i18n/en.ts": {"path":"/home/runner/work/portfolio/portfolio/src-code/src/app/shared/config/i18n/en.ts","statementMap":{"0":{"start":{"line":1,"column":18},"end":{"line":224,"column":null}}},"fnMap":{},"branchMap":{},"s":{"0":29},"f":{},"b":{},"meta":{"lastBranch":0,"lastFunction":0,"lastStatement":1,"seen":{"s:1:18:224:Infinity":0},"fnNames":{}}}
,"/home/runner/work/portfolio/portfolio/src-code/src/app/shared/config/i18n/es.ts": {"path":"/home/runner/work/portfolio/portfolio/src-code/src/app/shared/config/i18n/es.ts","statementMap":{"0":{"start":{"line":3,"column":50},"end":{"line":228,"column":null}}},"fnMap":{},"branchMap":{},"s":{"0":29},"f":{},"b":{},"meta":{"lastBranch":0,"lastFunction":0,"lastStatement":1,"seen":{"s:3:50:228:Infinity":0},"fnNames":{}}}
,"/home/runner/work/portfolio/portfolio/src-code/src/app/shared/lib/animation/scroll-observer.directive.ts": {"path":"/home/runner/work/portfolio/portfolio/src-code/src/app/shared/lib/animation/scroll-observer.directive.ts","statementMap":{"0":{"start":{"line":20,"column":7},"end":{"line":46,"column":null}},"1":{"start":{"line":21,"column":18},"end":{"line":21,"column":null}},"2":{"start":{"line":22,"column":18},"end":{"line":22,"column":null}},"3":{"start":{"line":23,"column":10},"end":{"line":23,"column":null}},"4":{"start":{"line":27,"column":2},"end":{"line":30,"column":null}},"5":{"start":{"line":28,"column":3},"end":{"line":28,"column":null}},"6":{"start":{"line":29,"column":3},"end":{"line":29,"column":null}},"7":{"start":{"line":31,"column":2},"end":{"line":39,"column":null}},"8":{"start":{"line":33,"column":4},"end":{"line":36,"column":null}},"9":{"start":{"line":34,"column":5},"end":{"line":34,"column":null}},"10":{"start":{"line":35,"column":5},"end":{"line":35,"column":null}},"11":{"start":{"line":40,"column":2},"end":{"line":40,"column":null}},"12":{"start":{"line":44,"column":2},"end":{"line":44,"column":null}},"13":{"start":{"line":20,"column":13},"end":{"line":46,"column":null}}},"fnMap":{"0":{"name":"constructor","decl":{"start":{"line":20,"column":7},"end":{"line":20,"column":13}},"loc":{"start":{"line":20,"column":7},"end":{"line":46,"column":1}},"line":20},"1":{"name":"ngOnInit","decl":{"start":{"line":26,"column":1},"end":{"line":26,"column":9}},"loc":{"start":{"line":26,"column":9},"end":{"line":41,"column":null}},"line":26},"2":{"name":"(anonymous_2)","decl":{"start":{"line":32,"column":3},"end":{"line":32,"column":4}},"loc":{"start":{"line":32,"column":15},"end":{"line":37,"column":4}},"line":32},"3":{"name":"ngOnDestroy","decl":{"start":{"line":43,"column":1},"end":{"line":43,"column":12}},"loc":{"start":{"line":43,"column":12},"end":{"line":45,"column":null}},"line":43}},"branchMap":{"0":{"loc":{"start":{"line":27,"column":2},"end":{"line":30,"column":null}},"type":"if","locations":[{"start":{"line":27,"column":2},"end":{"line":30,"column":null}},{"start":{},"end":{}}],"line":27},"1":{"loc":{"start":{"line":27,"column":6},"end":{"line":27,"column":68}},"type":"binary-expr","locations":[{"start":{"line":27,"column":6},"end":{"line":27,"column":21}},{"start":{"line":27,"column":25},"end":{"line":27,"column":68}}],"line":27},"2":{"loc":{"start":{"line":33,"column":4},"end":{"line":36,"column":null}},"type":"if","locations":[{"start":{"line":33,"column":4},"end":{"line":36,"column":null}},{"start":{},"end":{}}],"line":33}},"s":{"0":9,"1":39,"2":39,"3":39,"4":39,"5":38,"6":38,"7":1,"8":0,"9":0,"10":0,"11":1,"12":39,"13":9},"f":{"0":39,"1":39,"2":0,"3":39},"b":{"0":[38,1],"1":[39,39],"2":[0,0]},"meta":{"lastBranch":3,"lastFunction":4,"lastStatement":14,"seen":{"s:20:7:46:Infinity":0,"f:20:7:20:13":0,"s:21:18:21:Infinity":1,"s:22:18:22:Infinity":2,"s:23:10:23:Infinity":3,"f:26:1:26:9":1,"b:27:2:30:Infinity:undefined:undefined:undefined:undefined":0,"s:27:2:30:Infinity":4,"b:27:6:27:21:27:25:27:68":1,"s:28:3:28:Infinity":5,"s:29:3:29:Infinity":6,"s:31:2:39:Infinity":7,"f:32:3:32:4":2,"b:33:4:36:Infinity:undefined:undefined:undefined:undefined":2,"s:33:4:36:Infinity":8,"s:34:5:34:Infinity":9,"s:35:5:35:Infinity":10,"s:40:2:40:Infinity":11,"f:43:1:43:12":3,"s:44:2:44:Infinity":12,"s:20:13:46:Infinity":13},"fnNames":{}}}
,"/home/runner/work/portfolio/portfolio/src-code/src/app/shared/lib/font-scale/font-scale.ts": {"path":"/home/runner/work/portfolio/portfolio/src-code/src/app/shared/lib/font-scale/font-scale.ts","statementMap":{"0":{"start":{"line":4,"column":18},"end":{"line":4,"column":40}},"1":{"start":{"line":5,"column":15},"end":{"line":5,"column":40}},"2":{"start":{"line":9,"column":7},"end":{"line":51,"column":null}},"3":{"start":{"line":10,"column":18},"end":{"line":10,"column":null}},"4":{"start":{"line":12,"column":10},"end":{"line":12,"column":null}},"5":{"start":{"line":13,"column":10},"end":{"line":13,"column":null}},"6":{"start":{"line":13,"column":39},"end":{"line":13,"column":60}},"7":{"start":{"line":14,"column":10},"end":{"line":14,"column":null}},"8":{"start":{"line":14,"column":39},"end":{"line":14,"column":76}},"9":{"start":{"line":17,"column":2},"end":{"line":17,"column":null}},"10":{"start":{"line":21,"column":2},"end":{"line":21,"column":null}},"11":{"start":{"line":21,"column":26},"end":{"line":21,"column":null}},"12":{"start":{"line":25,"column":2},"end":{"line":25,"column":null}},"13":{"start":{"line":25,"column":26},"end":{"line":25,"column":null}},"14":{"start":{"line":29,"column":2},"end":{"line":29,"column":null}},"15":{"start":{"line":33,"column":2},"end":{"line":33,"column":null}},"16":{"start":{"line":34,"column":2},"end":{"line":34,"column":null}},"17":{"start":{"line":34,"column":22},"end":{"line":34,"column":null}},"18":{"start":{"line":35,"column":2},"end":{"line":35,"column":null}},"19":{"start":{"line":39,"column":2},"end":{"line":39,"column":null}},"20":{"start":{"line":39,"column":23},"end":{"line":39,"column":null}},"21":{"start":{"line":40,"column":2},"end":{"line":40,"column":null}},"22":{"start":{"line":44,"column":2},"end":{"line":48,"column":null}},"23":{"start":{"line":45,"column":18},"end":{"line":45,"column":49}},"24":{"start":{"line":46,"column":18},"end":{"line":46,"column":53}},"25":{"start":{"line":47,"column":3},"end":{"line":47,"column":null}},"26":{"start":{"line":47,"column":53},"end":{"line":47,"column":null}},"27":{"start":{"line":49,"column":2},"end":{"line":49,"column":null}},"28":{"start":{"line":9,"column":13},"end":{"line":51,"column":null}}},"fnMap":{"0":{"name":"constructor","decl":{"start":{"line":9,"column":7},"end":{"line":9,"column":13}},"loc":{"start":{"line":9,"column":7},"end":{"line":51,"column":1}},"line":9},"1":{"name":"(anonymous_1)","decl":{"start":{"line":13,"column":33},"end":{"line":13,"column":36}},"loc":{"start":{"line":13,"column":39},"end":{"line":13,"column":60}},"line":13},"2":{"name":"(anonymous_2)","decl":{"start":{"line":14,"column":33},"end":{"line":14,"column":36}},"loc":{"start":{"line":14,"column":39},"end":{"line":14,"column":76}},"line":14},"3":{"name":"apply","decl":{"start":{"line":16,"column":1},"end":{"line":16,"column":6}},"loc":{"start":{"line":16,"column":6},"end":{"line":18,"column":null}},"line":16},"4":{"name":"increase","decl":{"start":{"line":20,"column":1},"end":{"line":20,"column":9}},"loc":{"start":{"line":20,"column":9},"end":{"line":22,"column":null}},"line":20},"5":{"name":"decrease","decl":{"start":{"line":24,"column":1},"end":{"line":24,"column":9}},"loc":{"start":{"line":24,"column":9},"end":{"line":26,"column":null}},"line":24},"6":{"name":"reset","decl":{"start":{"line":28,"column":1},"end":{"line":28,"column":6}},"loc":{"start":{"line":28,"column":6},"end":{"line":30,"column":null}},"line":28},"7":{"name":"_set","decl":{"start":{"line":32,"column":9},"end":{"line":32,"column":13}},"loc":{"start":{"line":32,"column":31},"end":{"line":36,"column":null}},"line":32},"8":{"name":"_syncDom","decl":{"start":{"line":38,"column":9},"end":{"line":38,"column":17}},"loc":{"start":{"line":38,"column":35},"end":{"line":41,"column":null}},"line":38},"9":{"name":"_getInitialScale","decl":{"start":{"line":43,"column":9},"end":{"line":43,"column":25}},"loc":{"start":{"line":43,"column":25},"end":{"line":50,"column":null}},"line":43}},"branchMap":{"0":{"loc":{"start":{"line":21,"column":2},"end":{"line":21,"column":null}},"type":"if","locations":[{"start":{"line":21,"column":2},"end":{"line":21,"column":null}},{"start":{},"end":{}}],"line":21},"1":{"loc":{"start":{"line":25,"column":2},"end":{"line":25,"column":null}},"type":"if","locations":[{"start":{"line":25,"column":2},"end":{"line":25,"column":null}},{"start":{},"end":{}}],"line":25},"2":{"loc":{"start":{"line":34,"column":2},"end":{"line":34,"column":null}},"type":"if","locations":[{"start":{"line":34,"column":2},"end":{"line":34,"column":null}},{"start":{},"end":{}}],"line":34},"3":{"loc":{"start":{"line":39,"column":2},"end":{"line":39,"column":null}},"type":"if","locations":[{"start":{"line":39,"column":2},"end":{"line":39,"column":null}},{"start":{},"end":{}}],"line":39},"4":{"loc":{"start":{"line":44,"column":2},"end":{"line":48,"column":null}},"type":"if","locations":[{"start":{"line":44,"column":2},"end":{"line":48,"column":null}},{"start":{},"end":{}}],"line":44},"5":{"loc":{"start":{"line":46,"column":18},"end":{"line":46,"column":53}},"type":"cond-expr","locations":[{"start":{"line":46,"column":27},"end":{"line":46,"column":47}},{"start":{"line":46,"column":50},"end":{"line":46,"column":53}}],"line":46},"6":{"loc":{"start":{"line":47,"column":3},"end":{"line":47,"column":null}},"type":"if","locations":[{"start":{"line":47,"column":3},"end":{"line":47,"column":null}},{"start":{},"end":{}}],"line":47},"7":{"loc":{"start":{"line":47,"column":7},"end":{"line":47,"column":51}},"type":"binary-expr","locations":[{"start":{"line":47,"column":7},"end":{"line":47,"column":21}},{"start":{"line":47,"column":25},"end":{"line":47,"column":36}},{"start":{"line":47,"column":40},"end":{"line":47,"column":51}}],"line":47}},"s":{"0":3,"1":3,"2":3,"3":1,"4":1,"5":1,"6":0,"7":1,"8":0,"9":1,"10":0,"11":0,"12":0,"13":0,"14":0,"15":0,"16":0,"17":0,"18":0,"19":1,"20":0,"21":1,"22":1,"23":1,"24":1,"25":1,"26":0,"27":1,"28":3},"f":{"0":1,"1":0,"2":0,"3":1,"4":0,"5":0,"6":0,"7":0,"8":1,"9":1},"b":{"0":[0,0],"1":[0,0],"2":[0,0],"3":[0,1],"4":[1,0],"5":[0,1],"6":[0,1],"7":[1,0,0]},"meta":{"lastBranch":8,"lastFunction":10,"lastStatement":29,"seen":{"s:4:18:4:40":0,"s:5:15:5:40":1,"s:9:7:51:Infinity":2,"f:9:7:9:13":0,"s:10:18:10:Infinity":3,"s:12:10:12:Infinity":4,"s:13:10:13:Infinity":5,"f:13:33:13:36":1,"s:13:39:13:60":6,"s:14:10:14:Infinity":7,"f:14:33:14:36":2,"s:14:39:14:76":8,"f:16:1:16:6":3,"s:17:2:17:Infinity":9,"f:20:1:20:9":4,"b:21:2:21:Infinity:undefined:undefined:undefined:undefined":0,"s:21:2:21:Infinity":10,"s:21:26:21:Infinity":11,"f:24:1:24:9":5,"b:25:2:25:Infinity:undefined:undefined:undefined:undefined":1,"s:25:2:25:Infinity":12,"s:25:26:25:Infinity":13,"f:28:1:28:6":6,"s:29:2:29:Infinity":14,"f:32:9:32:13":7,"s:33:2:33:Infinity":15,"b:34:2:34:Infinity:undefined:undefined:undefined:undefined":2,"s:34:2:34:Infinity":16,"s:34:22:34:Infinity":17,"s:35:2:35:Infinity":18,"f:38:9:38:17":8,"b:39:2:39:Infinity:undefined:undefined:undefined:undefined":3,"s:39:2:39:Infinity":19,"s:39:23:39:Infinity":20,"s:40:2:40:Infinity":21,"f:43:9:43:25":9,"b:44:2:48:Infinity:undefined:undefined:undefined:undefined":4,"s:44:2:48:Infinity":22,"s:45:18:45:49":23,"s:46:18:46:53":24,"b:46:27:46:47:46:50:46:53":5,"b:47:3:47:Infinity:undefined:undefined:undefined:undefined":6,"s:47:3:47:Infinity":25,"b:47:7:47:21:47:25:47:36:47:40:47:51":7,"s:47:53:47:Infinity":26,"s:49:2:49:Infinity":27,"s:9:13:51:Infinity":28},"fnNames":{}}}
,"/home/runner/work/portfolio/portfolio/src-code/src/app/shared/lib/i18n/i18n.service.ts": {"path":"/home/runner/work/portfolio/portfolio/src-code/src/app/shared/lib/i18n/i18n.service.ts","statementMap":{"0":{"start":{"line":8,"column":20},"end":{"line":8,"column":36}},"1":{"start":{"line":9,"column":31},"end":{"line":9,"column":35}},"2":{"start":{"line":12,"column":7},"end":{"line":41,"column":null}},"3":{"start":{"line":13,"column":18},"end":{"line":13,"column":null}},"4":{"start":{"line":15,"column":10},"end":{"line":15,"column":null}},"5":{"start":{"line":17,"column":10},"end":{"line":20,"column":null}},"6":{"start":{"line":18,"column":15},"end":{"line":18,"column":45}},"7":{"start":{"line":19,"column":2},"end":{"line":19,"column":null}},"8":{"start":{"line":19,"column":42},"end":{"line":19,"column":58}},"9":{"start":{"line":23,"column":2},"end":{"line":23,"column":null}},"10":{"start":{"line":24,"column":2},"end":{"line":27,"column":null}},"11":{"start":{"line":25,"column":3},"end":{"line":25,"column":null}},"12":{"start":{"line":26,"column":3},"end":{"line":26,"column":null}},"13":{"start":{"line":31,"column":2},"end":{"line":31,"column":null}},"14":{"start":{"line":35,"column":2},"end":{"line":38,"column":null}},"15":{"start":{"line":36,"column":18},"end":{"line":36,"column":70}},"16":{"start":{"line":37,"column":3},"end":{"line":37,"column":null}},"17":{"start":{"line":37,"column":43},"end":{"line":37,"column":null}},"18":{"start":{"line":39,"column":2},"end":{"line":39,"column":null}},"19":{"start":{"line":12,"column":13},"end":{"line":41,"column":null}}},"fnMap":{"0":{"name":"constructor","decl":{"start":{"line":12,"column":7},"end":{"line":12,"column":13}},"loc":{"start":{"line":12,"column":7},"end":{"line":41,"column":1}},"line":12},"1":{"name":"(anonymous_1)","decl":{"start":{"line":17,"column":23},"end":{"line":17,"column":26}},"loc":{"start":{"line":17,"column":28},"end":{"line":20,"column":2}},"line":17},"2":{"name":"(anonymous_2)","decl":{"start":{"line":19,"column":9},"end":{"line":19,"column":10}},"loc":{"start":{"line":19,"column":42},"end":{"line":19,"column":58}},"line":19},"3":{"name":"setLang","decl":{"start":{"line":22,"column":1},"end":{"line":22,"column":8}},"loc":{"start":{"line":22,"column":23},"end":{"line":28,"column":null}},"line":22},"4":{"name":"toggleLang","decl":{"start":{"line":30,"column":1},"end":{"line":30,"column":11}},"loc":{"start":{"line":30,"column":11},"end":{"line":32,"column":null}},"line":30},"5":{"name":"_getInitialLang","decl":{"start":{"line":34,"column":9},"end":{"line":34,"column":24}},"loc":{"start":{"line":34,"column":24},"end":{"line":40,"column":null}},"line":34}},"branchMap":{"0":{"loc":{"start":{"line":18,"column":15},"end":{"line":18,"column":45}},"type":"cond-expr","locations":[{"start":{"line":18,"column":38},"end":{"line":18,"column":40}},{"start":{"line":18,"column":43},"end":{"line":18,"column":45}}],"line":18},"1":{"loc":{"start":{"line":19,"column":42},"end":{"line":19,"column":58}},"type":"binary-expr","locations":[{"start":{"line":19,"column":42},"end":{"line":19,"column":51}},{"start":{"line":19,"column":55},"end":{"line":19,"column":58}}],"line":19},"2":{"loc":{"start":{"line":24,"column":2},"end":{"line":27,"column":null}},"type":"if","locations":[{"start":{"line":24,"column":2},"end":{"line":27,"column":null}},{"start":{},"end":{}}],"line":24},"3":{"loc":{"start":{"line":31,"column":15},"end":{"line":31,"column":49}},"type":"cond-expr","locations":[{"start":{"line":31,"column":38},"end":{"line":31,"column":42}},{"start":{"line":31,"column":45},"end":{"line":31,"column":49}}],"line":31},"4":{"loc":{"start":{"line":35,"column":2},"end":{"line":38,"column":null}},"type":"if","locations":[{"start":{"line":35,"column":2},"end":{"line":38,"column":null}},{"start":{},"end":{}}],"line":35},"5":{"loc":{"start":{"line":37,"column":3},"end":{"line":37,"column":null}},"type":"if","locations":[{"start":{"line":37,"column":3},"end":{"line":37,"column":null}},{"start":{},"end":{}}],"line":37},"6":{"loc":{"start":{"line":37,"column":7},"end":{"line":37,"column":41}},"type":"binary-expr","locations":[{"start":{"line":37,"column":7},"end":{"line":37,"column":22}},{"start":{"line":37,"column":26},"end":{"line":37,"column":41}}],"line":37}},"s":{"0":29,"1":29,"2":29,"3":60,"4":60,"5":60,"6":52,"7":52,"8":1324,"9":4,"10":4,"11":4,"12":4,"13":2,"14":60,"15":60,"16":60,"17":1,"18":59,"19":29},"f":{"0":60,"1":52,"2":1324,"3":4,"4":2,"5":60},"b":{"0":[0,52],"1":[1324,1],"2":[4,0],"3":[1,1],"4":[60,0],"5":[1,59],"6":[60,59]},"meta":{"lastBranch":7,"lastFunction":6,"lastStatement":20,"seen":{"s:8:20:8:36":0,"s:9:31:9:35":1,"s:12:7:41:Infinity":2,"f:12:7:12:13":0,"s:13:18:13:Infinity":3,"s:15:10:15:Infinity":4,"s:17:10:20:Infinity":5,"f:17:23:17:26":1,"s:18:15:18:45":6,"b:18:38:18:40:18:43:18:45":0,"s:19:2:19:Infinity":7,"f:19:9:19:10":2,"s:19:42:19:58":8,"b:19:42:19:51:19:55:19:58":1,"f:22:1:22:8":3,"s:23:2:23:Infinity":9,"b:24:2:27:Infinity:undefined:undefined:undefined:undefined":2,"s:24:2:27:Infinity":10,"s:25:3:25:Infinity":11,"s:26:3:26:Infinity":12,"f:30:1:30:11":4,"s:31:2:31:Infinity":13,"b:31:38:31:42:31:45:31:49":3,"f:34:9:34:24":5,"b:35:2:38:Infinity:undefined:undefined:undefined:undefined":4,"s:35:2:38:Infinity":14,"s:36:18:36:70":15,"b:37:3:37:Infinity:undefined:undefined:undefined:undefined":5,"s:37:3:37:Infinity":16,"b:37:7:37:22:37:26:37:41":6,"s:37:43:37:Infinity":17,"s:39:2:39:Infinity":18,"s:12:13:41:Infinity":19},"fnNames":{}}}
,"/home/runner/work/portfolio/portfolio/src-code/src/app/shared/lib/i18n/translate.pipe.ts": {"path":"/home/runner/work/portfolio/portfolio/src-code/src/app/shared/lib/i18n/translate.pipe.ts","statementMap":{"0":{"start":{"line":10,"column":7},"end":{"line":16,"column":null}},"1":{"start":{"line":11,"column":18},"end":{"line":11,"column":null}},"2":{"start":{"line":14,"column":2},"end":{"line":14,"column":null}},"3":{"start":{"line":10,"column":13},"end":{"line":16,"column":null}}},"fnMap":{"0":{"name":"constructor","decl":{"start":{"line":10,"column":7},"end":{"line":10,"column":13}},"loc":{"start":{"line":10,"column":7},"end":{"line":16,"column":1}},"line":10},"1":{"name":"transform","decl":{"start":{"line":13,"column":1},"end":{"line":13,"column":10}},"loc":{"start":{"line":13,"column":30},"end":{"line":15,"column":null}},"line":13}},"branchMap":{},"s":{"0":3,"1":61,"2":61,"3":3},"f":{"0":61,"1":61},"b":{},"meta":{"lastBranch":0,"lastFunction":2,"lastStatement":4,"seen":{"s:10:7:16:Infinity":0,"f:10:7:10:13":0,"s:11:18:11:Infinity":1,"f:13:1:13:10":1,"s:14:2:14:Infinity":2,"s:10:13:16:Infinity":3},"fnNames":{}}}
,"/home/runner/work/portfolio/portfolio/src-code/src/app/shared/lib/keyboard-shortcuts/keyboard-shortcuts.ts": {"path":"/home/runner/work/portfolio/portfolio/src-code/src/app/shared/lib/keyboard-shortcuts/keyboard-shortcuts.ts","statementMap":{"0":{"start":{"line":6,"column":44},"end":{"line":12,"column":null}},"1":{"start":{"line":15,"column":7},"end":{"line":207,"column":null}},"2":{"start":{"line":16,"column":18},"end":{"line":16,"column":null}},"3":{"start":{"line":17,"column":18},"end":{"line":17,"column":null}},"4":{"start":{"line":18,"column":18},"end":{"line":18,"column":null}},"5":{"start":{"line":20,"column":10},"end":{"line":20,"column":null}},"6":{"start":{"line":22,"column":9},"end":{"line":22,"column":null}},"7":{"start":{"line":23,"column":9},"end":{"line":23,"column":null}},"8":{"start":{"line":26,"column":2},"end":{"line":26,"column":null}},"9":{"start":{"line":26,"column":23},"end":{"line":26,"column":null}},"10":{"start":{"line":27,"column":2},"end":{"line":27,"column":null}},"11":{"start":{"line":27,"column":46},"end":{"line":27,"column":61}},"12":{"start":{"line":28,"column":2},"end":{"line":28,"column":null}},"13":{"start":{"line":32,"column":2},"end":{"line":32,"column":null}},"14":{"start":{"line":32,"column":23},"end":{"line":32,"column":null}},"15":{"start":{"line":33,"column":3},"end":{"line":67,"column":null}},"16":{"start":{"line":34,"column":16},"end":{"line":34,"column":34}},"17":{"start":{"line":35,"column":18},"end":{"line":35,"column":43}},"18":{"start":{"line":36,"column":20},"end":{"line":36,"column":92}},"19":{"start":{"line":38,"column":18},"end":{"line":58,"column":null}},"20":{"start":{"line":60,"column":3},"end":{"line":63,"column":null}},"21":{"start":{"line":64,"column":3},"end":{"line":64,"column":null}},"22":{"start":{"line":65,"column":3},"end":{"line":65,"column":null}},"23":{"start":{"line":66,"column":3},"end":{"line":66,"column":null}},"24":{"start":{"line":69,"column":2},"end":{"line":69,"column":null}},"25":{"start":{"line":70,"column":2},"end":{"line":70,"column":null}},"26":{"start":{"line":74,"column":2},"end":{"line":74,"column":null}},"27":{"start":{"line":74,"column":38},"end":{"line":74,"column":40}},"28":{"start":{"line":78,"column":2},"end":{"line":78,"column":null}},"29":{"start":{"line":82,"column":17},"end":{"line":82,"column":40}},"30":{"start":{"line":83,"column":2},"end":{"line":84,"column":null}},"31":{"start":{"line":84,"column":3},"end":{"line":84,"column":null}},"32":{"start":{"line":86,"column":14},"end":{"line":86,"column":19}},"33":{"start":{"line":87,"column":14},"end":{"line":87,"column":24}},"34":{"start":{"line":89,"column":2},"end":{"line":92,"column":null}},"35":{"start":{"line":90,"column":3},"end":{"line":90,"column":null}},"36":{"start":{"line":91,"column":3},"end":{"line":91,"column":null}},"37":{"start":{"line":94,"column":2},"end":{"line":98,"column":null}},"38":{"start":{"line":95,"column":3},"end":{"line":95,"column":null}},"39":{"start":{"line":96,"column":3},"end":{"line":96,"column":null}},"40":{"start":{"line":96,"column":39},"end":{"line":96,"column":41}},"41":{"start":{"line":97,"column":3},"end":{"line":97,"column":null}},"42":{"start":{"line":100,"column":2},"end":{"line":100,"column":null}},"43":{"start":{"line":100,"column":31},"end":{"line":100,"column":null}},"44":{"start":{"line":102,"column":2},"end":{"line":110,"column":null}},"45":{"start":{"line":103,"column":21},"end":{"line":103,"column":92}},"46":{"start":{"line":104,"column":3},"end":{"line":108,"column":null}},"47":{"start":{"line":105,"column":4},"end":{"line":105,"column":null}},"48":{"start":{"line":106,"column":4},"end":{"line":106,"column":null}},"49":{"start":{"line":107,"column":4},"end":{"line":107,"column":null}},"50":{"start":{"line":109,"column":3},"end":{"line":109,"column":null}},"51":{"start":{"line":112,"column":2},"end":{"line":116,"column":null}},"52":{"start":{"line":113,"column":3},"end":{"line":113,"column":null}},"53":{"start":{"line":114,"column":3},"end":{"line":114,"column":null}},"54":{"start":{"line":115,"column":3},"end":{"line":115,"column":null}},"55":{"start":{"line":117,"column":2},"end":{"line":121,"column":null}},"56":{"start":{"line":118,"column":3},"end":{"line":118,"column":null}},"57":{"start":{"line":119,"column":3},"end":{"line":119,"column":null}},"58":{"start":{"line":120,"column":3},"end":{"line":120,"column":null}},"59":{"start":{"line":122,"column":2},"end":{"line":126,"column":null}},"60":{"start":{"line":123,"column":3},"end":{"line":123,"column":null}},"61":{"start":{"line":124,"column":3},"end":{"line":124,"column":null}},"62":{"start":{"line":125,"column":3},"end":{"line":125,"column":null}},"63":{"start":{"line":128,"column":2},"end":{"line":134,"column":null}},"64":{"start":{"line":129,"column":3},"end":{"line":129,"column":null}},"65":{"start":{"line":130,"column":3},"end":{"line":132,"column":null}},"66":{"start":{"line":131,"column":4},"end":{"line":131,"column":null}},"67":{"start":{"line":133,"column":3},"end":{"line":133,"column":null}},"68":{"start":{"line":135,"column":2},"end":{"line":141,"column":null}},"69":{"start":{"line":136,"column":3},"end":{"line":136,"column":null}},"70":{"start":{"line":137,"column":3},"end":{"line":139,"column":null}},"71":{"start":{"line":138,"column":4},"end":{"line":138,"column":null}},"72":{"start":{"line":140,"column":3},"end":{"line":140,"column":null}},"73":{"start":{"line":143,"column":2},"end":{"line":149,"column":null}},"74":{"start":{"line":144,"column":3},"end":{"line":144,"column":null}},"75":{"start":{"line":145,"column":3},"end":{"line":147,"column":null}},"76":{"start":{"line":146,"column":4},"end":{"line":146,"column":null}},"77":{"start":{"line":148,"column":3},"end":{"line":148,"column":null}},"78":{"start":{"line":150,"column":2},"end":{"line":156,"column":null}},"79":{"start":{"line":151,"column":3},"end":{"line":151,"column":null}},"80":{"start":{"line":152,"column":3},"end":{"line":154,"column":null}},"81":{"start":{"line":153,"column":4},"end":{"line":153,"column":null}},"82":{"start":{"line":155,"column":3},"end":{"line":155,"column":null}},"83":{"start":{"line":157,"column":2},"end":{"line":163,"column":null}},"84":{"start":{"line":158,"column":3},"end":{"line":158,"column":null}},"85":{"start":{"line":159,"column":3},"end":{"line":161,"column":null}},"86":{"start":{"line":160,"column":4},"end":{"line":160,"column":null}},"87":{"start":{"line":162,"column":3},"end":{"line":162,"column":null}},"88":{"start":{"line":165,"column":2},"end":{"line":177,"column":null}},"89":{"start":{"line":166,"column":3},"end":{"line":173,"column":null}},"90":{"start":{"line":167,"column":4},"end":{"line":167,"column":null}},"91":{"start":{"line":168,"column":4},"end":{"line":170,"column":null}},"92":{"start":{"line":169,"column":5},"end":{"line":169,"column":null}},"93":{"start":{"line":171,"column":4},"end":{"line":171,"column":null}},"94":{"start":{"line":172,"column":4},"end":{"line":172,"column":null}},"95":{"start":{"line":174,"column":3},"end":{"line":174,"column":null}},"96":{"start":{"line":175,"column":3},"end":{"line":175,"column":null}},"97":{"start":{"line":176,"column":3},"end":{"line":176,"column":null}},"98":{"start":{"line":179,"column":17},"end":{"line":179,"column":81}},"99":{"start":{"line":180,"column":18},"end":{"line":180,"column":33}},"100":{"start":{"line":181,"column":23},"end":{"line":181,"column":46}},"101":{"start":{"line":183,"column":2},"end":{"line":189,"column":null}},"102":{"start":{"line":184,"column":3},"end":{"line":187,"column":null}},"103":{"start":{"line":185,"column":4},"end":{"line":185,"column":null}},"104":{"start":{"line":186,"column":4},"end":{"line":186,"column":null}},"105":{"start":{"line":188,"column":3},"end":{"line":188,"column":null}},"106":{"start":{"line":190,"column":2},"end":{"line":196,"column":null}},"107":{"start":{"line":191,"column":3},"end":{"line":194,"column":null}},"108":{"start":{"line":192,"column":4},"end":{"line":192,"column":null}},"109":{"start":{"line":193,"column":4},"end":{"line":193,"column":null}},"110":{"start":{"line":195,"column":3},"end":{"line":195,"column":null}},"111":{"start":{"line":198,"column":2},"end":{"line":202,"column":null}},"112":{"start":{"line":199,"column":3},"end":{"line":199,"column":null}},"113":{"start":{"line":200,"column":3},"end":{"line":200,"column":null}},"114":{"start":{"line":201,"column":3},"end":{"line":201,"column":null}},"115":{"start":{"line":204,"column":2},"end":{"line":204,"column":null}},"116":{"start":{"line":205,"column":2},"end":{"line":205,"column":null}},"117":{"start":{"line":15,"column":13},"end":{"line":207,"column":null}}},"fnMap":{"0":{"name":"constructor","decl":{"start":{"line":15,"column":7},"end":{"line":15,"column":13}},"loc":{"start":{"line":15,"column":7},"end":{"line":207,"column":1}},"line":15},"1":{"name":"register","decl":{"start":{"line":25,"column":1},"end":{"line":25,"column":9}},"loc":{"start":{"line":25,"column":9},"end":{"line":29,"column":null}},"line":25},"2":{"name":"(anonymous_2)","decl":{"start":{"line":27,"column":39},"end":{"line":27,"column":40}},"loc":{"start":{"line":27,"column":46},"end":{"line":27,"column":61}},"line":27},"3":{"name":"_registerDiagnostics","decl":{"start":{"line":31,"column":9},"end":{"line":31,"column":29}},"loc":{"start":{"line":31,"column":29},"end":{"line":71,"column":null}},"line":31},"4":{"name":"(anonymous_4)","decl":{"start":{"line":33,"column":82},"end":{"line":33,"column":85}},"loc":{"start":{"line":33,"column":87},"end":{"line":67,"column":3}},"line":33},"5":{"name":"toggle","decl":{"start":{"line":73,"column":1},"end":{"line":73,"column":7}},"loc":{"start":{"line":73,"column":7},"end":{"line":75,"column":null}},"line":73},"6":{"name":"(anonymous_6)","decl":{"start":{"line":74,"column":31},"end":{"line":74,"column":32}},"loc":{"start":{"line":74,"column":38},"end":{"line":74,"column":40}},"line":74},"7":{"name":"close","decl":{"start":{"line":77,"column":1},"end":{"line":77,"column":6}},"loc":{"start":{"line":77,"column":6},"end":{"line":79,"column":null}},"line":77},"8":{"name":"_handle","decl":{"start":{"line":81,"column":9},"end":{"line":81,"column":16}},"loc":{"start":{"line":81,"column":33},"end":{"line":206,"column":null}},"line":81},"9":{"name":"(anonymous_9)","decl":{"start":{"line":96,"column":32},"end":{"line":96,"column":33}},"loc":{"start":{"line":96,"column":39},"end":{"line":96,"column":41}},"line":96}},"branchMap":{"0":{"loc":{"start":{"line":26,"column":2},"end":{"line":26,"column":null}},"type":"if","locations":[{"start":{"line":26,"column":2},"end":{"line":26,"column":null}},{"start":{},"end":{}}],"line":26},"1":{"loc":{"start":{"line":32,"column":2},"end":{"line":32,"column":null}},"type":"if","locations":[{"start":{"line":32,"column":2},"end":{"line":32,"column":null}},{"start":{},"end":{}}],"line":32},"2":{"loc":{"start":{"line":35,"column":18},"end":{"line":35,"column":43}},"type":"cond-expr","locations":[{"start":{"line":35,"column":25},"end":{"line":35,"column":36}},{"start":{"line":35,"column":39},"end":{"line":35,"column":43}}],"line":35},"3":{"loc":{"start":{"line":36,"column":20},"end":{"line":36,"column":92}},"type":"cond-expr","locations":[{"start":{"line":36,"column":29},"end":{"line":36,"column":80}},{"start":{"line":36,"column":83},"end":{"line":36,"column":92}}],"line":36},"4":{"loc":{"start":{"line":47,"column":17},"end":{"line":49,"column":26}},"type":"cond-expr","locations":[{"start":{"line":48,"column":8},"end":{"line":48,"column":null}},{"start":{"line":49,"column":8},"end":{"line":49,"column":26}}],"line":47},"5":{"loc":{"start":{"line":50,"column":21},"end":{"line":50,"column":58}},"type":"binary-expr","locations":[{"start":{"line":50,"column":21},"end":{"line":50,"column":50}},{"start":{"line":50,"column":54},"end":{"line":50,"column":58}}],"line":50},"6":{"loc":{"start":{"line":83,"column":2},"end":{"line":84,"column":null}},"type":"if","locations":[{"start":{"line":83,"column":2},"end":{"line":84,"column":null}},{"start":{},"end":{}}],"line":83},"7":{"loc":{"start":{"line":83,"column":6},"end":{"line":83,"column":93}},"type":"binary-expr","locations":[{"start":{"line":83,"column":6},"end":{"line":83,"column":32}},{"start":{"line":83,"column":36},"end":{"line":83,"column":65}},{"start":{"line":83,"column":69},"end":{"line":83,"column":93}}],"line":83},"8":{"loc":{"start":{"line":89,"column":2},"end":{"line":92,"column":null}},"type":"if","locations":[{"start":{"line":89,"column":2},"end":{"line":92,"column":null}},{"start":{},"end":{}}],"line":89},"9":{"loc":{"start":{"line":94,"column":2},"end":{"line":98,"column":null}},"type":"if","locations":[{"start":{"line":94,"column":2},"end":{"line":98,"column":null}},{"start":{},"end":{}}],"line":94},"10":{"loc":{"start":{"line":100,"column":2},"end":{"line":100,"column":null}},"type":"if","locations":[{"start":{"line":100,"column":2},"end":{"line":100,"column":null}},{"start":{},"end":{}}],"line":100},"11":{"loc":{"start":{"line":102,"column":2},"end":{"line":110,"column":null}},"type":"if","locations":[{"start":{"line":102,"column":2},"end":{"line":110,"column":null}},{"start":{},"end":{}}],"line":102},"12":{"loc":{"start":{"line":104,"column":3},"end":{"line":108,"column":null}},"type":"if","locations":[{"start":{"line":104,"column":3},"end":{"line":108,"column":null}},{"start":{},"end":{}}],"line":104},"13":{"loc":{"start":{"line":112,"column":2},"end":{"line":116,"column":null}},"type":"if","locations":[{"start":{"line":112,"column":2},"end":{"line":116,"column":null}},{"start":{},"end":{}}],"line":112},"14":{"loc":{"start":{"line":112,"column":6},"end":{"line":112,"column":62}},"type":"binary-expr","locations":[{"start":{"line":112,"column":7},"end":{"line":112,"column":18}},{"start":{"line":112,"column":22},"end":{"line":112,"column":33}},{"start":{"line":112,"column":38},"end":{"line":112,"column":48}},{"start":{"line":112,"column":52},"end":{"line":112,"column":62}}],"line":112},"15":{"loc":{"start":{"line":1
[...]
,"/home/runner/work/portfolio/portfolio/src-code/src/app/widgets/resume/ui/resume-education/resume-education.component.css": {"path":"/home/runner/work/portfolio/portfolio/src-code/src/app/widgets/resume/ui/resume-education/resume-education.component.css","statementMap":{},"fnMap":{},"branchMap":{},"s":{},"f":{},"b":{},"meta":{"lastBranch":0,"lastFunction":0,"lastStatement":0,"seen":{},"fnNames":{}}}
,"/home/runner/work/portfolio/portfolio/src-code/src/app/widgets/resume/ui/resume-education/resume-education.component.ts": {"path":"/home/runner/work/portfolio/portfolio/src-code/src/app/widgets/resume/ui/resume-education/resume-education.component.ts","statementMap":{"0":{"start":{"line":12,"column":7},"end":{"line":16,"column":null}},"1":{"start":{"line":13,"column":10},"end":{"line":13,"column":null}},"2":{"start":{"line":14,"column":20},"end":{"line":14,"column":null}},"3":{"start":{"line":16,"column":10},"end":{"line":16,"column":null}},"4":{"start":{"line":16,"column":27},"end":{"line":16,"column":59}},"5":{"start":{"line":12,"column":13},"end":{"line":17,"column":null}}},"fnMap":{"0":{"name":"constructor","decl":{"start":{"line":12,"column":7},"end":{"line":12,"column":13}},"loc":{"start":{"line":12,"column":7},"end":{"line":16,"column":null}},"line":12},"1":{"name":"(anonymous_1)","decl":{"start":{"line":16,"column":22},"end":{"line":16,"column":25}},"loc":{"start":{"line":16,"column":27},"end":{"line":16,"column":59}},"line":16}},"branchMap":{},"s":{"0":3,"1":19,"2":19,"3":19,"4":18,"5":3},"f":{"0":19,"1":18},"b":{},"meta":{"lastBranch":0,"lastFunction":2,"lastStatement":6,"seen":{"s:12:7:16:Infinity":0,"f:12:7:12:13":0,"s:13:10:13:Infinity":1,"s:14:20:14:Infinity":2,"s:16:10:16:Infinity":3,"f:16:22:16:25":1,"s:16:27:16:59":4,"s:12:13:17:Infinity":5},"fnNames":{}}}
,"/home/runner/work/portfolio/portfolio/src-code/src/app/widgets/resume/ui/resume-experience/resume-experience.component.css": {"path":"/home/runner/work/portfolio/portfolio/src-code/src/app/widgets/resume/ui/resume-experience/resume-experience.component.css","statementMap":{},"fnMap":{},"branchMap":{},"s":{},"f":{},"b":{},"meta":{"lastBranch":0,"lastFunction":0,"lastStatement":0,"seen":{},"fnNames":{}}}
,"/home/runner/work/portfolio/portfolio/src-code/src/app/widgets/resume/ui/resume-experience/resume-experience.component.ts": {"path":"/home/runner/work/portfolio/portfolio/src-code/src/app/widgets/resume/ui/resume-experience/resume-experience.component.ts","statementMap":{"0":{"start":{"line":12,"column":7},"end":{"line":24,"column":null}},"1":{"start":{"line":13,"column":10},"end":{"line":13,"column":null}},"2":{"start":{"line":14,"column":20},"end":{"line":14,"column":null}},"3":{"start":{"line":15,"column":27},"end":{"line":15,"column":null}},"4":{"start":{"line":16,"column":10},"end":{"line":16,"column":null}},"5":{"start":{"line":18,"column":10},"end":{"line":18,"column":null}},"6":{"start":{"line":18,"column":29},"end":{"line":18,"column":62}},"7":{"start":{"line":21,"column":18},"end":{"line":21,"column":39}},"8":{"start":{"line":22,"column":2},"end":{"line":22,"column":null}},"9":{"start":{"line":22,"column":25},"end":{"line":22,"column":null}},"10":{"start":{"line":23,"column":2},"end":{"line":23,"column":null}},"11":{"start":{"line":12,"column":13},"end":{"line":25,"column":null}}},"fnMap":{"0":{"name":"constructor","decl":{"start":{"line":12,"column":7},"end":{"line":12,"column":13}},"loc":{"start":{"line":12,"column":7},"end":{"line":18,"column":null}},"line":12},"1":{"name":"(anonymous_1)","decl":{"start":{"line":18,"column":24},"end":{"line":18,"column":27}},"loc":{"start":{"line":18,"column":29},"end":{"line":18,"column":62}},"line":18},"2":{"name":"isBulletVisible","decl":{"start":{"line":20,"column":1},"end":{"line":20,"column":16}},"loc":{"start":{"line":20,"column":47},"end":{"line":24,"column":null}},"line":20}},"branchMap":{"0":{"loc":{"start":{"line":22,"column":2},"end":{"line":22,"column":null}},"type":"if","locations":[{"start":{"line":22,"column":2},"end":{"line":22,"column":null}},{"start":{},"end":{}}],"line":22}},"s":{"0":3,"1":20,"2":20,"3":20,"4":20,"5":20,"6":23,"7":460,"8":460,"9":428,"10":32,"11":3},"f":{"0":20,"1":23,"2":460},"b":{"0":[428,32]},"meta":{"lastBranch":1,"lastFunction":3,"lastStatement":12,"seen":{"s:12:7:24:Infinity":0,"f:12:7:12:13":0,"s:13:10:13:Infinity":1,"s:14:20:14:Infinity":2,"s:15:27:15:Infinity":3,"s:16:10:16:Infinity":4,"s:18:10:18:Infinity":5,"f:18:24:18:27":1,"s:18:29:18:62":6,"f:20:1:20:16":2,"s:21:18:21:39":7,"b:22:2:22:Infinity:undefined:undefined:undefined:undefined":0,"s:22:2:22:Infinity":8,"s:22:25:22:Infinity":9,"s:23:2:23:Infinity":10,"s:12:13:25:Infinity":11},"fnNames":{}}}
,"/home/runner/work/portfolio/portfolio/src-code/src/app/widgets/resume/ui/resume-header/resume-header.component.css": {"path":"/home/runner/work/portfolio/portfolio/src-code/src/app/widgets/resume/ui/resume-header/resume-header.component.css","statementMap":{},"fnMap":{},"branchMap":{},"s":{},"f":{},"b":{},"meta":{"lastBranch":0,"lastFunction":0,"lastStatement":0,"seen":{},"fnNames":{}}}
,"/home/runner/work/portfolio/portfolio/src-code/src/app/widgets/resume/ui/resume-header/resume-header.component.ts": {"path":"/home/runner/work/portfolio/portfolio/src-code/src/app/widgets/resume/ui/resume-header/resume-header.component.ts","statementMap":{"0":{"start":{"line":12,"column":7},"end":{"line":15,"column":null}},"1":{"start":{"line":13,"column":10},"end":{"line":13,"column":null}},"2":{"start":{"line":14,"column":10},"end":{"line":14,"column":null}},"3":{"start":{"line":12,"column":13},"end":{"line":15,"column":null}}},"fnMap":{"0":{"name":"constructor","decl":{"start":{"line":12,"column":7},"end":{"line":12,"column":13}},"loc":{"start":{"line":12,"column":7},"end":{"line":15,"column":1}},"line":12}},"branchMap":{},"s":{"0":3,"1":19,"2":19,"3":3},"f":{"0":19},"b":{},"meta":{"lastBranch":0,"lastFunction":1,"lastStatement":4,"seen":{"s:12:7:15:Infinity":0,"f:12:7:12:13":0,"s:13:10:13:Infinity":1,"s:14:10:14:Infinity":2,"s:12:13:15:Infinity":3},"fnNames":{}}}
,"/home/runner/work/portfolio/portfolio/src-code/src/app/widgets/resume/ui/resume-projects/resume-projects.component.css": {"path":"/home/runner/work/portfolio/portfolio/src-code/src/app/widgets/resume/ui/resume-projects/resume-projects.component.css","statementMap":{},"fnMap":{},"branchMap":{},"s":{},"f":{},"b":{},"meta":{"lastBranch":0,"lastFunction":0,"lastStatement":0,"seen":{},"fnNames":{}}}
,"/home/runner/work/portfolio/portfolio/src-code/src/app/widgets/resume/ui/resume-projects/resume-projects.component.ts": {"path":"/home/runner/work/portfolio/portfolio/src-code/src/app/widgets/resume/ui/resume-projects/resume-projects.component.ts","statementMap":{"0":{"start":{"line":12,"column":7},"end":{"line":24,"column":null}},"1":{"start":{"line":13,"column":10},"end":{"line":13,"column":null}},"2":{"start":{"line":14,"column":20},"end":{"line":14,"column":null}},"3":{"start":{"line":15,"column":28},"end":{"line":15,"column":null}},"4":{"start":{"line":16,"column":10},"end":{"line":16,"column":null}},"5":{"start":{"line":18,"column":10},"end":{"line":18,"column":null}},"6":{"start":{"line":18,"column":26},"end":{"line":18,"column":57}},"7":{"start":{"line":21,"column":18},"end":{"line":21,"column":40}},"8":{"start":{"line":22,"column":2},"end":{"line":22,"column":null}},"9":{"start":{"line":22,"column":28},"end":{"line":22,"column":null}},"10":{"start":{"line":23,"column":2},"end":{"line":23,"column":null}},"11":{"start":{"line":12,"column":13},"end":{"line":25,"column":null}}},"fnMap":{"0":{"name":"constructor","decl":{"start":{"line":12,"column":7},"end":{"line":12,"column":13}},"loc":{"start":{"line":12,"column":7},"end":{"line":18,"column":null}},"line":12},"1":{"name":"(anonymous_1)","decl":{"start":{"line":18,"column":21},"end":{"line":18,"column":24}},"loc":{"start":{"line":18,"column":26},"end":{"line":18,"column":57}},"line":18},"2":{"name":"isProjectVisible","decl":{"start":{"line":20,"column":1},"end":{"line":20,"column":17}},"loc":{"start":{"line":20,"column":31},"end":{"line":24,"column":null}},"line":20}},"branchMap":{"0":{"loc":{"start":{"line":22,"column":2},"end":{"line":22,"column":null}},"type":"if","locations":[{"start":{"line":22,"column":2},"end":{"line":22,"column":null}},{"start":{},"end":{}}],"line":22}},"s":{"0":3,"1":20,"2":20,"3":20,"4":20,"5":20,"6":23,"7":184,"8":184,"9":160,"10":24,"11":3},"f":{"0":20,"1":23,"2":184},"b":{"0":[160,24]},"meta":{"lastBranch":1,"lastFunction":3,"lastStatement":12,"seen":{"s:12:7:24:Infinity":0,"f:12:7:12:13":0,"s:13:10:13:Infinity":1,"s:14:20:14:Infinity":2,"s:15:28:15:Infinity":3,"s:16:10:16:Infinity":4,"s:18:10:18:Infinity":5,"f:18:21:18:24":1,"s:18:26:18:57":6,"f:20:1:20:17":2,"s:21:18:21:40":7,"b:22:2:22:Infinity:undefined:undefined:undefined:undefined":0,"s:22:2:22:Infinity":8,"s:22:28:22:Infinity":9,"s:23:2:23:Infinity":10,"s:12:13:25:Infinity":11},"fnNames":{}}}
,"/home/runner/work/portfolio/portfolio/src-code/src/app/widgets/resume/ui/resume-skills/resume-skills.component.css": {"path":"/home/runner/work/portfolio/portfolio/src-code/src/app/widgets/resume/ui/resume-skills/resume-skills.component.css","statementMap":{},"fnMap":{},"branchMap":{},"s":{},"f":{},"b":{},"meta":{"lastBranch":0,"lastFunction":0,"lastStatement":0,"seen":{},"fnNames":{}}}
,"/home/runner/work/portfolio/portfolio/src-code/src/app/widgets/resume/ui/resume-skills/resume-skills.component.ts": {"path":"/home/runner/work/portfolio/portfolio/src-code/src/app/widgets/resume/ui/resume-skills/resume-skills.component.ts","statementMap":{"0":{"start":{"line":12,"column":7},"end":{"line":24,"column":null}},"1":{"start":{"line":13,"column":10},"end":{"line":13,"column":null}},"2":{"start":{"line":14,"column":20},"end":{"line":14,"column":null}},"3":{"start":{"line":15,"column":26},"end":{"line":15,"column":null}},"4":{"start":{"line":16,"column":10},"end":{"line":16,"column":null}},"5":{"start":{"line":18,"column":10},"end":{"line":18,"column":null}},"6":{"start":{"line":21,"column":18},"end":{"line":21,"column":38}},"7":{"start":{"line":22,"column":2},"end":{"line":22,"column":null}},"8":{"start":{"line":22,"column":28},"end":{"line":22,"column":null}},"9":{"start":{"line":23,"column":2},"end":{"line":23,"column":null}},"10":{"start":{"line":12,"column":13},"end":{"line":25,"column":null}}},"fnMap":{"0":{"name":"constructor","decl":{"start":{"line":12,"column":7},"end":{"line":12,"column":13}},"loc":{"start":{"line":12,"column":7},"end":{"line":18,"column":null}},"line":12},"1":{"name":"isSkillVisible","decl":{"start":{"line":20,"column":1},"end":{"line":20,"column":15}},"loc":{"start":{"line":20,"column":28},"end":{"line":24,"column":null}},"line":20}},"branchMap":{"0":{"loc":{"start":{"line":22,"column":2},"end":{"line":22,"column":null}},"type":"if","locations":[{"start":{"line":22,"column":2},"end":{"line":22,"column":null}},{"start":{},"end":{}}],"line":22}},"s":{"0":3,"1":20,"2":20,"3":20,"4":20,"5":20,"6":1323,"7":1323,"8":1197,"9":126,"10":3},"f":{"0":20,"1":1323},"b":{"0":[1197,126]},"meta":{"lastBranch":1,"lastFunction":2,"lastStatement":11,"seen":{"s:12:7:24:Infinity":0,"f:12:7:12:13":0,"s:13:10:13:Infinity":1,"s:14:20:14:Infinity":2,"s:15:26:15:Infinity":3,"s:16:10:16:Infinity":4,"s:18:10:18:Infinity":5,"f:20:1:20:15":1,"s:21:18:21:38":6,"b:22:2:22:Infinity:undefined:undefined:undefined:undefined":0,"s:22:2:22:Infinity":7,"s:22:28:22:Infinity":8,"s:23:2:23:Infinity":9,"s:12:13:25:Infinity":10},"fnNames":{}}}
,"/home/runner/work/portfolio/portfolio/src-code/src/app/widgets/resume/ui/resume-summary/resume-summary.component.css": {"path":"/home/runner/work/portfolio/portfolio/src-code/src/app/widgets/resume/ui/resume-summary/resume-summary.component.css","statementMap":{},"fnMap":{},"branchMap":{},"s":{},"f":{},"b":{},"meta":{"lastBranch":0,"lastFunction":0,"lastStatement":0,"seen":{},"fnNames":{}}}
,"/home/runner/work/portfolio/portfolio/src-code/src/app/widgets/resume/ui/resume-summary/resume-summary.component.ts": {"path":"/home/runner/work/portfolio/portfolio/src-code/src/app/widgets/resume/ui/resume-summary/resume-summary.component.ts","statementMap":{"0":{"start":{"line":11,"column":7},"end":{"line":13,"column":null}},"1":{"start":{"line":12,"column":10},"end":{"line":12,"column":null}},"2":{"start":{"line":13,"column":20},"end":{"line":13,"column":null}},"3":{"start":{"line":11,"column":13},"end":{"line":14,"column":null}}},"fnMap":{"0":{"name":"constructor","decl":{"start":{"line":11,"column":7},"end":{"line":11,"column":13}},"loc":{"start":{"line":11,"column":7},"end":{"line":13,"column":null}},"line":11}},"branchMap":{},"s":{"0":3,"1":19,"2":19,"3":3},"f":{"0":19},"b":{},"meta":{"lastBranch":0,"lastFunction":1,"lastStatement":4,"seen":{"s:11:7:13:Infinity":0,"f:11:7:11:13":0,"s:12:10:12:Infinity":1,"s:13:20:13:Infinity":2,"s:11:13:14:Infinity":3},"fnNames":{}}}
,"/home/runner/work/portfolio/portfolio/src-code/src/app/widgets/skills-section/skills-section.component.css": {"path":"/home/runner/work/portfolio/portfolio/src-code/src/app/widgets/skills-section/skills-section.component.css","statementMap":{},"fnMap":{},"branchMap":{},"s":{},"f":{},"b":{},"meta":{"lastBranch":0,"lastFunction":0,"lastStatement":0,"seen":{},"fnNames":{}}}
,"/home/runner/work/portfolio/portfolio/src-code/src/app/widgets/skills-section/skills-section.component.ts": {"path":"/home/runner/work/portfolio/portfolio/src-code/src/app/widgets/skills-section/skills-section.component.ts","statementMap":{"0":{"start":{"line":21,"column":44},"end":{"line":78,"column":null}},"1":{"start":{"line":88,"column":7},"end":{"line":93,"column":null}},"2":{"start":{"line":89,"column":20},"end":{"line":89,"column":null}},"3":{"start":{"line":90,"column":10},"end":{"line":90,"column":null}},"4":{"start":{"line":91,"column":10},"end":{"line":91,"column":null}},"5":{"start":{"line":93,"column":10},"end":{"line":93,"column":null}},"6":{"start":{"line":93,"column":41},"end":{"line":93,"column":79}},"7":{"start":{"line":88,"column":13},"end":{"line":94,"column":null}}},"fnMap":{"0":{"name":"constructor","decl":{"start":{"line":88,"column":7},"end":{"line":88,"column":13}},"loc":{"start":{"line":88,"column":7},"end":{"line":93,"column":null}},"line":88},"1":{"name":"(anonymous_1)","decl":{"start":{"line":93,"column":35},"end":{"line":93,"column":38}},"loc":{"start":{"line":93,"column":41},"end":{"line":93,"column":79}},"line":93}},"branchMap":{},"s":{"0":3,"1":3,"2":4,"3":4,"4":4,"5":4,"6":2,"7":3},"f":{"0":4,"1":2},"b":{},"meta":{"lastBranch":0,"lastFunction":2,"lastStatement":8,"seen":{"s:21:44:78:Infinity":0,"s:88:7:93:Infinity":1,"f:88:7:88:13":0,"s:89:20:89:Infinity":2,"s:90:10:90:Infinity":3,"s:91:10:91:Infinity":4,"s:93:10:93:Infinity":5,"f:93:35:93:38":1,"s:93:41:93:79":6,"s:88:13:94:Infinity":7},"fnNames":{}}}
,"/home/runner/work/portfolio/portfolio/src-code/src/app/widgets/star-ledger/star-ledger.component.css": {"path":"/home/runner/work/portfolio/portfolio/src-code/src/app/widgets/star-ledger/star-ledger.component.css","statementMap":{},"fnMap":{},"branchMap":{},"s":{},"f":{},"b":{},"meta":{"lastBranch":0,"lastFunction":0,"lastStatement":0,"seen":{},"fnNames":{}}}
,"/home/runner/work/portfolio/portfolio/src-code/src/app/widgets/star-ledger/star-ledger.component.ts": {"path":"/home/runner/work/portfolio/portfolio/src-code/src/app/widgets/star-ledger/star-ledger.component.ts","statementMap":{"0":{"start":{"line":7,"column":53},"end":{"line":14,"column":null}},"1":{"start":{"line":23,"column":7},"end":{"line":47,"column":null}},"2":{"start":{"line":24,"column":10},"end":{"line":24,"column":null}},"3":{"start":{"line":25,"column":10},"end":{"line":25,"column":null}},"4":{"start":{"line":26,"column":10},"end":{"line":26,"column":null}},"5":{"start":{"line":28,"column":10},"end":{"line":31,"column":null}},"6":{"start":{"line":29,"column":12},"end":{"line":29,"column":31}},"7":{"start":{"line":30,"column":2},"end":{"line":30,"column":null}},"8":{"start":{"line":30,"column":63},"end":{"line":30,"column":79}},"9":{"start":{"line":34,"column":2},"end":{"line":34,"column":null}},"10":{"start":{"line":34,"column":35},"end":{"line":34,"column":57}},"11":{"start":{"line":38,"column":50},"end":{"line":44,"column":null}},"12":{"start":{"line":45,"column":2},"end":{"line":45,"column":null}},"13":{"start":{"line":23,"column":13},"end":{"line":47,"column":null}}},"fnMap":{"0":{"name":"constructor","decl":{"start":{"line":23,"column":7},"end":{"line":23,"column":13}},"loc":{"start":{"line":23,"column":7},"end":{"line":47,"column":1}},"line":23},"1":{"name":"(anonymous_1)","decl":{"start":{"line":28,"column":42},"end":{"line":28,"column":45}},"loc":{"start":{"line":28,"column":47},"end":{"line":31,"column":2}},"line":28},"2":{"name":"(anonymous_2)","decl":{"start":{"line":30,"column":56},"end":{"line":30,"column":57}},"loc":{"start":{"line":30,"column":63},"end":{"line":30,"column":79}},"line":30},"3":{"name":"toggleExpand","decl":{"start":{"line":33,"column":1},"end":{"line":33,"column":13}},"loc":{"start":{"line":33,"column":24},"end":{"line":35,"column":null}},"line":33},"4":{"name":"(anonymous_4)","decl":{"start":{"line":34,"column":25},"end":{"line":34,"column":26}},"loc":{"start":{"line":34,"column":35},"end":{"line":34,"column":57}},"line":34},"5":{"name":"categoryColor","decl":{"start":{"line":37,"column":1},"end":{"line":37,"column":14}},"loc":{"start":{"line":37,"column":38},"end":{"line":46,"column":null}},"line":37}},"branchMap":{"0":{"loc":{"start":{"line":30,"column":9},"end":{"line":30,"column":80}},"type":"cond-expr","locations":[{"start":{"line":30,"column":23},"end":{"line":30,"column":34}},{"start":{"line":30,"column":37},"end":{"line":30,"column":80}}],"line":30},"1":{"loc":{"start":{"line":34,"column":35},"end":{"line":34,"column":57}},"type":"cond-expr","locations":[{"start":{"line":34,"column":48},"end":{"line":34,"column":52}},{"start":{"line":34,"column":55},"end":{"line":34,"column":57}}],"line":34}},"s":{"0":3,"1":3,"2":2,"3":2,"4":2,"5":2,"6":2,"7":2,"8":0,"9":0,"10":0,"11":12,"12":12,"13":3},"f":{"0":2,"1":2,"2":0,"3":0,"4":0,"5":12},"b":{"0":[2,0],"1":[0,0]},"meta":{"lastBranch":2,"lastFunction":6,"lastStatement":14,"seen":{"s:7:53:14:Infinity":0,"s:23:7:47:Infinity":1,"f:23:7:23:13":0,"s:24:10:24:Infinity":2,"s:25:10:25:Infinity":3,"s:26:10:26:Infinity":4,"s:28:10:31:Infinity":5,"f:28:42:28:45":1,"s:29:12:29:31":6,"s:30:2:30:Infinity":7,"b:30:23:30:34:30:37:30:80":0,"f:30:56:30:57":2,"s:30:63:30:79":8,"f:33:1:33:13":3,"s:34:2:34:Infinity":9,"f:34:25:34:26":4,"s:34:35:34:57":10,"b:34:48:34:52:34:55:34:57":1,"f:37:1:37:14":5,"s:38:50:44:Infinity":11,"s:45:2:45:Infinity":12,"s:23:13:47:Infinity":13},"fnNames":{}}}
}
