TN:
SF:src/app/app.ts
FN:51,constructor
FN:57,(anonymous_1)
FN:58,(anonymous_2)
FN:63,(anonymous_3)
FN:81,(anonymous_4)
FNF:5
FNH:4
FNDA:1,constructor
FNDA:4,(anonymous_1)
FNDA:1,(anonymous_2)
FNDA:0,(anonymous_3)
FNDA:1,(anonymous_4)
DA:37,1
DA:38,1
DA:39,1
DA:40,1
DA:41,1
DA:42,1
DA:43,1
DA:49,1
DA:52,1
DA:56,1
DA:57,4
DA:59,1
DA:61,1
DA:63,0
DA:64,0
DA:65,0
DA:67,0
DA:69,0
DA:70,0
DA:75,1
DA:76,1
DA:81,1
DA:82,1
DA:83,1
DA:84,1
LF:25
LH:19
BRDA:52,0,0,1
BRDA:52,0,1,0
BRDA:61,1,0,0
BRDA:61,1,1,1
BRDA:65,2,0,0
BRDA:65,2,1,0
BRDA:69,3,0,0
BRDA:69,3,1,0
BRDA:75,4,0,1
BRDA:75,4,1,0
BRF:10
BRH:3
end_of_record
TN:
SF:src/app/entities/experience/model/experience.data.ts
FN:4,getExperienceData
FNF:1
FNH:1
FNDA:1,getExperienceData
DA:5,1
LF:1
LH:1
BRF:0
BRH:0
end_of_record
TN:
SF:src/app/entities/experience/model/star.data.ts
FNF:0
FNH:0
DA:3,1
LF:1
LH:1
BRF:0
BRH:0
end_of_record
TN:
SF:src/app/entities/experience/ui/experience-item.component.css
FNF:0
FNH:0
LF:0
LH:0
BRF:0
BRH:0
end_of_record
TN:
SF:src/app/entities/experience/ui/experience-item.component.ts
FN:13,constructor
FNF:1
FNH:1
FNDA:2,constructor
DA:13,1
DA:14,2
LF:2
LH:2
BRF:0
BRH:0
end_of_record
TN:
SF:src/app/entities/project/model/project.data.ts
FN:5,getProjectsData
FNF:1
FNH:1
FNDA:1,getProjectsData
DA:6,1
LF:1
LH:1
BRF:0
BRH:0
end_of_record
TN:
SF:src/app/entities/project/ui/project-card.component.css
FNF:0
FNH:0
LF:0
LH:0
BRF:0
BRH:0
end_of_record
TN:
SF:src/app/entities/project/ui/project-card.component.ts
FN:15,constructor
FN:19,(anonymous_1)
FN:21,(anonymous_2)
FN:23,(anonymous_3)
FNF:4
FNH:4
FNDA:5,constructor
FNDA:5,(anonymous_1)
FNDA:5,(anonymous_2)
FNDA:5,(anonymous_3)
DA:5,1
DA:15,1
DA:16,5
DA:17,5
DA:19,5
DA:21,5
DA:23,5
LF:7
LH:7
BRF:0
BRH:0
end_of_record
TN:
SF:src/app/entities/technology/model/technology.model.ts
FNF:0
FNH:0
DA:6,1
DA:39,1
LF:2
LH:2
BRF:0
BRH:0
end_of_record
TN:
SF:src/app/features/language-picker/language-picker.component.css
FNF:0
FNH:0
LF:0
LH:0
BRF:0
BRH:0
end_of_record
TN:
SF:src/app/features/language-picker/language-picker.component.ts
FN:12,constructor
FNF:1
FNH:1
FNDA:1,constructor
DA:12,1
DA:13,1
LF:2
LH:2
BRF:0
BRH:0
end_of_record
TN:
SF:src/app/features/utility-panel/utility-panel.css
FNF:0
FNH:0
LF:0
LH:0
BRF:0
BRH:0
end_of_record
TN:
SF:src/app/features/utility-panel/utility-panel.ts
FN:25,constructor
FN:38,onDocumentClick
FN:45,toggleOpen
FN:46,(anonymous_3)
FN:49,scrollToTop
FN:54,switchMode
FN:58,(anonymous_6)
FN:67,copyEmail
FN:80,(anonymous_8)
FN:83,openShortcuts
FNF:10
FNH:1
FNDA:1,constructor
FNDA:0,onDocumentClick
FNDA:0,toggleOpen
FNDA:0,(anonymous_3)
FNDA:0,scrollToTop
FNDA:0,switchMode
FNDA:0,(anonymous_6)
FNDA:0,copyEmail
FNDA:0,(anonymous_8)
FNDA:0,openShortcuts
DA:25,1
DA:26,1
DA:27,1
DA:28,1
DA:29,1
DA:30,1
DA:31,1
DA:33,1
DA:34,1
DA:35,1
DA:39,0
DA:40,0
DA:41,0
DA:46,0
DA:50,0
DA:51,0
DA:55,0
DA:56,0
DA:57,0
DA:58,0
DA:59,0
DA:60,0
DA:63,0
DA:68,0
DA:69,0
DA:70,0
DA:72,0
DA:73,0
DA:74,0
DA:75,0
DA:76,0
DA:77,0
DA:79,0
DA:80,0
DA:84,0
DA:85,0
LF:36
LH:10
BRDA:39,0,0,0
BRDA:39,0,1,0
BRDA:40,1,0,0
BRDA:40,1,1,0
BRDA:50,2,0,0
BRDA:50,2,1,0
BRDA:55,3,0,0
BRDA:55,3,1,0
BRDA:56,4,0,0
BRDA:56,4,1,0
BRDA:68,5,0,0
BRDA:68,5,1,0
BRF:12
BRH:0
end_of_record
TN:
SF:src/app/features/utility-panel/shortcuts-modal/shortcuts-modal.css
FNF:0
FNH:0
LF:0
LH:0
BRF:0
BRH:0
end_of_record
TN:
SF:src/app/features/utility-panel/shortcuts-modal/shortcuts-modal.ts
FN:60,constructor
FN:64,closeOnBackdrop
FNF:2
FNH:1
FNDA:1,constructor
FNDA:0,closeOnBackdrop
DA:10,1
DA:60,1
DA:61,1
DA:62,1
DA:65,0
DA:66,0
LF:6
LH:4
BRDA:65,0,0,0
BRDA:65,0,1,0
BRF:2
BRH:0
end_of_record
TN:
SF:src/app/pages/notes/[slug].page.css
FNF:0
FNH:0
LF:0
LH:0
BRF:0
BRH:0
end_of_record
TN:
SF:src/app/pages/notes/[slug].page.ts
FN:18,constructor
FN:23,(anonymous_1)
FNF:2
FNH:2
FNDA:1,constructor
FNDA:1,(anonymous_1)
DA:18,1
DA:19,1
DA:20,1
DA:22,1
DA:24,1
DA:25,1
LF:6
LH:6
BRDA:24,0,0,1
BRDA:24,0,1,0
BRF:2
BRH:1
end_of_record
TN:
SF:src/app/pages/notes/index.page.css
FNF:0
FNH:0
LF:0
LH:0
BRF:0
BRH:0
end_of_record
TN:
SF:src/app/pages/notes/index.page.ts
FN:31,constructor
FN:42,(anonymous_1)
FN:47,(anonymous_2)
FN:53,(anonymous_3)
FN:57,(anonymous_4)
FN:61,ngOnInit
FN:70,updateSearch
FN:74,setCategory
FNF:8
FNH:3
FNDA:1,constructor
FNDA:1,(anonymous_1)
FNDA:0,(anonymous_2)
FNDA:0,(anonymous_3)
FNDA:0,(anonymous_4)
FNDA:1,ngOnInit
FNDA:0,updateSearch
FNDA:0,setCategory
DA:31,1
DA:32,1
DA:33,1
DA:36,1
DA:38,1
DA:39,1
DA:42,1
DA:43,1
DA:44,1
DA:46,1
DA:48,0
DA:50,0
DA:53,0
DA:54,0
DA:57,0
DA:62,1
DA:71,0
DA:75,0
LF:18
LH:11
BRDA:48,0,0,0
BRDA:48,0,1,0
BRDA:50,1,0,0
BRDA:50,1,1,0
BRDA:50,1,2,0
BRDA:50,1,3,0
BRDA:54,2,0,0
BRDA:54,2,1,0
BRF:8
BRH:0
end_of_record
TN:
SF:src/app/shared/config/contact.config.ts
FNF:0
FNH:0
DA:6,1
DA:25,1
LF:2
LH:2
BRF:0
BRH:0
end_of_record
TN:
SF:src/app/shared/config/i18n/en.ts
FNF:0
FNH:0
DA:1,1
LF:1
LH:1
BRF:0
BRH:0
end_of_record
TN:
SF:src/app/shared/config/i18n/es.ts
FNF:0
FNH:0
DA:3,1
LF:1
LH:1
BRF:0
BRH:0
end_of_record
TN:
SF:src/app/shared/lib/animation/scroll-observer.directive.ts
FN:20,constructor
FN:26,ngOnInit
FN:32,(anonymous_2)
FN:43,ngOnDestroy
FNF:4
FNH:3
FNDA:17,constructor
FNDA:17,ngOnInit
FNDA:0,(anonymous_2)
FNDA:17,ngOnDestroy
DA:20,1
DA:21,17
DA:22,17
DA:23,17
DA:27,17
DA:28,10
DA:29,10
DA:31,7
DA:33,0
DA:34,0
DA:35,0
DA:40,7
DA:44,17
LF:13
LH:10
BRDA:27,0,0,10
BRDA:27,0,1,7
BRDA:27,1,0,17
BRDA:27,1,1,17
BRDA:33,2,0,0
BRDA:33,2,1,0
BRF:6
BRH:4
end_of_record
TN:
SF:src/app/shared/lib/font-scale/font-scale.ts
FN:9,constructor
FN:13,(anonymous_1)
FN:14,(anonymous_2)
FN:16,apply
FN:20,increase
FN:24,decrease
FN:28,reset
FN:32,_set
FN:38,_syncDom
FN:43,_getInitialScale
FNF:10
FNH:4
FNDA:1,constructor
FNDA:0,(anonymous_1)
FNDA:0,(anonymous_2)
FNDA:1,apply
FNDA:0,increase
FNDA:0,decrease
FNDA:0,reset
FNDA:0,_set
FNDA:1,_syncDom
FNDA:1,_getInitialScale
DA:4,1
DA:5,1
DA:9,1
DA:10,1
DA:12,1
DA:13,1
DA:14,1
DA:17,1
DA:21,0
DA:25,0
DA:29,0
DA:33,0
DA:34,0
DA:35,0
DA:39,1
DA:40,1
DA:44,1
DA:45,1
DA:46,1
DA:47,1
DA:49,1
LF:21
LH:15
BRDA:21,0,0,0
BRDA:21,0,1,0
BRDA:25,1,0,0
BRDA:25,1,1,0
BRDA:34,2,0,0
BRDA:34,2,1,0
BRDA:39,3,0,0
BRDA:39,3,1,1
BRDA:44,4,0,1
BRDA:44,4,1,0
BRDA:46,5,0,0
BRDA:46,5,1,1
BRDA:47,6,0,0
BRDA:47,6,1,1
BRDA:47,7,0,1
BRDA:47,7,1,0
BRDA:47,7,2,0
BRF:17
BRH:5
end_of_record
TN:
SF:src/app/shared/lib/i18n/i18n.service.ts
FN:12,constructor
FN:17,(anonymous_1)
FN:19,(anonymous_2)
FN:22,setLang
FN:30,toggleLang
FN:34,_getInitialLang
FNF:6
FNH:4
FNDA:1,constructor
FNDA:1,(anonymous_1)
FNDA:10,(anonymous_2)
FNDA:0,setLang
FNDA:0,toggleLang
FNDA:1,_getInitialLang
DA:8,1
DA:9,1
DA:12,1
DA:13,1
DA:15,1
DA:17,1
DA:18,1
DA:19,10
DA:23,0
DA:24,0
DA:25,0
DA:26,0
DA:31,0
DA:35,1
DA:36,1
DA:37,1
DA:39,1
LF:17
LH:12
BRDA:18,0,0,0
BRDA:18,0,1,1
BRDA:19,1,0,10
BRDA:19,1,1,0
BRDA:24,2,0,0
BRDA:24,2,1,0
BRDA:31,3,0,0
BRDA:31,3,1,0
BRDA:35,4,0,1
BRDA:35,4,1,0
BRDA:37,5,0,0
BRDA:37,5,1,1
BRDA:37,6,0,1
BRDA:37,6,1,1
BRF:14
BRH:6
end_of_record
TN:
SF:src/app/shared/lib/i18n/translate.pipe.ts
FN:10,constructor
FN:13,transform
FNF:2
FNH:2
FNDA:21,constructor
FNDA:21,transform
DA:10,1
DA:11,21
DA:14,21
LF:3
LH:3
BRF:0
BRH:0
end_of_record
TN:
SF:src/app/shared/lib/keyboard-shortcuts/keyboard-shortcuts.ts
FN:15,constructor
FN:25,register
FN:27,(anonymous_2)
FN:31,_registerDiagnostics
FN:33,(anonymous_4)
FN:73,toggle
FN:74,(anonymous_6)
FN:77,close
FN:81,_handle
FN:96,(anonymous_9)
FNF:10
FNH:3
FNDA:1,constructor
FNDA:1,register
FNDA:0,(anonymous_2)
FNDA:1,_registerDiagnostics
FNDA:0,(anonymous_4)
FNDA:0,toggle
FNDA:0,(anonymous_6)
FNDA:0,close
FNDA:0,_handle
FNDA:0,(anonymous_9)
DA:6,1
DA:15,1
DA:16,1
DA:17,1
DA:18,1
DA:20,1
DA:22,1
DA:23,1
DA:26,1
DA:27,1
DA:28,1
DA:32,1
DA:33,1
DA:34,0
DA:35,0
DA:36,0
DA:38,0
DA:60,0
DA:64,0
DA:65,0
DA:66,0
DA:69,1
DA:70,1
DA:74,0
DA:78,0
DA:82,0
DA:83,0
DA:84,0
DA:86,0
DA:87,0
DA:89,0
DA:90,0
DA:91,0
DA:94,0
DA:95,0
DA:96,0
DA:97,0
DA:100,0
DA:102,0
DA:103,0
DA:104,0
DA:105,0
DA:106,0
DA:107,0
DA:109,0
DA:112,0
DA:113,0
DA:114,0
DA:115,0
DA:117,0
DA:118,0
DA:119,0
DA:120,0
DA:122,0
DA:123,0
DA:124,0
DA:125,0
DA:128,0
DA:129,0
DA:130,0
DA:131,0
DA:133,0
DA:135,0
DA:136,0
DA:137,0
DA:138,0
DA:140,0
DA:143,0
DA:144,0
DA:145,0
DA:146,0
DA:148,0
DA:150,0
DA:151,0
DA:152,0
DA:153,0
DA:155,0
DA:157,0
DA:158,0
DA:159,0
DA:160,0
DA:162,0
DA:165,0
DA:166,0
DA:167,0
DA:168,0
DA:169,0
DA:171,0
DA:172,0
DA:174,0
DA:175,0
DA:176,0
DA:179,0
DA:180,0
DA:181,0
DA:183,0
DA:184,0
DA:185,0
DA:186,0
DA:188,0
DA:190,0
DA:191,0
DA:192,0
DA:193,0
DA:195,0
DA:198,0
DA:199,0
DA:200,0
DA:201,0
DA:204,0
DA:205,0
LF:111
LH:15
BRDA:26,0,0,0
BRDA:26,0,1,1
BRDA:32,1,0,0
BRDA:32,1,1,1
BRDA:35,2,0,0
BRDA:35,2,1,0
BRDA:36,3,0,0
BRDA:36,3,1,0
BRDA:47,4,0,0
BRDA:47,4,1,0
BRDA:50,5,0,0
BRDA:50,5,1,0
BRDA:83,6,0,0
BRDA:83,6,1,0
BRDA:83,7,0,0
BRDA:83,7,1,0
BRDA:83,7,2,0
BRDA:89,8,0,0
BRDA:89,8,1,0
BRDA:94,9,0,0
BRDA:94,9,1,0
BRDA:100,10,0,0
BRDA:100,10,1,0
BRDA:102,11,0,0
BRDA:102,11,1,0
BRDA:104,12,0,0
BRDA:104,12,1,0
BRDA:112,13,0,0
BRDA:112,13,1,0
BRDA:112,14,0,0
BRDA:112,14,1,0
BRDA:112,14,2,0
BRDA:112,14,3,0
BRDA:117,15,0,0
BRDA:117,15,1,0
BRDA:117,16,0,0
BRDA:117,16,1,0
BRDA:117,16,2,0
BRDA:122,17,0,0
BRDA:122,17,1,0
BRDA:122,18,0,0
BRDA:122,18,1,0
BRDA:122,18,2,0
BRDA:122,18,3,0
BRDA:128,19,0,0
BRDA:128,19,1,0
BRDA:128,20,0,0
BRDA:128,20,1,0
BRDA:130,21,0,0
BRDA:130,21,1,0
BRDA:135,22,0,0
BRDA:135,22,1,0
BRDA:135,23,0,0
BRDA:135,23,1,0
BRDA:137,24,0,0
BRDA:137,24,1,0
BRDA:143,25,0,0
BRDA:143,25,1,0
BRDA:145,26,0,0
BRDA:145,26,1,0
BRDA:150,27,0,0
BRDA:150,27,1,0
BRDA:150,28,0,0
BRDA:150,28,1,0
BRDA:152,29,0,0
BRDA:152,29,1,0
BRDA:157,30,0,0
BRDA:157,30,1,0
BRDA:157,31,0,0
BRDA:157,31,1,0
BRDA:159,32,0,0
BRDA:159,32,1,0
BRDA:165,33,0,0
BRDA:165,33,1,0
BRDA:166,34,0,0
BRDA:166,34,1,0
BRDA:166,35,0,0
BRDA:166,35,1,0
BRDA:168,36,0,0
BRDA:168,36,1,0
BRDA:183,37,0,0
BRDA:183,37,1,0
BRDA:183,38,0,0
BRDA:183,38,1,0
BRDA:184,39,0,0
BRDA:184,39,1,0
BRDA:190,40,0,0
BRDA:190,40,1,0
BRDA:190,41,0,0
BRDA:190,41,1,0
BRDA:191,42,0,0
BRDA:191,42,1,0
BRDA:191,43,0,0
BRDA:191,43,1,0
BRDA:198,44,0,0
BRDA:198,44,1,0
BRDA:198,45,0,0
BRDA:198,45,1,0
BRDA:198,45,2,0
BRDA:198,45,3,0
BRF:100
BRH:2
end_of_record
TN:
SF:src/app/shared/lib/mode/mode-state.service.ts
FN:9,constructor
FN:14,(anonymous_1)
FN:15,(anonymous_2)
FN:17,apply
FN:28,setMode
FN:36,toggleMode
FN:42,_syncDom
FNF:7
FNH:3
FNDA:2,constructor
FNDA:0,(anonymous_1)
FNDA:0,(anonymous_2)
FNDA:1,apply
FNDA:0,setMode
FNDA:0,toggleMode
FNDA:1,_syncDom
DA:6,1
DA:9,1
DA:10,2
DA:11,2
DA:13,2
DA:14,2
DA:15,2
DA:18,1
DA:19,1
DA:20,1
DA:21,0
DA:22,0
DA:25,1
DA:29,0
DA:30,0
DA:31,0
DA:32,0
DA:37,0
DA:43,1
DA:44,1
DA:45,1
DA:46,1
LF:22
LH:15
BRDA:18,0,0,1
BRDA:18,0,1,0
BRDA:20,1,0,0
BRDA:20,1,1,1
BRDA:20,2,0,1
BRDA:20,2,1,1
BRDA:30,3,0,0
BRDA:30,3,1,0
BRDA:38,4,0,0
BRDA:38,4,1,0
BRDA:43,5,0,0
BRDA:43,5,1,1
BRDA:46,6,0,1
BRDA:46,6,1,0
BRF:14
BRH:6
end_of_record
TN:
SF:src/app/shared/lib/seo/seo.service.ts
FN:14,constructor
FN:20,updatePage
FN:50,_upsertHreflang
FN:59,_injectJsonLd
FNF:4
FNH:0
FNDA:0,constructor
FNDA:0,updatePage
FNDA:0,_upsertHreflang
FNDA:0,_injectJsonLd
DA:14,1
DA:15,0
DA:16,0
DA:17,0
DA:18,0
DA:21,0
DA:25,0
DA:26,0
DA:27,0
DA:28,0
DA:29,0
DA:33,0
DA:37,0
DA:38,0
DA:39,0
DA:40,0
DA:42,0
DA:43,0
DA:45,0
DA:46,0
DA:51,0
DA:52,0
DA:53,0
DA:54,0
DA:55,0
DA:56,0
DA:60,0
DA:61,0
DA:62,0
DA:63,0
DA:64,0
DA:65,0
DA:66,0
LF:33
LH:1
BRDA:21,0,0,0
BRDA:21,0,1,0
BRDA:31,1,0,0
BRDA:31,1,1,0
BRDA:35,2,0,0
BRDA:35,2,1,0
BRDA:45,3,0,0
BRDA:45,3,1,0
BRDA:52,4,0,0
BRDA:52,4,1,0
BRDA:56,5,0,0
BRDA:56,5,1,0
BRDA:62,6,0,0
BRDA:62,6,1,0
BRDA:66,7,0,0
BRDA:66,7,1,0
BRF:16
BRH:0
end_of_record
TN:
SF:src/app/shared/lib/theme/theme.service.ts
FN:10,constructor
FN:16,apply
FN:20,setTheme
FN:28,toggle
FN:32,_getInitialTheme
FNF:5
FNH:0
FNDA:0,constructor
FNDA:0,apply
FNDA:0,setTheme
FNDA:0,toggle
FNDA:0,_getInitialTheme
DA:6,1
DA:7,1
DA:10,1
DA:11,0
DA:12,0
DA:14,0
DA:17,0
DA:21,0
DA:22,0
DA:23,0
DA:24,0
DA:29,0
DA:33,0
DA:34,0
DA:35,0
DA:37,0
LF:16
LH:3
BRDA:22,0,0,0
BRDA:22,0,1,0
BRDA:29,1,0,0
BRDA:29,1,1,0
BRDA:33,2,0,0
BRDA:33,2,1,0
BRDA:35,3,0,0
BRDA:35,3,1,0
BRDA:35,4,0,0
BRDA:35,4,1,0
BRF:10
BRH:0
end_of_record
TN:
SF:src/app/shared/ui/badge/badge.component.css
FNF:0
FNH:0
LF:0
LH:0
BRF:0
BRH:0
end_of_record
TN:
SF:src/app/shared/ui/badge/badge.component.ts
FN:12,constructor
FN:17,(anonymous_1)
FNF:2
FNH:2
FNDA:5,constructor
FNDA:5,(anonymous_1)
DA:12,1
DA:13,5
DA:14,5
DA:15,5
DA:17,5
DA:18,5
DA:30,5
LF:7
LH:7
BRF:0
BRH:0
end_of_record
TN:
SF:src/app/shared/ui/pixel-button/pixel-button.component.css
FNF:0
FNH:0
LF:0
LH:0
BRF:0
BRH:0
end_of_record
TN:
SF:src/app/shared/ui/pixel-button/pixel-button.component.ts
FN:16,constructor
FN:21,(anonymous_1)
FNF:2
FNH:2
FNDA:3,constructor
FNDA:3,(anonymous_1)
DA:16,1
DA:17,3
DA:18,3
DA:19,3
DA:21,3
DA:23,3
DA:25,3
DA:31,3
DA:42,3
DA:44,3
LF:10
LH:10
BRDA:42,0,0,1
BRDA:42,0,1,2
BRF:2
BRH:2
end_of_record
TN:
SF:src/app/shared/ui/pixel-card/pixel-card.component.css
FNF:0
FNH:0
LF:0
LH:0
BRF:0
BRH:0
end_of_record
TN:
SF:src/app/shared/ui/pixel-card/pixel-card.component.ts
FN:13,constructor
FN:18,(anonymous_1)
FNF:2
FNH:2
FNDA:2,constructor
FNDA:2,(anonymous_1)
DA:13,1
DA:14,2
DA:15,2
DA:16,2
DA:18,2
DA:19,2
DA:21,2
DA:27,2
DA:31,2
LF:9
LH:9
BRDA:27,0,0,0
BRDA:27,0,1,2
BRF:2
BRH:1
end_of_record
TN:
SF:src/app/shared/ui/section-title/section-title.component.css
FNF:0
FNH:0
LF:0
LH:0
BRF:0
BRH:0
end_of_record
TN:
SF:src/app/shared/ui/section-title/section-title.component.ts
FN:10,constructor
FNF:1
FNH:1
FNDA:2,constructor
DA:10,1
DA:11,2
LF:2
LH:2
BRF:0
BRH:0
end_of_record
TN:
SF:src/app/shared/ui/tech-pill/tech-pill.component.css
FNF:0
FNH:0
LF:0
LH:0
BRF:0
BRH:0
end_of_record
TN:
SF:src/app/shared/ui/tech-pill/tech-pill.component.ts
FN:10,constructor
FNF:1
FNH:1
FNDA:69,constructor
DA:10,1
DA:11,69
DA:12,69
LF:3
LH:3
BRF:0
BRH:0
end_of_record
TN:
SF:src/app/shared/ui/theme-switcher/theme-switcher.component.css
FNF:0
FNH:0
LF:0
LH:0
BRF:0
BRH:0
end_of_record
TN:
SF:src/app/shared/ui/theme-switcher/theme-switcher.component.ts
FN:11,constructor
FNF:1
FNH:1
FNDA:1,constructor
DA:11,1
DA:12,1
LF:2
LH:2
BRF:0
BRH:0
end_of_record
TN:
SF:src/app/widgets/about-section/about-section.component.css
FNF:0
FNH:0
LF:0
LH:0
BRF:0
BRH:0
end_of_record
TN:
SF:src/app/widgets/about-section/about-section.component.ts
FN:26,constructor
FNF:1
FNH:1
FNDA:1,constructor
DA:9,1
DA:26,1
DA:27,1
DA:28,1
DA:29,1
DA:30,1
DA:31,1
LF:7
LH:7
BRF:0
BRH:0
end_of_record
TN:
SF:src/app/widgets/chaos-playground/chaos-playground/chaos-playground.component.css
FNF:0
FNH:0
LF:0
LH:0
BRF:0
BRH:0
end_of_record
TN:
SF:src/app/widgets/chaos-playground/chaos-playground/chaos-playground.component.ts
FN:96,constructor
FN:106,(anonymous_1)
FN:107,(anonymous_2)
FN:108,(anonymous_3)
FN:110,(anonymous_4)
FN:121,(anonymous_5)
FN:123,(anonymous_6)
FN:126,nodeLabel
FN:130,nodeClass
FN:140,edgeClass
FN:151,injectFault
FN:155,(anonymous_11)
FN:159,(anonymous_12)
FN:164,reset
FN:168,nodePos
FN:169,(anonymous_15)
FN:172,edgeEndpoints
FN:187,getEdgeX1
FN:190,getEdgeY1
FN:193,getEdgeX2
FN:196,getEdgeY2
FN:200,getEdgeMarker
FNF:22
FNH:15
FNDA:1,constructor
FNDA:1,(anonymous_1)
FNDA:0,(anonymous_2)
FNDA:1,(anonymous_3)
FNDA:1,(anonymous_4)
FNDA:1,(anonymous_5)
FNDA:0,(anonymous_6)
FNDA:0,nodeLabel
FNDA:6,nodeClass
FNDA:16,edgeClass
FNDA:0,injectFault
FNDA:0,(anonymous_11)
FNDA:0,(anonymous_12)
FNDA:0,reset
FNDA:40,nodePos
FNDA:128,(anonymous_15)
FNDA:20,edgeEndpoints
FNDA:5,getEdgeX1
FNDA:5,getEdgeY1
FNDA:5,getEdgeX2
FNDA:5,getEdgeY2
FNDA:5,getEdgeMarker
DA:29,1
DA:80,1
DA:96,1
DA:97,1
DA:99,1
DA:100,1
DA:102,1
DA:103,1
DA:104,1
DA:106,1
DA:107,1
DA:108,1
DA:110,1
DA:111,1
DA:113,1
DA:115,0
DA:117,0
DA:121,1
DA:122,1
DA:123,1
DA:127,0
DA:131,6
DA:132,6
DA:133,1
DA:134,1
DA:136,6
DA:137,6
DA:141,16
DA:142,16
DA:143,1
DA:145,15
DA:146,0
DA:148,15
DA:152,0
DA:153,0
DA:154,0
DA:155,0
DA:156,0
DA:157,0
DA:159,0
DA:160,0
DA:165,0
DA:169,128
DA:173,20
DA:174,20
DA:175,20
DA:176,20
DA:177,20
DA:178,20
DA:180,20
DA:181,16
DA:183,4
DA:188,5
DA:191,5
DA:194,5
DA:197,5
DA:201,5
DA:202,5
DA:203,5
DA:204,5
DA:205,0
LF:61
LH:47
BRDA:111,0,0,1
BRDA:111,0,1,0
BRDA:111,0,2,0
BRDA:123,1,0,0
BRDA:123,1,1,1
BRDA:123,2,0,0
BRDA:123,2,1,0
BRDA:132,3,0,1
BRDA:132,3,1,5
BRDA:133,4,0,0
BRDA:133,4,1,1
BRDA:134,5,0,0
BRDA:134,5,1,1
BRDA:136,6,0,0
BRDA:136,6,1,6
BRDA:136,7,0,6
BRDA:136,7,1,1
BRDA:142,8,0,1
BRDA:142,8,1,15
BRDA:143,9,0,0
BRDA:143,9,1,1
BRDA:145,10,0,0
BRDA:145,10,1,15
BRDA:145,11,0,15
BRDA:145,11,1,12
BRDA:145,11,2,6
BRDA:146,12,0,0
BRDA:146,12,1,0
BRDA:152,13,0,0
BRDA:152,13,1,0
BRDA:153,14,0,0
BRDA:153,14,1,0
BRDA:169,15,0,40
BRDA:169,15,1,0
BRDA:180,16,0,16
BRDA:180,16,1,4
BRDA:181,17,0,12
BRDA:181,17,1,4
BRDA:181,18,0,12
BRDA:181,18,1,4
BRDA:183,19,0,4
BRDA:183,19,1,0
BRDA:183,20,0,4
BRDA:183,20,1,0
BRDA:202,21,0,0
BRDA:202,21,1,5
BRDA:203,22,0,0
BRDA:203,22,1,5
BRDA:203,23,0,5
BRDA:203,23,1,5
BRDA:204,24,0,5
BRDA:204,24,1,0
BRF:52
BRH:30
end_of_record
TN:
SF:src/app/widgets/experience-timeline/experience-timeline.component.css
FNF:0
FNH:0
LF:0
LH:0
BRF:0
BRH:0
end_of_record
TN:
SF:src/app/widgets/experience-timeline/experience-timeline.component.ts
FN:14,constructor
FN:18,(anonymous_1)
FN:19,(anonymous_2)
FN:21,tabClass
FNF:4
FNH:4
FNDA:1,constructor
FNDA:1,(anonymous_1)
FNDA:1,(anonymous_2)
FNDA:3,tabClass
DA:14,1
DA:15,1
DA:17,1
DA:18,1
DA:19,1
DA:22,3
LF:6
LH:6
BRDA:22,0,0,1
BRDA:22,0,1,2
BRF:2
BRH:2
end_of_record
TN:
SF:src/app/widgets/footer/footer.component.css
FNF:0
FNH:0
LF:0
LH:0
BRF:0
BRH:0
end_of_record
TN:
SF:src/app/widgets/footer/footer.component.ts
FN:14,constructor
FN:22,toggleMobileContact
FNF:2
FNH:1
FNDA:2,constructor
FNDA:0,toggleMobileContact
DA:14,1
DA:15,2
DA:16,2
DA:17,2
DA:18,2
DA:19,2
DA:20,2
DA:23,0
LF:8
LH:7
BRF:0
BRH:0
end_of_record
TN:
SF:src/app/widgets/hero/hero.component.css
FNF:0
FNH:0
LF:0
LH:0
BRF:0
BRH:0
end_of_record
TN:
SF:src/app/widgets/hero/hero.component.ts
FN:21,constructor
FN:33,ngOnInit
FN:38,ngOnDestroy
FN:42,_tick
FN:50,(anonymous_4)
FN:62,(anonymous_5)
FNF:6
FNH:4
FNDA:1,constructor
FNDA:1,ngOnInit
FNDA:1,ngOnDestroy
FNDA:1,_tick
FNDA:0,(anonymous_4)
FNDA:0,(anonymous_5)
DA:21,1
DA:22,1
DA:23,1
DA:24,1
DA:25,1
DA:27,1
DA:28,1
DA:29,1
DA:30,1
DA:34,1
DA:35,1
DA:39,1
DA:43,1
DA:45,1
DA:46,1
DA:47,1
DA:48,1
DA:49,0
DA:50,0
DA:51,0
DA:54,0
DA:55,0
DA:56,0
DA:57,0
DA:58,0
DA:62,1
LF:26
LH:18
BRDA:45,0,0,1
BRDA:45,0,1,0
BRDA:48,1,0,0
BRDA:48,1,1,1
BRDA:56,2,0,0
BRDA:56,2,1,0
BRDA:62,3,0,0
BRDA:62,3,1,1
BRF:8
BRH:3
end_of_record
TN:
SF:src/app/widgets/lstm-playground/lstm-playground.component.css
FNF:0
FNH:0
LF:0
LH:0
BRF:0
BRH:0
end_of_record
TN:
SF:src/app/widgets/lstm-playground/lstm-playground.component.ts
FN:13,constructor
FN:32,(anonymous_1)
FN:38,(anonymous_2)
FN:44,(anonymous_3)
FN:50,(anonymous_4)
FN:56,(anonymous_5)
FN:61,(anonymous_6)
FN:67,(anonymous_7)
FN:27,sigmoid
FN:93,updateForget
FN:96,updateInput
FN:99,updateOutput
FN:102,updateXt1
FN:105,updateXt2
FN:108,updateXt3
FN:111,updatePrevHidden
FN:114,updatePrevCell
FNF:17
FNH:9
FNDA:1,constructor
FNDA:1,(anonymous_1)
FNDA:1,(anonymous_2)
FNDA:1,(anonymous_3)
FNDA:1,(anonymous_4)
FNDA:1,(anonymous_5)
FNDA:1,(anonymous_6)
FNDA:1,(anonymous_7)
FNDA:3,sigmoid
FNDA:0,updateForget
FNDA:0,updateInput
FNDA:0,updateOutput
FNDA:0,updateXt1
FNDA:0,updateXt2
FNDA:0,updateXt3
FNDA:0,updatePrevHidden
FNDA:0,updatePrevCell
DA:13,1
DA:15,1
DA:16,1
DA:17,1
DA:18,1
DA:19,1
DA:22,1
DA:23,1
DA:24,1
DA:28,3
DA:32,1
DA:34,1
DA:35,1
DA:38,1
DA:40,1
DA:41,1
DA:44,1
DA:46,1
DA:47,1
DA:50,1
DA:52,1
DA:53,1
DA:56,1
DA:58,1
DA:61,1
DA:63,1
DA:67,1
DA:68,1
DA:69,1
DA:70,0
DA:76,1
DA:77,0
DA:84,1
DA:94,0
DA:97,0
DA:100,0
DA:103,0
DA:106,0
DA:109,0
DA:112,0
DA:115,0
LF:41
LH:31
BRDA:69,0,0,0
BRDA:69,0,1,1
BRDA:76,1,0,0
BRDA:76,1,1,1
BRF:4
BRH:2
end_of_record
TN:
SF:src/app/widgets/mext-thesis-pitch/mext-thesis-pitch.component.css
FNF:0
FNH:0
LF:0
LH:0
BRF:0
BRH:0
end_of_record
TN:
SF:src/app/widgets/mext-thesis-pitch/mext-thesis-pitch.component.ts
FN:11,constructor
FNF:1
FNH:1
FNDA:1,constructor
DA:11,1
DA:12,1
LF:2
LH:2
BRF:0
BRH:0
end_of_record
TN:
SF:src/app/widgets/navbar/navbar.component.css
FNF:0
FNH:0
LF:0
LH:0
BRF:0
BRH:0
end_of_record
TN:
SF:src/app/widgets/navbar/navbar.component.ts
FN:34,constructor
FN:41,(anonymous_1)
FN:44,onScroll
FNF:3
FNH:2
FNDA:2,constructor
FNDA:2,(anonymous_1)
FNDA:0,onScroll
DA:19,1
DA:34,1
DA:35,2
DA:36,2
DA:37,2
DA:38,2
DA:39,2
DA:41,2
DA:45,0
LF:9
LH:8
BRDA:41,0,0,0
BRDA:41,0,1,2
BRF:2
BRH:1
end_of_record
TN:
SF:src/app/widgets/projects-grid/projects-grid.component.css
FNF:0
FNH:0
LF:0
LH:0
BRF:0
BRH:0
end_of_record
TN:
SF:src/app/widgets/projects-grid/projects-grid.component.ts
FN:16,constructor
FN:21,(anonymous_1)
FNF:2
FNH:2
FNDA:1,constructor
FNDA:1,(anonymous_1)
DA:16,1
DA:17,1
DA:18,1
DA:19,1
DA:21,1
DA:22,1
DA:23,1
DA:24,1
LF:8
LH:8
BRDA:24,0,0,0
BRDA:24,0,1,1
BRF:2
BRH:1
end_of_record
TN:
SF:src/app/widgets/skills-section/skills-section.component.css
FNF:0
FNH:0
LF:0
LH:0
BRF:0
BRH:0
end_of_record
TN:
SF:src/app/widgets/skills-section/skills-section.component.ts
FN:51,constructor
FN:55,(anonymous_1)
FNF:2
FNH:2
FNDA:2,constructor
FNDA:1,(anonymous_1)
DA:7,1
DA:51,1
DA:52,2
DA:53,2
DA:55,2
LF:5
LH:5
BRF:0
BRH:0
end_of_record
TN:
SF:src/app/widgets/star-ledger/star-ledger/star-ledger.component.css
FNF:0
FNH:0
LF:0
LH:0
BRF:0
BRH:0
end_of_record
TN:
SF:src/app/widgets/star-ledger/star-ledger/star-ledger.component.ts
FN:23,constructor
FN:28,(anonymous_1)
FN:30,(anonymous_2)
FN:33,toggleExpand
FN:34,(anonymous_4)
FN:37,categoryColor
FNF:6
FNH:3
FNDA:1,constructor
FNDA:1,(anonymous_1)
FNDA:0,(anonymous_2)
FNDA:0,toggleExpand
FNDA:0,(anonymous_4)
FNDA:6,categoryColor
DA:7,1
DA:23,1
DA:24,1
DA:25,1
DA:26,1
DA:28,1
DA:29,1
DA:30,1
DA:34,0
DA:38,6
DA:45,6
LF:11
LH:10
BRDA:30,0,0,1
BRDA:30,0,1,0
BRDA:34,1,0,0
BRDA:34,1,1,0
BRF:4
BRH:1
end_of_record
